2025-07-05 16:35:43,716 - instagram_scraper - INFO - main:378 - Instagram scraper initialized successfully
2025-07-05 16:35:43,716 - instagram_scraper - INFO - main:379 - Using proxy endpoint: nl.smartproxy.com:10000
2025-07-05 16:35:43,718 - instagram_scraper - INFO - main:383 - Starting Instagram scraping session
2025-07-05 16:35:43,718 - instagram_scraper - INFO - scrape_multiple_users:358 - Starting scrape for user: sanimax.nl
2025-07-05 16:35:43,718 - instagram_scraper - INFO - scrape_user_posts:255 - Starting to scrape user: sanimax.nl
2025-07-05 16:35:43,718 - instagram_scraper - DEBUG - send_request:107 - Sending request to: https://www.instagram.com/api/v1/users/web_profile_info/?username=sanimax.nl
2025-07-05 16:35:46,153 - instagram_scraper - DEBUG - send_request:128 - Response: 200 for https://www.instagram.com/api/v1/users/web_profile_info/?username=sanimax.nl
2025-07-05 16:35:46,153 - instagram_scraper - INFO - send_request:131 - Successfully fetched: https://www.instagram.com/api/v1/users/web_profile_info/?username=sanimax.nl
2025-07-05 16:35:46,155 - instagram_scraper - INFO - scrape_user_posts:267 - Successfully fetched profile for sanimax.nl
2025-07-05 16:35:46,155 - instagram_scraper - INFO - scrape_user_posts:268 - User has 12 posts
2025-07-05 16:35:46,155 - instagram_scraper - INFO - scrape_user_posts:279 - Processing post 1/12 for user sanimax.nl
2025-07-05 16:35:46,155 - instagram_scraper - INFO - download_media:155 - Downloading media: media/9198584778_3669325142174377619.mp4
2025-07-05 16:35:47,274 - instagram_scraper - INFO - download_media:174 - Response: 200 for https://scontent-ams4-1.cdninstagram.com/o1/v/t16/f2/m86/AQPrGdjVQGxmj44klDLpDvdeIm_kgLIJP_wZHFQcJdkKm7xYnADt8SsifWD_lF70hKfeZLcEIBNme1oHzUkADoWLK7evTbxZ5yPOqmw.mp4?stp=dst-mp4&efg=eyJxZV9ncm91cHMiOiJbXCJpZ193ZWJfZGVsaXZlcnlfdnRzX290ZlwiXSIsInZlbmNvZGVfdGFnIjoidnRzX3ZvZF91cmxnZW4uY2xpcHMuYzIuNzIwLmJhc2VsaW5lIn0&_nc_cat=103&vs=714651751734727_2577553240&_nc_vs=HBksFQIYUmlnX3hwdl9yZWVsc19wZXJtYW5lbnRfc3JfcHJvZC8yNjREODdGQkI4RUVBRUE2MDMyMkFFNDdGMTk4NTU5Ql92aWRlb19kYXNoaW5pdC5tcDQVAALIARIAFQIYOnBhc3N0aHJvdWdoX2V2ZXJzdG9yZS9HSFVGcXg2V08xNzlmWW9HQUNYaEFrZzZpMHBHYnFfRUFBQUYVAgLIARIAKAAYABsAFQAAJtCqvdOToN0%2FFQIoAkMzLBdASSQ5WBBiThgSZGFzaF9iYXNlbGluZV8xX3YxEQB1%2Fgdl5p0BAA%3D%3D&_nc_rid=a07b18814e&ccb=9-4&oh=00_AfRzDw4OR0Ri-DeIUqEBA-gFUBw_F4vT1L8WFXhaBcP1pw&oe=686B7424&_nc_sid=8b3546
2025-07-05 16:35:52,832 - instagram_scraper - INFO - download_media:184 - Downloaded media/9198584778_3669325142174377619.mp4 (5124273 bytes)
2025-07-05 16:35:52,833 - instagram_scraper - ERROR - download_media:203 - Error downloading media/9198584778_3669325142174377619.mp4: expected string or bytes-like object, got 'NoneType'
2025-07-05 16:35:52,833 - instagram_scraper - INFO - download_media:155 - Downloading media: media/9198584778_3669325142174377619.jpg
2025-07-05 16:35:53,618 - instagram_scraper - INFO - download_media:174 - Response: 200 for https://scontent-ams4-1.cdninstagram.com/v/t51.2885-15/514735583_30017715821206041_10094179874809268_n.jpg?stp=dst-jpg_e15_tt6&_nc_ht=scontent-ams4-1.cdninstagram.com&_nc_cat=109&_nc_oc=Q6cZ2QH7uguLesI8ddp0poZ32Y-OFc0MiIm-6bYECpPauSRsFacIimNKfkbLFMrtVE7EggTQvP6H8C5_IOMytmWk2AuJ&_nc_ohc=SNZpgwXDgrwQ7kNvwHyCcnV&_nc_gid=4hDpyIp4W_UlUs82qby3nw&edm=AOQ1c0wBAAAA&ccb=7-5&oh=00_AfTIRZmgwoZcxFHWiRFX0r2DW_JAiAD2mwPdUpJfzE5_9A&oe=686F50F5&_nc_sid=8b3546
2025-07-05 16:35:53,732 - instagram_scraper - INFO - download_media:184 - Downloaded media/9198584778_3669325142174377619.jpg (23597 bytes)
2025-07-05 16:35:53,732 - instagram_scraper - ERROR - download_media:203 - Error downloading media/9198584778_3669325142174377619.jpg: expected string or bytes-like object, got 'NoneType'
2025-07-05 16:35:53,734 - instagram_scraper - INFO - export_data:229 - Created new CSV file: data/instadata.csv
2025-07-05 16:35:53,735 - instagram_scraper - INFO - scrape_user_posts:337 - Successfully processed post 3669325142174377619
2025-07-05 16:35:53,735 - instagram_scraper - INFO - scrape_user_posts:279 - Processing post 2/12 for user sanimax.nl
2025-07-05 16:35:53,735 - instagram_scraper - INFO - download_media:155 - Downloading media: media/9198584778_3667875304576313027.jpg
2025-07-05 16:35:54,602 - instagram_scraper - INFO - download_media:174 - Response: 200 for https://scontent-ams2-1.cdninstagram.com/v/t39.30808-6/514524921_1335391805256680_8605104838142396921_n.jpg?stp=dst-jpg_e35_p1080x1080_sh0.08_tt6&_nc_ht=scontent-ams2-1.cdninstagram.com&_nc_cat=108&_nc_oc=Q6cZ2QH7uguLesI8ddp0poZ32Y-OFc0MiIm-6bYECpPauSRsFacIimNKfkbLFMrtVE7EggTQvP6H8C5_IOMytmWk2AuJ&_nc_ohc=WTi9u0J7cW4Q7kNvwHVXgFz&_nc_gid=4hDpyIp4W_UlUs82qby3nw&edm=AOQ1c0wAAAAA&ccb=7-5&oh=00_AfR3OmGLM6z7OLF2nKilY9kaigtw71BpE6ippocxlZS4Xg&oe=686F48EA&_nc_sid=8b3546
2025-07-05 16:35:54,854 - instagram_scraper - INFO - download_media:184 - Downloaded media/9198584778_3667875304576313027.jpg (57494 bytes)
2025-07-05 16:35:54,854 - instagram_scraper - ERROR - download_media:203 - Error downloading media/9198584778_3667875304576313027.jpg: expected string or bytes-like object, got 'NoneType'
2025-07-05 16:35:54,856 - instagram_scraper - DEBUG - export_data:232 - Appended data to: data/instadata.csv
2025-07-05 16:35:54,856 - instagram_scraper - INFO - scrape_user_posts:337 - Successfully processed post 3667875304576313027
2025-07-05 16:35:54,856 - instagram_scraper - INFO - scrape_user_posts:279 - Processing post 3/12 for user sanimax.nl
2025-07-05 16:35:54,856 - instagram_scraper - INFO - download_media:155 - Downloading media: media/9198584778_3666426138268322710.mp4
2025-07-05 16:35:55,967 - instagram_scraper - INFO - download_media:174 - Response: 200 for https://scontent-ams4-1.cdninstagram.com/o1/v/t16/f2/m86/AQPlHbPlLlbNT2PZXxRfcTxclWvfaDygL4hXzUuz5KtnPLtVk5xk48UanCMF98980euIGY6SGrmMyxQ_DkKTTgbTkNxeK_6Lhl5jRAk.mp4?stp=dst-mp4&efg=eyJxZV9ncm91cHMiOiJbXCJpZ193ZWJfZGVsaXZlcnlfdnRzX290ZlwiXSIsInZlbmNvZGVfdGFnIjoidnRzX3ZvZF91cmxnZW4uY2xpcHMuYzIuNzIwLmJhc2VsaW5lIn0&_nc_cat=101&vs=3300488730093150_1467709536&_nc_vs=HBksFQIYUmlnX3hwdl9yZWVsc19wZXJtYW5lbnRfc3JfcHJvZC9CQjQ0QjI0NTMwOTI3MTUxQjM3MEZEQ0FBNDcxNjVCQl92aWRlb19kYXNoaW5pdC5tcDQVAALIARIAFQIYOnBhc3N0aHJvdWdoX2V2ZXJzdG9yZS9HRlVDdEI1QV9US1hGOTlXQU40OTlnNlZDbzFmYnFfRUFBQUYVAgLIARIAKAAYABsAFQAAJrCFt6Xd%2FpNAFQIoAkMzLBdARI2yLQ5WBBgSZGFzaF9iYXNlbGluZV8xX3YxEQB1%2Fgdl5p0BAA%3D%3D&_nc_rid=a07b198037&ccb=9-4&oh=00_AfRaoS0OWvokJdV7gQIrnRkbkSz9icrk6_bdI9cYqcjEZg&oe=686B7302&_nc_sid=8b3546
