2025-07-05 16:34:35,745 - instagram_scraper - INFO - main:378 - Instagram scraper initialized successfully
2025-07-05 16:34:35,745 - instagram_scraper - INFO - main:379 - Using proxy endpoint: nl.smartproxy.com:10000
2025-07-05 16:34:35,747 - instagram_scraper - INFO - main:383 - Starting Instagram scraping session
2025-07-05 16:34:35,747 - instagram_scraper - INFO - scrape_multiple_users:358 - Starting scrape for user: sanimax.nl
2025-07-05 16:34:35,747 - instagram_scraper - INFO - scrape_user_posts:255 - Starting to scrape user: sanimax.nl
2025-07-05 16:34:35,747 - instagram_scraper - DEBUG - send_request:107 - Sending request to: https://www.instagram.com/api/v1/users/web_profile_info/?username=sanimax.nl
2025-07-05 16:34:38,897 - instagram_scraper - DEBUG - send_request:128 - Response: 200 for https://www.instagram.com/api/v1/users/web_profile_info/?username=sanimax.nl
2025-07-05 16:34:38,897 - instagram_scraper - INFO - send_request:131 - Successfully fetched: https://www.instagram.com/api/v1/users/web_profile_info/?username=sanimax.nl
2025-07-05 16:34:38,899 - instagram_scraper - INFO - scrape_user_posts:267 - Successfully fetched profile for sanimax.nl
2025-07-05 16:34:38,899 - instagram_scraper - INFO - scrape_user_posts:268 - User has 12 posts
2025-07-05 16:34:38,899 - instagram_scraper - INFO - scrape_user_posts:279 - Processing post 1/12 for user sanimax.nl
2025-07-05 16:34:38,899 - instagram_scraper - INFO - download_media:155 - Downloading media: media/9198584778_3669325142174377619.mp4
2025-07-05 16:34:39,870 - instagram_scraper - INFO - download_media:174 - Response: 200 for https://instagram.fgrq1-1.fna.fbcdn.net/o1/v/t16/f2/m86/AQPrGdjVQGxmj44klDLpDvdeIm_kgLIJP_wZHFQcJdkKm7xYnADt8SsifWD_lF70hKfeZLcEIBNme1oHzUkADoWLK7evTbxZ5yPOqmw.mp4?stp=dst-mp4&efg=eyJxZV9ncm91cHMiOiJbXCJpZ193ZWJfZGVsaXZlcnlfdnRzX290ZlwiXSIsInZlbmNvZGVfdGFnIjoidnRzX3ZvZF91cmxnZW4uY2xpcHMuYzIuNzIwLmJhc2VsaW5lIn0&_nc_cat=103&vs=714651751734727_2577553240&_nc_vs=HBksFQIYUmlnX3hwdl9yZWVsc19wZXJtYW5lbnRfc3JfcHJvZC8yNjREODdGQkI4RUVBRUE2MDMyMkFFNDdGMTk4NTU5Ql92aWRlb19kYXNoaW5pdC5tcDQVAALIARIAFQIYOnBhc3N0aHJvdWdoX2V2ZXJzdG9yZS9HSFVGcXg2V08xNzlmWW9HQUNYaEFrZzZpMHBHYnFfRUFBQUYVAgLIARIAKAAYABsAFQAAJtCqvdOToN0%2FFQIoAkMzLBdASSQ5WBBiThgSZGFzaF9iYXNlbGluZV8xX3YxEQB1%2Fgdl5p0BAA%3D%3D&_nc_rid=f40d8a9c11&ccb=9-4&oh=00_AfRzDw4OR0Ri-DeIUqEBA-gFUBw_F4vT1L8WFXhaBcP1pw&oe=686B7424&_nc_sid=8b3546
2025-07-05 16:34:45,765 - instagram_scraper - INFO - download_media:184 - Downloaded media/9198584778_3669325142174377619.mp4 (5124273 bytes)
2025-07-05 16:34:45,766 - instagram_scraper - ERROR - download_media:203 - Error downloading media/9198584778_3669325142174377619.mp4: expected string or bytes-like object, got 'NoneType'
2025-07-05 16:34:45,766 - instagram_scraper - INFO - download_media:155 - Downloading media: media/9198584778_3669325142174377619.jpg
2025-07-05 16:34:47,106 - instagram_scraper - INFO - download_media:174 - Response: 200 for https://instagram.fgrq1-2.fna.fbcdn.net/v/t51.2885-15/514735583_30017715821206041_10094179874809268_n.jpg?stp=dst-jpg_e15_tt6&_nc_ht=instagram.fgrq1-2.fna.fbcdn.net&_nc_cat=109&_nc_oc=Q6cZ2QGW4y2IKkBdY9WtCJjcCE6uQFU34UQmF7mGBIG6l5skefOzwDCC2SCFPKuoW7Aha5o&_nc_ohc=SNZpgwXDgrwQ7kNvwHxkaGD&_nc_gid=lz0wEDKigAQUcY3U3FwksQ&edm=AOQ1c0wBAAAA&ccb=7-5&oh=00_AfQ13FY0TluE850JmBZi4W7GzBHsNKKHCYeL1jOXnWMw1g&oe=686F50F5&_nc_sid=8b3546
2025-07-05 16:34:47,320 - instagram_scraper - INFO - download_media:184 - Downloaded media/9198584778_3669325142174377619.jpg (23597 bytes)
2025-07-05 16:34:47,320 - instagram_scraper - ERROR - download_media:203 - Error downloading media/9198584778_3669325142174377619.jpg: expected string or bytes-like object, got 'NoneType'
2025-07-05 16:34:47,322 - instagram_scraper - INFO - export_data:229 - Created new CSV file: data/instadata.csv
2025-07-05 16:34:47,322 - instagram_scraper - INFO - scrape_user_posts:337 - Successfully processed post 3669325142174377619
2025-07-05 16:34:47,322 - instagram_scraper - INFO - scrape_user_posts:279 - Processing post 2/12 for user sanimax.nl
2025-07-05 16:34:47,322 - instagram_scraper - INFO - download_media:155 - Downloading media: media/9198584778_3667875304576313027.jpg
