2025-05-26 00:38:39,154 - instagram_scraper - INFO - __init__:78 - Instagram scraper initialized successfully
2025-05-26 00:38:39,154 - instagram_scraper - INFO - __init__:79 - Using proxy endpoint: nl.smartproxy.com:10000
2025-05-26 00:38:39,154 - instagram_scraper - INFO - main:320 - Starting Instagram scraping session
2025-05-26 00:38:39,154 - instagram_scraper - INFO - scrape_multiple_users:304 - Starting scrape for user: sanimax.nl
2025-05-26 00:38:39,154 - instagram_scraper - INFO - scrape_user_posts:201 - Starting to scrape user: sanimax.nl
2025-05-26 00:38:39,154 - instagram_scraper - DEBUG - send_request:84 - Sending request to: https://www.instagram.com/api/v1/users/web_profile_info/?username=sanimax.nl
2025-05-26 00:38:44,263 - instagram_scraper - DEBUG - send_request:105 - Response: 200 for https://www.instagram.com/api/v1/users/web_profile_info/?username=sanimax.nl
2025-05-26 00:38:44,263 - instagram_scraper - INFO - send_request:108 - Successfully fetched: https://www.instagram.com/api/v1/users/web_profile_info/?username=sanimax.nl
2025-05-26 00:38:44,264 - instagram_scraper - INFO - scrape_user_posts:213 - Successfully fetched profile for sanimax.nl
2025-05-26 00:38:44,264 - instagram_scraper - INFO - scrape_user_posts:214 - User has 12 posts
2025-05-26 00:38:44,264 - instagram_scraper - INFO - scrape_user_posts:225 - Processing post 1/12 for user sanimax.nl
2025-05-26 00:38:44,264 - instagram_scraper - INFO - download_media:132 - Downloading media: media/9198584778_3640409148294343032.jpg
2025-05-26 00:38:44,264 - instagram_scraper - DEBUG - send_request:84 - Sending request to: https://scontent-ams2-1.cdninstagram.com/v/t39.30808-6/499543844_1298448435617684_6473105982830683882_n.jpg?stp=dst-jpg_e35_p1080x1080_sh0.08_tt6&_nc_ht=scontent-ams2-1.cdninstagram.com&_nc_cat=108&_nc_oc=Q6cZ2QH30d1KL7Y9oEbl8jIvvw-7aaaI4EwcC6d_-hudt-DHWcHPhykAsj362-7vGGa_mQU&_nc_ohc=lxxZfNEwYUEQ7kNvwF1Snvl&_nc_gid=1sYp-U86umc22RCjObkq_A&edm=AOQ1c0wAAAAA&ccb=7-5&oh=00_AfKDGXDWdXhWqzbA0M7lNG6omauE6HdcR6AkqJVVPGJAjA&oe=6839B379&_nc_sid=8b3546
2025-05-26 00:38:45,467 - instagram_scraper - DEBUG - send_request:105 - Response: 200 for https://scontent-ams2-1.cdninstagram.com/v/t39.30808-6/499543844_1298448435617684_6473105982830683882_n.jpg?stp=dst-jpg_e35_p1080x1080_sh0.08_tt6&_nc_ht=scontent-ams2-1.cdninstagram.com&_nc_cat=108&_nc_oc=Q6cZ2QH30d1KL7Y9oEbl8jIvvw-7aaaI4EwcC6d_-hudt-DHWcHPhykAsj362-7vGGa_mQU&_nc_ohc=lxxZfNEwYUEQ7kNvwF1Snvl&_nc_gid=1sYp-U86umc22RCjObkq_A&edm=AOQ1c0wAAAAA&ccb=7-5&oh=00_AfKDGXDWdXhWqzbA0M7lNG6omauE6HdcR6AkqJVVPGJAjA&oe=6839B379&_nc_sid=8b3546
2025-05-26 00:38:45,467 - instagram_scraper - INFO - send_request:108 - Successfully fetched: https://scontent-ams2-1.cdninstagram.com/v/t39.30808-6/499543844_1298448435617684_6473105982830683882_n.jpg?stp=dst-jpg_e35_p1080x1080_sh0.08_tt6&_nc_ht=scontent-ams2-1.cdninstagram.com&_nc_cat=108&_nc_oc=Q6cZ2QH30d1KL7Y9oEbl8jIvvw-7aaaI4EwcC6d_-hudt-DHWcHPhykAsj362-7vGGa_mQU&_nc_ohc=lxxZfNEwYUEQ7kNvwF1Snvl&_nc_gid=1sYp-U86umc22RCjObkq_A&edm=AOQ1c0wAAAAA&ccb=7-5&oh=00_AfKDGXDWdXhWqzbA0M7lNG6omauE6HdcR6AkqJVVPGJAjA&oe=6839B379&_nc_sid=8b3546
2025-05-26 00:38:45,838 - instagram_scraper - INFO - download_media:145 - Successfully downloaded media/9198584778_3640409148294343032.jpg (157926 bytes)
2025-05-26 00:38:45,838 - instagram_scraper - INFO - scrape_user_posts:244 - Downloaded image: media/9198584778_3640409148294343032.jpg
2025-05-26 00:38:45,850 - instagram_scraper - INFO - export_data:176 - Created new CSV file: data/instadata.csv
2025-05-26 00:38:45,850 - instagram_scraper - INFO - scrape_user_posts:283 - Successfully processed post 3640409148294343032
2025-05-26 00:38:45,850 - instagram_scraper - INFO - scrape_user_posts:225 - Processing post 2/12 for user sanimax.nl
2025-05-26 00:38:45,850 - instagram_scraper - INFO - download_media:132 - Downloading media: media/9198584778_3638211811299767991.mp4
2025-05-26 00:38:45,850 - instagram_scraper - DEBUG - send_request:84 - Sending request to: https://scontent-ams4-1.cdninstagram.com/o1/v/t16/f2/m86/AQN1SqKgudro4cS0NqU_FsCiJd75UR9RXKtP0Mvv4nJBtwWnKYaTDsc9MjBnMVxxRQieAD9UjrRVMRrTh5ynWM4tUbiQAcp9ZsRBL2I.mp4?stp=dst-mp4&efg=eyJxZV9ncm91cHMiOiJbXCJpZ193ZWJfZGVsaXZlcnlfdnRzX290ZlwiXSIsInZlbmNvZGVfdGFnIjoidnRzX3ZvZF91cmxnZW4uY2xpcHMuYzIuNzIwLmJhc2VsaW5lIn0&_nc_cat=109&vs=3019272894899152_3609462989&_nc_vs=HBksFQIYUmlnX3hwdl9yZWVsc19wZXJtYW5lbnRfc3JfcHJvZC9BNjQ5MThDMzY3NTQ0OEI2MjQ3MUUzMDM0MTlCNEM4RV92aWRlb19kYXNoaW5pdC5tcDQVAALIARIAFQIYOnBhc3N0aHJvdWdoX2V2ZXJzdG9yZS9HR1JSdngzV1RGWUpab29IQUlOcU4zMFMxekl6YnFfRUFBQUYVAgLIARIAKAAYABsAFQAAJv7tta%2FviLY%2FFQIoAkMzLBdAQMQ5WBBiThgSZGFzaF9iYXNlbGluZV8xX3YxEQB1%2Fgdl5p0BAA%3D%3D&_nc_rid=c9f7f24868&ccb=9-4&oh=00_AfJLzAgC0Ev18nR5XzpGMvzyAj_8VhVeYufGFothtbZrXQ&oe=6835DE78&_nc_sid=8b3546
2025-05-26 00:38:48,252 - instagram_scraper - DEBUG - send_request:105 - Response: 200 for https://scontent-ams4-1.cdninstagram.com/o1/v/t16/f2/m86/AQN1SqKgudro4cS0NqU_FsCiJd75UR9RXKtP0Mvv4nJBtwWnKYaTDsc9MjBnMVxxRQieAD9UjrRVMRrTh5ynWM4tUbiQAcp9ZsRBL2I.mp4?stp=dst-mp4&efg=eyJxZV9ncm91cHMiOiJbXCJpZ193ZWJfZGVsaXZlcnlfdnRzX290ZlwiXSIsInZlbmNvZGVfdGFnIjoidnRzX3ZvZF91cmxnZW4uY2xpcHMuYzIuNzIwLmJhc2VsaW5lIn0&_nc_cat=109&vs=3019272894899152_3609462989&_nc_vs=HBksFQIYUmlnX3hwdl9yZWVsc19wZXJtYW5lbnRfc3JfcHJvZC9BNjQ5MThDMzY3NTQ0OEI2MjQ3MUUzMDM0MTlCNEM4RV92aWRlb19kYXNoaW5pdC5tcDQVAALIARIAFQIYOnBhc3N0aHJvdWdoX2V2ZXJzdG9yZS9HR1JSdngzV1RGWUpab29IQUlOcU4zMFMxekl6YnFfRUFBQUYVAgLIARIAKAAYABsAFQAAJv7tta%2FviLY%2FFQIoAkMzLBdAQMQ5WBBiThgSZGFzaF9iYXNlbGluZV8xX3YxEQB1%2Fgdl5p0BAA%3D%3D&_nc_rid=c9f7f24868&ccb=9-4&oh=00_AfJLzAgC0Ev18nR5XzpGMvzyAj_8VhVeYufGFothtbZrXQ&oe=6835DE78&_nc_sid=8b3546
2025-05-26 00:38:48,252 - instagram_scraper - INFO - send_request:108 - Successfully fetched: https://scontent-ams4-1.cdninstagram.com/o1/v/t16/f2/m86/AQN1SqKgudro4cS0NqU_FsCiJd75UR9RXKtP0Mvv4nJBtwWnKYaTDsc9MjBnMVxxRQieAD9UjrRVMRrTh5ynWM4tUbiQAcp9ZsRBL2I.mp4?stp=dst-mp4&efg=eyJxZV9ncm91cHMiOiJbXCJpZ193ZWJfZGVsaXZlcnlfdnRzX290ZlwiXSIsInZlbmNvZGVfdGFnIjoidnRzX3ZvZF91cmxnZW4uY2xpcHMuYzIuNzIwLmJhc2VsaW5lIn0&_nc_cat=109&vs=3019272894899152_3609462989&_nc_vs=HBksFQIYUmlnX3hwdl9yZWVsc19wZXJtYW5lbnRfc3JfcHJvZC9BNjQ5MThDMzY3NTQ0OEI2MjQ3MUUzMDM0MTlCNEM4RV92aWRlb19kYXNoaW5pdC5tcDQVAALIARIAFQIYOnBhc3N0aHJvdWdoX2V2ZXJzdG9yZS9HR1JSdngzV1RGWUpab29IQUlOcU4zMFMxekl6YnFfRUFBQUYVAgLIARIAKAAYABsAFQAAJv7tta%2FviLY%2FFQIoAkMzLBdAQMQ5WBBiThgSZGFzaF9iYXNlbGluZV8xX3YxEQB1%2Fgdl5p0BAA%3D%3D&_nc_rid=c9f7f24868&ccb=9-4&oh=00_AfJLzAgC0Ev18nR5XzpGMvzyAj_8VhVeYufGFothtbZrXQ&oe=6835DE78&_nc_sid=8b3546
2025-05-26 00:38:49,477 - instagram_scraper - INFO - download_media:145 - Successfully downloaded media/9198584778_3638211811299767991.mp4 (4395117 bytes)
2025-05-26 00:38:49,478 - instagram_scraper - INFO - scrape_user_posts:237 - Downloaded video: media/9198584778_3638211811299767991.mp4
2025-05-26 00:38:49,478 - instagram_scraper - INFO - download_media:132 - Downloading media: media/9198584778_3638211811299767991.jpg
2025-05-26 00:38:49,478 - instagram_scraper - DEBUG - send_request:84 - Sending request to: https://scontent-ams4-1.cdninstagram.com/v/t51.2885-15/499993515_18248832907304779_48868825320232668_n.jpg?stp=dst-jpg_e35_p1080x1080_sh0.08_tt6&_nc_ht=scontent-ams4-1.cdninstagram.com&_nc_cat=107&_nc_oc=Q6cZ2QH30d1KL7Y9oEbl8jIvvw-7aaaI4EwcC6d_-hudt-DHWcHPhykAsj362-7vGGa_mQU&_nc_ohc=xExGKCXobnUQ7kNvwH7MQz4&_nc_gid=1sYp-U86umc22RCjObkq_A&edm=AOQ1c0wBAAAA&ccb=7-5&oh=00_AfI7jOtBVFLPgRp1tP_MpX6h6yU8HYk2KkyvtCV_Wtj3GA&oe=6839D069&_nc_sid=8b3546
2025-05-26 00:38:52,094 - instagram_scraper - DEBUG - send_request:105 - Response: 200 for https://scontent-ams4-1.cdninstagram.com/v/t51.2885-15/499993515_18248832907304779_48868825320232668_n.jpg?stp=dst-jpg_e35_p1080x1080_sh0.08_tt6&_nc_ht=scontent-ams4-1.cdninstagram.com&_nc_cat=107&_nc_oc=Q6cZ2QH30d1KL7Y9oEbl8jIvvw-7aaaI4EwcC6d_-hudt-DHWcHPhykAsj362-7vGGa_mQU&_nc_ohc=xExGKCXobnUQ7kNvwH7MQz4&_nc_gid=1sYp-U86umc22RCjObkq_A&edm=AOQ1c0wBAAAA&ccb=7-5&oh=00_AfI7jOtBVFLPgRp1tP_MpX6h6yU8HYk2KkyvtCV_Wtj3GA&oe=6839D069&_nc_sid=8b3546
2025-05-26 00:38:52,094 - instagram_scraper - INFO - send_request:108 - Successfully fetched: https://scontent-ams4-1.cdninstagram.com/v/t51.2885-15/499993515_18248832907304779_48868825320232668_n.jpg?stp=dst-jpg_e35_p1080x1080_sh0.08_tt6&_nc_ht=scontent-ams4-1.cdninstagram.com&_nc_cat=107&_nc_oc=Q6cZ2QH30d1KL7Y9oEbl8jIvvw-7aaaI4EwcC6d_-hudt-DHWcHPhykAsj362-7vGGa_mQU&_nc_ohc=xExGKCXobnUQ7kNvwH7MQz4&_nc_gid=1sYp-U86umc22RCjObkq_A&edm=AOQ1c0wBAAAA&ccb=7-5&oh=00_AfI7jOtBVFLPgRp1tP_MpX6h6yU8HYk2KkyvtCV_Wtj3GA&oe=6839D069&_nc_sid=8b3546
2025-05-26 00:38:52,526 - instagram_scraper - INFO - download_media:145 - Successfully downloaded media/9198584778_3638211811299767991.jpg (209918 bytes)
2025-05-26 00:38:52,527 - instagram_scraper - INFO - scrape_user_posts:244 - Downloaded image: media/9198584778_3638211811299767991.jpg
2025-05-26 00:38:52,528 - instagram_scraper - DEBUG - export_data:179 - Appended data to: data/instadata.csv
2025-05-26 00:38:52,528 - instagram_scraper - INFO - scrape_user_posts:283 - Successfully processed post 3638211811299767991
2025-05-26 00:38:52,528 - instagram_scraper - INFO - scrape_user_posts:225 - Processing post 3/12 for user sanimax.nl
2025-05-26 00:38:52,528 - instagram_scraper - INFO - download_media:132 - Downloading media: media/9198584778_3636023362176378230.jpg
2025-05-26 00:38:52,528 - instagram_scraper - DEBUG - send_request:84 - Sending request to: https://scontent-ams4-1.cdninstagram.com/v/t39.30808-6/499666602_1297611879034673_3486255548253876135_n.jpg?stp=dst-jpg_e35_p1080x1080_sh0.08_tt6&_nc_ht=scontent-ams4-1.cdninstagram.com&_nc_cat=105&_nc_oc=Q6cZ2QH30d1KL7Y9oEbl8jIvvw-7aaaI4EwcC6d_-hudt-DHWcHPhykAsj362-7vGGa_mQU&_nc_ohc=K1aB4zIldIEQ7kNvwGPHuvL&_nc_gid=1sYp-U86umc22RCjObkq_A&edm=AOQ1c0wAAAAA&ccb=7-5&oh=00_AfIKgIQGLt0BU_k0Y73Xco1zgSd8jw8CD1KNqNxNHL_gdQ&oe=6839D015&_nc_sid=8b3546
2025-05-26 00:38:54,222 - instagram_scraper - DEBUG - send_request:105 - Response: 200 for https://scontent-ams4-1.cdninstagram.com/v/t39.30808-6/499666602_1297611879034673_3486255548253876135_n.jpg?stp=dst-jpg_e35_p1080x1080_sh0.08_tt6&_nc_ht=scontent-ams4-1.cdninstagram.com&_nc_cat=105&_nc_oc=Q6cZ2QH30d1KL7Y9oEbl8jIvvw-7aaaI4EwcC6d_-hudt-DHWcHPhykAsj362-7vGGa_mQU&_nc_ohc=K1aB4zIldIEQ7kNvwGPHuvL&_nc_gid=1sYp-U86umc22RCjObkq_A&edm=AOQ1c0wAAAAA&ccb=7-5&oh=00_AfIKgIQGLt0BU_k0Y73Xco1zgSd8jw8CD1KNqNxNHL_gdQ&oe=6839D015&_nc_sid=8b3546
2025-05-26 00:38:54,222 - instagram_scraper - INFO - send_request:108 - Successfully fetched: https://scontent-ams4-1.cdninstagram.com/v/t39.30808-6/499666602_1297611879034673_3486255548253876135_n.jpg?stp=dst-jpg_e35_p1080x1080_sh0.08_tt6&_nc_ht=scontent-ams4-1.cdninstagram.com&_nc_cat=105&_nc_oc=Q6cZ2QH30d1KL7Y9oEbl8jIvvw-7aaaI4EwcC6d_-hudt-DHWcHPhykAsj362-7vGGa_mQU&_nc_ohc=K1aB4zIldIEQ7kNvwGPHuvL&_nc_gid=1sYp-U86umc22RCjObkq_A&edm=AOQ1c0wAAAAA&ccb=7-5&oh=00_AfIKgIQGLt0BU_k0Y73Xco1zgSd8jw8CD1KNqNxNHL_gdQ&oe=6839D015&_nc_sid=8b3546
2025-05-26 00:38:54,575 - instagram_scraper - INFO - download_media:145 - Successfully downloaded media/9198584778_3636023362176378230.jpg (117726 bytes)
2025-05-26 00:38:54,576 - instagram_scraper - INFO - scrape_user_posts:244 - Downloaded image: media/9198584778_3636023362176378230.jpg
2025-05-26 00:38:54,577 - instagram_scraper - DEBUG - export_data:179 - Appended data to: data/instadata.csv
2025-05-26 00:38:54,577 - instagram_scraper - INFO - scrape_user_posts:283 - Successfully processed post 3636023362176378230
2025-05-26 00:38:54,577 - instagram_scraper - INFO - scrape_user_posts:225 - Processing post 4/12 for user sanimax.nl
2025-05-26 00:38:54,577 - instagram_scraper - INFO - download_media:132 - Downloading media: media/9198584778_3634566075782314296.jpg
2025-05-26 00:38:54,577 - instagram_scraper - DEBUG - send_request:84 - Sending request to: https://scontent-ams2-1.cdninstagram.com/v/t39.30808-6/498305576_1295715379224323_6910552900011939144_n.jpg?stp=dst-jpg_e35_p1080x1080_sh0.08_tt6&_nc_ht=scontent-ams2-1.cdninstagram.com&_nc_cat=111&_nc_oc=Q6cZ2QH30d1KL7Y9oEbl8jIvvw-7aaaI4EwcC6d_-hudt-DHWcHPhykAsj362-7vGGa_mQU&_nc_ohc=GKOh2lGlK4cQ7kNvwHKEzSA&_nc_gid=1sYp-U86umc22RCjObkq_A&edm=AOQ1c0wAAAAA&ccb=7-5&oh=00_AfIpCgjsM-6jQeb2Lz2MSQlwhgXEHacqzwtMfnX_wWCwQA&oe=6839CEF3&_nc_sid=8b3546
2025-05-26 00:38:55,293 - instagram_scraper - DEBUG - send_request:105 - Response: 200 for https://scontent-ams2-1.cdninstagram.com/v/t39.30808-6/498305576_1295715379224323_6910552900011939144_n.jpg?stp=dst-jpg_e35_p1080x1080_sh0.08_tt6&_nc_ht=scontent-ams2-1.cdninstagram.com&_nc_cat=111&_nc_oc=Q6cZ2QH30d1KL7Y9oEbl8jIvvw-7aaaI4EwcC6d_-hudt-DHWcHPhykAsj362-7vGGa_mQU&_nc_ohc=GKOh2lGlK4cQ7kNvwHKEzSA&_nc_gid=1sYp-U86umc22RCjObkq_A&edm=AOQ1c0wAAAAA&ccb=7-5&oh=00_AfIpCgjsM-6jQeb2Lz2MSQlwhgXEHacqzwtMfnX_wWCwQA&oe=6839CEF3&_nc_sid=8b3546
2025-05-26 00:38:55,293 - instagram_scraper - INFO - send_request:108 - Successfully fetched: https://scontent-ams2-1.cdninstagram.com/v/t39.30808-6/498305576_1295715379224323_6910552900011939144_n.jpg?stp=dst-jpg_e35_p1080x1080_sh0.08_tt6&_nc_ht=scontent-ams2-1.cdninstagram.com&_nc_cat=111&_nc_oc=Q6cZ2QH30d1KL7Y9oEbl8jIvvw-7aaaI4EwcC6d_-hudt-DHWcHPhykAsj362-7vGGa_mQU&_nc_ohc=GKOh2lGlK4cQ7kNvwHKEzSA&_nc_gid=1sYp-U86umc22RCjObkq_A&edm=AOQ1c0wAAAAA&ccb=7-5&oh=00_AfIpCgjsM-6jQeb2Lz2MSQlwhgXEHacqzwtMfnX_wWCwQA&oe=6839CEF3&_nc_sid=8b3546
2025-05-26 00:38:55,626 - instagram_scraper - INFO - download_media:145 - Successfully downloaded media/9198584778_3634566075782314296.jpg (113922 bytes)
2025-05-26 00:38:55,627 - instagram_scraper - INFO - scrape_user_posts:244 - Downloaded image: media/9198584778_3634566075782314296.jpg
2025-05-26 00:38:55,628 - instagram_scraper - DEBUG - export_data:179 - Appended data to: data/instadata.csv
2025-05-26 00:38:55,628 - instagram_scraper - INFO - scrape_user_posts:283 - Successfully processed post 3634566075782314296
2025-05-26 00:38:55,628 - instagram_scraper - INFO - scrape_user_posts:225 - Processing post 5/12 for user sanimax.nl
2025-05-26 00:38:55,628 - instagram_scraper - INFO - download_media:132 - Downloading media: media/9198584778_3633116445929941065.jpg
2025-05-26 00:38:55,628 - instagram_scraper - DEBUG - send_request:84 - Sending request to: https://scontent-ams4-1.cdninstagram.com/v/t39.30808-6/497463763_1294237109372150_1116892150698817605_n.jpg?stp=dst-jpg_e35_p1080x1080_sh0.08_tt6&_nc_ht=scontent-ams4-1.cdninstagram.com&_nc_cat=102&_nc_oc=Q6cZ2QH30d1KL7Y9oEbl8jIvvw-7aaaI4EwcC6d_-hudt-DHWcHPhykAsj362-7vGGa_mQU&_nc_ohc=CcjXLhCDoX0Q7kNvwGBENiB&_nc_gid=1sYp-U86umc22RCjObkq_A&edm=AOQ1c0wAAAAA&ccb=7-5&oh=00_AfIJEmTASKH3k_Gsf0qBnkAG_WBbH2M4nMxaajY9WN_qFQ&oe=6839B40E&_nc_sid=8b3546
2025-05-26 00:38:58,797 - instagram_scraper - DEBUG - send_request:105 - Response: 200 for https://scontent-ams4-1.cdninstagram.com/v/t39.30808-6/497463763_1294237109372150_1116892150698817605_n.jpg?stp=dst-jpg_e35_p1080x1080_sh0.08_tt6&_nc_ht=scontent-ams4-1.cdninstagram.com&_nc_cat=102&_nc_oc=Q6cZ2QH30d1KL7Y9oEbl8jIvvw-7aaaI4EwcC6d_-hudt-DHWcHPhykAsj362-7vGGa_mQU&_nc_ohc=CcjXLhCDoX0Q7kNvwGBENiB&_nc_gid=1sYp-U86umc22RCjObkq_A&edm=AOQ1c0wAAAAA&ccb=7-5&oh=00_AfIJEmTASKH3k_Gsf0qBnkAG_WBbH2M4nMxaajY9WN_qFQ&oe=6839B40E&_nc_sid=8b3546
2025-05-26 00:38:58,797 - instagram_scraper - INFO - send_request:108 - Successfully fetched: https://scontent-ams4-1.cdninstagram.com/v/t39.30808-6/497463763_1294237109372150_1116892150698817605_n.jpg?stp=dst-jpg_e35_p1080x1080_sh0.08_tt6&_nc_ht=scontent-ams4-1.cdninstagram.com&_nc_cat=102&_nc_oc=Q6cZ2QH30d1KL7Y9oEbl8jIvvw-7aaaI4EwcC6d_-hudt-DHWcHPhykAsj362-7vGGa_mQU&_nc_ohc=CcjXLhCDoX0Q7kNvwGBENiB&_nc_gid=1sYp-U86umc22RCjObkq_A&edm=AOQ1c0wAAAAA&ccb=7-5&oh=00_AfIJEmTASKH3k_Gsf0qBnkAG_WBbH2M4nMxaajY9WN_qFQ&oe=6839B40E&_nc_sid=8b3546
2025-05-26 00:38:59,195 - instagram_scraper - INFO - download_media:145 - Successfully downloaded media/9198584778_3633116445929941065.jpg (137899 bytes)
2025-05-26 00:38:59,195 - instagram_scraper - INFO - scrape_user_posts:244 - Downloaded image: media/9198584778_3633116445929941065.jpg
2025-05-26 00:38:59,198 - instagram_scraper - DEBUG - export_data:179 - Appended data to: data/instadata.csv
2025-05-26 00:38:59,199 - instagram_scraper - INFO - scrape_user_posts:283 - Successfully processed post 3633116445929941065
2025-05-26 00:38:59,199 - instagram_scraper - INFO - scrape_user_posts:225 - Processing post 6/12 for user sanimax.nl
2025-05-26 00:38:59,199 - instagram_scraper - INFO - download_media:132 - Downloading media: media/9198584778_3631722635505286549.jpg
2025-05-26 00:38:59,199 - instagram_scraper - DEBUG - send_request:84 - Sending request to: https://scontent-ams4-1.cdninstagram.com/v/t39.30808-6/496805087_1292689642860230_2231687417454586093_n.jpg?stp=dst-jpg_e35_p1080x1080_sh0.08_tt6&_nc_ht=scontent-ams4-1.cdninstagram.com&_nc_cat=102&_nc_oc=Q6cZ2QH30d1KL7Y9oEbl8jIvvw-7aaaI4EwcC6d_-hudt-DHWcHPhykAsj362-7vGGa_mQU&_nc_ohc=8JbLG__l-5UQ7kNvwEhW_sN&_nc_gid=1sYp-U86umc22RCjObkq_A&edm=AOQ1c0wAAAAA&ccb=7-5&oh=00_AfJcUjutolotQ-Qrl4_sj2yKMkDPH1TyLwz6VJmnMVCJbw&oe=6839ABDB&_nc_sid=8b3546
2025-05-26 00:39:02,008 - instagram_scraper - DEBUG - send_request:105 - Response: 200 for https://scontent-ams4-1.cdninstagram.com/v/t39.30808-6/496805087_1292689642860230_2231687417454586093_n.jpg?stp=dst-jpg_e35_p1080x1080_sh0.08_tt6&_nc_ht=scontent-ams4-1.cdninstagram.com&_nc_cat=102&_nc_oc=Q6cZ2QH30d1KL7Y9oEbl8jIvvw-7aaaI4EwcC6d_-hudt-DHWcHPhykAsj362-7vGGa_mQU&_nc_ohc=8JbLG__l-5UQ7kNvwEhW_sN&_nc_gid=1sYp-U86umc22RCjObkq_A&edm=AOQ1c0wAAAAA&ccb=7-5&oh=00_AfJcUjutolotQ-Qrl4_sj2yKMkDPH1TyLwz6VJmnMVCJbw&oe=6839ABDB&_nc_sid=8b3546
2025-05-26 00:39:02,008 - instagram_scraper - INFO - send_request:108 - Successfully fetched: https://scontent-ams4-1.cdninstagram.com/v/t39.30808-6/496805087_1292689642860230_2231687417454586093_n.jpg?stp=dst-jpg_e35_p1080x1080_sh0.08_tt6&_nc_ht=scontent-ams4-1.cdninstagram.com&_nc_cat=102&_nc_oc=Q6cZ2QH30d1KL7Y9oEbl8jIvvw-7aaaI4EwcC6d_-hudt-DHWcHPhykAsj362-7vGGa_mQU&_nc_ohc=8JbLG__l-5UQ7kNvwEhW_sN&_nc_gid=1sYp-U86umc22RCjObkq_A&edm=AOQ1c0wAAAAA&ccb=7-5&oh=00_AfJcUjutolotQ-Qrl4_sj2yKMkDPH1TyLwz6VJmnMVCJbw&oe=6839ABDB&_nc_sid=8b3546
2025-05-26 00:39:02,350 - instagram_scraper - INFO - download_media:145 - Successfully downloaded media/9198584778_3631722635505286549.jpg (132386 bytes)
2025-05-26 00:39:02,351 - instagram_scraper - INFO - scrape_user_posts:244 - Downloaded image: media/9198584778_3631722635505286549.jpg
2025-05-26 00:39:02,352 - instagram_scraper - DEBUG - export_data:179 - Appended data to: data/instadata.csv
2025-05-26 00:39:02,352 - instagram_scraper - INFO - scrape_user_posts:283 - Successfully processed post 3631722635505286549
2025-05-26 00:39:02,352 - instagram_scraper - INFO - scrape_user_posts:225 - Processing post 7/12 for user sanimax.nl
2025-05-26 00:39:02,352 - instagram_scraper - INFO - download_media:132 - Downloading media: media/9198584778_3628780091075088552.mp4
2025-05-26 00:39:02,352 - instagram_scraper - DEBUG - send_request:84 - Sending request to: https://scontent-ams4-1.cdninstagram.com/o1/v/t16/f2/m86/AQM6LA9rpGd7AloJjB0jbq9TeHcBUaUmkERRHoeer0UyEsUYuztRz3mur1ksKv38S2PMC0i1eO-lJ9GsIxfFUySFKTa6Y8Y5e86-d7s.mp4?stp=dst-mp4&efg=eyJxZV9ncm91cHMiOiJbXCJpZ193ZWJfZGVsaXZlcnlfdnRzX290ZlwiXSIsInZlbmNvZGVfdGFnIjoidnRzX3ZvZF91cmxnZW4uY2xpcHMuYzIuNzIwLmJhc2VsaW5lIn0&_nc_cat=107&vs=659900403513692_76166196&_nc_vs=HBksFQIYUmlnX3hwdl9yZWVsc19wZXJtYW5lbnRfc3JfcHJvZC9CNDQzMTA5MDgwNTk0RkE0M0RBQkQzM0RBRjU1NkJCQV92aWRlb19kYXNoaW5pdC5tcDQVAALIARIAFQIYOnBhc3N0aHJvdWdoX2V2ZXJzdG9yZS9HRjR3U0IyTVZJcGtRa0VEQUozb0Q5V2ljVEZtYnFfRUFBQUYVAgLIARIAKAAYABsAFQAAJuCI5tXEtoVAFQIoAkMzLBdAMlFocrAgxRgSZGFzaF9iYXNlbGluZV8xX3YxEQB1%2Fgdl5p0BAA%3D%3D&_nc_rid=c9f7f22628&ccb=9-4&oh=00_AfIAh5nG711m55rF-B4Le7ixP1BadOCJn5jc_bcyZilndQ&oe=6835C35C&_nc_sid=8b3546
2025-05-26 00:39:04,175 - instagram_scraper - DEBUG - send_request:105 - Response: 200 for https://scontent-ams4-1.cdninstagram.com/o1/v/t16/f2/m86/AQM6LA9rpGd7AloJjB0jbq9TeHcBUaUmkERRHoeer0UyEsUYuztRz3mur1ksKv38S2PMC0i1eO-lJ9GsIxfFUySFKTa6Y8Y5e86-d7s.mp4?stp=dst-mp4&efg=eyJxZV9ncm91cHMiOiJbXCJpZ193ZWJfZGVsaXZlcnlfdnRzX290ZlwiXSIsInZlbmNvZGVfdGFnIjoidnRzX3ZvZF91cmxnZW4uY2xpcHMuYzIuNzIwLmJhc2VsaW5lIn0&_nc_cat=107&vs=659900403513692_76166196&_nc_vs=HBksFQIYUmlnX3hwdl9yZWVsc19wZXJtYW5lbnRfc3JfcHJvZC9CNDQzMTA5MDgwNTk0RkE0M0RBQkQzM0RBRjU1NkJCQV92aWRlb19kYXNoaW5pdC5tcDQVAALIARIAFQIYOnBhc3N0aHJvdWdoX2V2ZXJzdG9yZS9HRjR3U0IyTVZJcGtRa0VEQUozb0Q5V2ljVEZtYnFfRUFBQUYVAgLIARIAKAAYABsAFQAAJuCI5tXEtoVAFQIoAkMzLBdAMlFocrAgxRgSZGFzaF9iYXNlbGluZV8xX3YxEQB1%2Fgdl5p0BAA%3D%3D&_nc_rid=c9f7f22628&ccb=9-4&oh=00_AfIAh5nG711m55rF-B4Le7ixP1BadOCJn5jc_bcyZilndQ&oe=6835C35C&_nc_sid=8b3546
2025-05-26 00:39:04,176 - instagram_scraper - INFO - send_request:108 - Successfully fetched: https://scontent-ams4-1.cdninstagram.com/o1/v/t16/f2/m86/AQM6LA9rpGd7AloJjB0jbq9TeHcBUaUmkERRHoeer0UyEsUYuztRz3mur1ksKv38S2PMC0i1eO-lJ9GsIxfFUySFKTa6Y8Y5e86-d7s.mp4?stp=dst-mp4&efg=eyJxZV9ncm91cHMiOiJbXCJpZ193ZWJfZGVsaXZlcnlfdnRzX290ZlwiXSIsInZlbmNvZGVfdGFnIjoidnRzX3ZvZF91cmxnZW4uY2xpcHMuYzIuNzIwLmJhc2VsaW5lIn0&_nc_cat=107&vs=659900403513692_76166196&_nc_vs=HBksFQIYUmlnX3hwdl9yZWVsc19wZXJtYW5lbnRfc3JfcHJvZC9CNDQzMTA5MDgwNTk0RkE0M0RBQkQzM0RBRjU1NkJCQV92aWRlb19kYXNoaW5pdC5tcDQVAALIARIAFQIYOnBhc3N0aHJvdWdoX2V2ZXJzdG9yZS9HRjR3U0IyTVZJcGtRa0VEQUozb0Q5V2ljVEZtYnFfRUFBQUYVAgLIARIAKAAYABsAFQAAJuCI5tXEtoVAFQIoAkMzLBdAMlFocrAgxRgSZGFzaF9iYXNlbGluZV8xX3YxEQB1%2Fgdl5p0BAA%3D%3D&_nc_rid=c9f7f22628&ccb=9-4&oh=00_AfIAh5nG711m55rF-B4Le7ixP1BadOCJn5jc_bcyZilndQ&oe=6835C35C&_nc_sid=8b3546
2025-05-26 00:39:04,909 - instagram_scraper - INFO - download_media:145 - Successfully downloaded media/9198584778_3628780091075088552.mp4 (1532452 bytes)
2025-05-26 00:39:04,910 - instagram_scraper - INFO - scrape_user_posts:237 - Downloaded video: media/9198584778_3628780091075088552.mp4
2025-05-26 00:39:04,910 - instagram_scraper - INFO - download_media:132 - Downloading media: media/9198584778_3628780091075088552.jpg
2025-05-26 00:39:04,910 - instagram_scraper - DEBUG - send_request:84 - Sending request to: https://scontent-ams4-1.cdninstagram.com/v/t51.2885-15/496934323_1391989998785549_7386559426403457505_n.jpg?stp=dst-jpg_e15_tt6&_nc_ht=scontent-ams4-1.cdninstagram.com&_nc_cat=105&_nc_oc=Q6cZ2QH30d1KL7Y9oEbl8jIvvw-7aaaI4EwcC6d_-hudt-DHWcHPhykAsj362-7vGGa_mQU&_nc_ohc=q8_qI5i_B8kQ7kNvwEW6Rrk&_nc_gid=1sYp-U86umc22RCjObkq_A&edm=AOQ1c0wBAAAA&ccb=7-5&oh=00_AfKq6ImhwoCsRP2YWe5pTf3JsDTsUutBAseR0ANDzgVKfA&oe=6839B5B4&_nc_sid=8b3546
2025-05-26 00:39:06,151 - instagram_scraper - DEBUG - send_request:105 - Response: 200 for https://scontent-ams4-1.cdninstagram.com/v/t51.2885-15/496934323_1391989998785549_7386559426403457505_n.jpg?stp=dst-jpg_e15_tt6&_nc_ht=scontent-ams4-1.cdninstagram.com&_nc_cat=105&_nc_oc=Q6cZ2QH30d1KL7Y9oEbl8jIvvw-7aaaI4EwcC6d_-hudt-DHWcHPhykAsj362-7vGGa_mQU&_nc_ohc=q8_qI5i_B8kQ7kNvwEW6Rrk&_nc_gid=1sYp-U86umc22RCjObkq_A&edm=AOQ1c0wBAAAA&ccb=7-5&oh=00_AfKq6ImhwoCsRP2YWe5pTf3JsDTsUutBAseR0ANDzgVKfA&oe=6839B5B4&_nc_sid=8b3546
2025-05-26 00:39:06,151 - instagram_scraper - INFO - send_request:108 - Successfully fetched: https://scontent-ams4-1.cdninstagram.com/v/t51.2885-15/496934323_1391989998785549_7386559426403457505_n.jpg?stp=dst-jpg_e15_tt6&_nc_ht=scontent-ams4-1.cdninstagram.com&_nc_cat=105&_nc_oc=Q6cZ2QH30d1KL7Y9oEbl8jIvvw-7aaaI4EwcC6d_-hudt-DHWcHPhykAsj362-7vGGa_mQU&_nc_ohc=q8_qI5i_B8kQ7kNvwEW6Rrk&_nc_gid=1sYp-U86umc22RCjObkq_A&edm=AOQ1c0wBAAAA&ccb=7-5&oh=00_AfKq6ImhwoCsRP2YWe5pTf3JsDTsUutBAseR0ANDzgVKfA&oe=6839B5B4&_nc_sid=8b3546
2025-05-26 00:39:06,275 - instagram_scraper - INFO - download_media:145 - Successfully downloaded media/9198584778_3628780091075088552.jpg (17951 bytes)
2025-05-26 00:39:06,276 - instagram_scraper - INFO - scrape_user_posts:244 - Downloaded image: media/9198584778_3628780091075088552.jpg
2025-05-26 00:39:06,277 - instagram_scraper - DEBUG - export_data:179 - Appended data to: data/instadata.csv
2025-05-26 00:39:06,277 - instagram_scraper - INFO - scrape_user_posts:283 - Successfully processed post 3628780091075088552
2025-05-26 00:39:06,277 - instagram_scraper - INFO - scrape_user_posts:225 - Processing post 8/12 for user sanimax.nl
2025-05-26 00:39:06,277 - instagram_scraper - INFO - download_media:132 - Downloading media: media/9198584778_3628070059614371277.jpg
2025-05-26 00:39:06,277 - instagram_scraper - DEBUG - send_request:84 - Sending request to: https://scontent-ams4-1.cdninstagram.com/v/t51.2885-15/495792127_18247366405304779_7986796787501071200_n.jpg?stp=dst-jpg_e35_p1080x1080_sh0.08_tt6&_nc_ht=scontent-ams4-1.cdninstagram.com&_nc_cat=107&_nc_oc=Q6cZ2QH30d1KL7Y9oEbl8jIvvw-7aaaI4EwcC6d_-hudt-DHWcHPhykAsj362-7vGGa_mQU&_nc_ohc=DkLQK7c7h-AQ7kNvwE9L2q-&_nc_gid=1sYp-U86umc22RCjObkq_A&edm=AOQ1c0wBAAAA&ccb=7-5&oh=00_AfKGjqyRdT0XlVXqMS-Kb_wdvyFn7gzO8gFtkqNjT8FYbQ&oe=6839CA50&_nc_sid=8b3546
2025-05-26 00:39:08,046 - instagram_scraper - DEBUG - send_request:105 - Response: 200 for https://scontent-ams4-1.cdninstagram.com/v/t51.2885-15/495792127_18247366405304779_7986796787501071200_n.jpg?stp=dst-jpg_e35_p1080x1080_sh0.08_tt6&_nc_ht=scontent-ams4-1.cdninstagram.com&_nc_cat=107&_nc_oc=Q6cZ2QH30d1KL7Y9oEbl8jIvvw-7aaaI4EwcC6d_-hudt-DHWcHPhykAsj362-7vGGa_mQU&_nc_ohc=DkLQK7c7h-AQ7kNvwE9L2q-&_nc_gid=1sYp-U86umc22RCjObkq_A&edm=AOQ1c0wBAAAA&ccb=7-5&oh=00_AfKGjqyRdT0XlVXqMS-Kb_wdvyFn7gzO8gFtkqNjT8FYbQ&oe=6839CA50&_nc_sid=8b3546
2025-05-26 00:39:08,047 - instagram_scraper - INFO - send_request:108 - Successfully fetched: https://scontent-ams4-1.cdninstagram.com/v/t51.2885-15/495792127_18247366405304779_7986796787501071200_n.jpg?stp=dst-jpg_e35_p1080x1080_sh0.08_tt6&_nc_ht=scontent-ams4-1.cdninstagram.com&_nc_cat=107&_nc_oc=Q6cZ2QH30d1KL7Y9oEbl8jIvvw-7aaaI4EwcC6d_-hudt-DHWcHPhykAsj362-7vGGa_mQU&_nc_ohc=DkLQK7c7h-AQ7kNvwE9L2q-&_nc_gid=1sYp-U86umc22RCjObkq_A&edm=AOQ1c0wBAAAA&ccb=7-5&oh=00_AfKGjqyRdT0XlVXqMS-Kb_wdvyFn7gzO8gFtkqNjT8FYbQ&oe=6839CA50&_nc_sid=8b3546
2025-05-26 00:39:08,343 - instagram_scraper - INFO - download_media:145 - Successfully downloaded media/9198584778_3628070059614371277.jpg (86987 bytes)
2025-05-26 00:39:08,344 - instagram_scraper - INFO - scrape_user_posts:244 - Downloaded image: media/9198584778_3628070059614371277.jpg
2025-05-26 00:39:08,345 - instagram_scraper - DEBUG - export_data:179 - Appended data to: data/instadata.csv
2025-05-26 00:39:08,345 - instagram_scraper - INFO - scrape_user_posts:283 - Successfully processed post 3628070059614371277
2025-05-26 00:39:08,345 - instagram_scraper - INFO - scrape_user_posts:225 - Processing post 9/12 for user sanimax.nl
2025-05-26 00:39:08,345 - instagram_scraper - INFO - download_media:132 - Downloading media: media/9198584778_3627259324231465525.jpg
2025-05-26 00:39:08,345 - instagram_scraper - DEBUG - send_request:84 - Sending request to: https://scontent-ams4-1.cdninstagram.com/v/t51.2885-15/495728739_18247252891304779_7252786130906399794_n.jpg?stp=dst-jpg_e35_p1080x1080_sh0.08_tt6&_nc_ht=scontent-ams4-1.cdninstagram.com&_nc_cat=107&_nc_oc=Q6cZ2QH30d1KL7Y9oEbl8jIvvw-7aaaI4EwcC6d_-hudt-DHWcHPhykAsj362-7vGGa_mQU&_nc_ohc=pQMhxYdr06oQ7kNvwGPah-B&_nc_gid=1sYp-U86umc22RCjObkq_A&edm=AOQ1c0wBAAAA&ccb=7-5&oh=00_AfIWa7v1Cfal2qjnYfPF8B21EiWPcvcdBhmEzNIl-GVLfw&oe=6839B9D7&_nc_sid=8b3546
2025-05-26 00:39:09,944 - instagram_scraper - DEBUG - send_request:105 - Response: 200 for https://scontent-ams4-1.cdninstagram.com/v/t51.2885-15/495728739_18247252891304779_7252786130906399794_n.jpg?stp=dst-jpg_e35_p1080x1080_sh0.08_tt6&_nc_ht=scontent-ams4-1.cdninstagram.com&_nc_cat=107&_nc_oc=Q6cZ2QH30d1KL7Y9oEbl8jIvvw-7aaaI4EwcC6d_-hudt-DHWcHPhykAsj362-7vGGa_mQU&_nc_ohc=pQMhxYdr06oQ7kNvwGPah-B&_nc_gid=1sYp-U86umc22RCjObkq_A&edm=AOQ1c0wBAAAA&ccb=7-5&oh=00_AfIWa7v1Cfal2qjnYfPF8B21EiWPcvcdBhmEzNIl-GVLfw&oe=6839B9D7&_nc_sid=8b3546
2025-05-26 00:39:09,944 - instagram_scraper - INFO - send_request:108 - Successfully fetched: https://scontent-ams4-1.cdninstagram.com/v/t51.2885-15/495728739_18247252891304779_7252786130906399794_n.jpg?stp=dst-jpg_e35_p1080x1080_sh0.08_tt6&_nc_ht=scontent-ams4-1.cdninstagram.com&_nc_cat=107&_nc_oc=Q6cZ2QH30d1KL7Y9oEbl8jIvvw-7aaaI4EwcC6d_-hudt-DHWcHPhykAsj362-7vGGa_mQU&_nc_ohc=pQMhxYdr06oQ7kNvwGPah-B&_nc_gid=1sYp-U86umc22RCjObkq_A&edm=AOQ1c0wBAAAA&ccb=7-5&oh=00_AfIWa7v1Cfal2qjnYfPF8B21EiWPcvcdBhmEzNIl-GVLfw&oe=6839B9D7&_nc_sid=8b3546
2025-05-26 00:39:10,336 - instagram_scraper - INFO - download_media:145 - Successfully downloaded media/9198584778_3627259324231465525.jpg (175218 bytes)
2025-05-26 00:39:10,337 - instagram_scraper - INFO - scrape_user_posts:244 - Downloaded image: media/9198584778_3627259324231465525.jpg
2025-05-26 00:39:10,338 - instagram_scraper - DEBUG - export_data:179 - Appended data to: data/instadata.csv
2025-05-26 00:39:10,338 - instagram_scraper - INFO - scrape_user_posts:283 - Successfully processed post 3627259324231465525
2025-05-26 00:39:10,338 - instagram_scraper - INFO - scrape_user_posts:225 - Processing post 10/12 for user sanimax.nl
2025-05-26 00:39:10,338 - instagram_scraper - INFO - download_media:132 - Downloading media: media/9198584778_3626426227462101752.jpg
2025-05-26 00:39:10,338 - instagram_scraper - DEBUG - send_request:84 - Sending request to: https://scontent-ams4-1.cdninstagram.com/v/t51.2885-15/495447109_18247134925304779_6968031764430483290_n.jpg?stp=dst-jpg_e35_p1080x1080_sh0.08_tt6&_nc_ht=scontent-ams4-1.cdninstagram.com&_nc_cat=107&_nc_oc=Q6cZ2QH30d1KL7Y9oEbl8jIvvw-7aaaI4EwcC6d_-hudt-DHWcHPhykAsj362-7vGGa_mQU&_nc_ohc=q20sLm6KGzwQ7kNvwE8OQ9I&_nc_gid=1sYp-U86umc22RCjObkq_A&edm=AOQ1c0wBAAAA&ccb=7-5&oh=00_AfJbcJB6FXkTCZ9TnzCRQ6s-4HRnnoewkrteTuObONAlIw&oe=6839C0D8&_nc_sid=8b3546
2025-05-26 00:39:11,042 - instagram_scraper - DEBUG - send_request:105 - Response: 200 for https://scontent-ams4-1.cdninstagram.com/v/t51.2885-15/495447109_18247134925304779_6968031764430483290_n.jpg?stp=dst-jpg_e35_p1080x1080_sh0.08_tt6&_nc_ht=scontent-ams4-1.cdninstagram.com&_nc_cat=107&_nc_oc=Q6cZ2QH30d1KL7Y9oEbl8jIvvw-7aaaI4EwcC6d_-hudt-DHWcHPhykAsj362-7vGGa_mQU&_nc_ohc=q20sLm6KGzwQ7kNvwE8OQ9I&_nc_gid=1sYp-U86umc22RCjObkq_A&edm=AOQ1c0wBAAAA&ccb=7-5&oh=00_AfJbcJB6FXkTCZ9TnzCRQ6s-4HRnnoewkrteTuObONAlIw&oe=6839C0D8&_nc_sid=8b3546
2025-05-26 00:39:11,042 - instagram_scraper - INFO - send_request:108 - Successfully fetched: https://scontent-ams4-1.cdninstagram.com/v/t51.2885-15/495447109_18247134925304779_6968031764430483290_n.jpg?stp=dst-jpg_e35_p1080x1080_sh0.08_tt6&_nc_ht=scontent-ams4-1.cdninstagram.com&_nc_cat=107&_nc_oc=Q6cZ2QH30d1KL7Y9oEbl8jIvvw-7aaaI4EwcC6d_-hudt-DHWcHPhykAsj362-7vGGa_mQU&_nc_ohc=q20sLm6KGzwQ7kNvwE8OQ9I&_nc_gid=1sYp-U86umc22RCjObkq_A&edm=AOQ1c0wBAAAA&ccb=7-5&oh=00_AfJbcJB6FXkTCZ9TnzCRQ6s-4HRnnoewkrteTuObONAlIw&oe=6839C0D8&_nc_sid=8b3546
2025-05-26 00:39:11,364 - instagram_scraper - INFO - download_media:145 - Successfully downloaded media/9198584778_3626426227462101752.jpg (93571 bytes)
2025-05-26 00:39:11,365 - instagram_scraper - INFO - scrape_user_posts:244 - Downloaded image: media/9198584778_3626426227462101752.jpg
2025-05-26 00:39:11,366 - instagram_scraper - DEBUG - export_data:179 - Appended data to: data/instadata.csv
2025-05-26 00:39:11,366 - instagram_scraper - INFO - scrape_user_posts:283 - Successfully processed post 3626426227462101752
2025-05-26 00:39:11,366 - instagram_scraper - INFO - scrape_user_posts:225 - Processing post 11/12 for user sanimax.nl
2025-05-26 00:39:11,366 - instagram_scraper - INFO - download_media:132 - Downloading media: media/9198584778_3622972792546334942.jpg
2025-05-26 00:39:11,366 - instagram_scraper - DEBUG - send_request:84 - Sending request to: https://scontent-ams4-1.cdninstagram.com/v/t51.2885-15/494786836_18246644608304779_7400756902429355735_n.jpg?stp=dst-jpg_e35_p1080x1080_sh0.08_tt6&_nc_ht=scontent-ams4-1.cdninstagram.com&_nc_cat=107&_nc_oc=Q6cZ2QH30d1KL7Y9oEbl8jIvvw-7aaaI4EwcC6d_-hudt-DHWcHPhykAsj362-7vGGa_mQU&_nc_ohc=LwfgKZJTXS4Q7kNvwFosOw2&_nc_gid=1sYp-U86umc22RCjObkq_A&edm=AOQ1c0wBAAAA&ccb=7-5&oh=00_AfKtgXhdRxcd5mhQsCSLVf4_M5RjJSyl8AjU0Eor8huIjg&oe=6839CB2F&_nc_sid=8b3546
2025-05-26 00:39:12,424 - instagram_scraper - DEBUG - send_request:105 - Response: 200 for https://scontent-ams4-1.cdninstagram.com/v/t51.2885-15/494786836_18246644608304779_7400756902429355735_n.jpg?stp=dst-jpg_e35_p1080x1080_sh0.08_tt6&_nc_ht=scontent-ams4-1.cdninstagram.com&_nc_cat=107&_nc_oc=Q6cZ2QH30d1KL7Y9oEbl8jIvvw-7aaaI4EwcC6d_-hudt-DHWcHPhykAsj362-7vGGa_mQU&_nc_ohc=LwfgKZJTXS4Q7kNvwFosOw2&_nc_gid=1sYp-U86umc22RCjObkq_A&edm=AOQ1c0wBAAAA&ccb=7-5&oh=00_AfKtgXhdRxcd5mhQsCSLVf4_M5RjJSyl8AjU0Eor8huIjg&oe=6839CB2F&_nc_sid=8b3546
2025-05-26 00:39:12,424 - instagram_scraper - INFO - send_request:108 - Successfully fetched: https://scontent-ams4-1.cdninstagram.com/v/t51.2885-15/494786836_18246644608304779_7400756902429355735_n.jpg?stp=dst-jpg_e35_p1080x1080_sh0.08_tt6&_nc_ht=scontent-ams4-1.cdninstagram.com&_nc_cat=107&_nc_oc=Q6cZ2QH30d1KL7Y9oEbl8jIvvw-7aaaI4EwcC6d_-hudt-DHWcHPhykAsj362-7vGGa_mQU&_nc_ohc=LwfgKZJTXS4Q7kNvwFosOw2&_nc_gid=1sYp-U86umc22RCjObkq_A&edm=AOQ1c0wBAAAA&ccb=7-5&oh=00_AfKtgXhdRxcd5mhQsCSLVf4_M5RjJSyl8AjU0Eor8huIjg&oe=6839CB2F&_nc_sid=8b3546
2025-05-26 00:39:12,734 - instagram_scraper - INFO - download_media:145 - Successfully downloaded media/9198584778_3622972792546334942.jpg (95080 bytes)
2025-05-26 00:39:12,734 - instagram_scraper - INFO - scrape_user_posts:244 - Downloaded image: media/9198584778_3622972792546334942.jpg
2025-05-26 00:39:12,736 - instagram_scraper - DEBUG - export_data:179 - Appended data to: data/instadata.csv
2025-05-26 00:39:12,736 - instagram_scraper - INFO - scrape_user_posts:283 - Successfully processed post 3622972792546334942
2025-05-26 00:39:12,736 - instagram_scraper - INFO - scrape_user_posts:225 - Processing post 12/12 for user sanimax.nl
2025-05-26 00:39:12,736 - instagram_scraper - INFO - download_media:132 - Downloading media: media/9198584778_3617858463466064677.jpg
2025-05-26 00:39:12,736 - instagram_scraper - DEBUG - send_request:84 - Sending request to: https://scontent-ams4-1.cdninstagram.com/v/t51.2885-15/491441011_18245938750304779_3688747434376367153_n.jpg?stp=dst-jpg_e35_s1080x1080_sh0.08_tt6&_nc_ht=scontent-ams4-1.cdninstagram.com&_nc_cat=107&_nc_oc=Q6cZ2QH30d1KL7Y9oEbl8jIvvw-7aaaI4EwcC6d_-hudt-DHWcHPhykAsj362-7vGGa_mQU&_nc_ohc=VoZL0nfn4lgQ7kNvwHCGFsI&_nc_gid=1sYp-U86umc22RCjObkq_A&edm=AOQ1c0wBAAAA&ccb=7-5&oh=00_AfIzOYJqmY_5XDI5KSWkkTMxtuHzdMH7u49OYwRFedQt2g&oe=6839C0D9&_nc_sid=8b3546
2025-05-26 00:39:13,438 - instagram_scraper - DEBUG - send_request:105 - Response: 200 for https://scontent-ams4-1.cdninstagram.com/v/t51.2885-15/491441011_18245938750304779_3688747434376367153_n.jpg?stp=dst-jpg_e35_s1080x1080_sh0.08_tt6&_nc_ht=scontent-ams4-1.cdninstagram.com&_nc_cat=107&_nc_oc=Q6cZ2QH30d1KL7Y9oEbl8jIvvw-7aaaI4EwcC6d_-hudt-DHWcHPhykAsj362-7vGGa_mQU&_nc_ohc=VoZL0nfn4lgQ7kNvwHCGFsI&_nc_gid=1sYp-U86umc22RCjObkq_A&edm=AOQ1c0wBAAAA&ccb=7-5&oh=00_AfIzOYJqmY_5XDI5KSWkkTMxtuHzdMH7u49OYwRFedQt2g&oe=6839C0D9&_nc_sid=8b3546
2025-05-26 00:39:13,438 - instagram_scraper - INFO - send_request:108 - Successfully fetched: https://scontent-ams4-1.cdninstagram.com/v/t51.2885-15/491441011_18245938750304779_3688747434376367153_n.jpg?stp=dst-jpg_e35_s1080x1080_sh0.08_tt6&_nc_ht=scontent-ams4-1.cdninstagram.com&_nc_cat=107&_nc_oc=Q6cZ2QH30d1KL7Y9oEbl8jIvvw-7aaaI4EwcC6d_-hudt-DHWcHPhykAsj362-7vGGa_mQU&_nc_ohc=VoZL0nfn4lgQ7kNvwHCGFsI&_nc_gid=1sYp-U86umc22RCjObkq_A&edm=AOQ1c0wBAAAA&ccb=7-5&oh=00_AfIzOYJqmY_5XDI5KSWkkTMxtuHzdMH7u49OYwRFedQt2g&oe=6839C0D9&_nc_sid=8b3546
2025-05-26 00:39:13,751 - instagram_scraper - INFO - download_media:145 - Successfully downloaded media/9198584778_3617858463466064677.jpg (100054 bytes)
2025-05-26 00:39:13,751 - instagram_scraper - INFO - scrape_user_posts:244 - Downloaded image: media/9198584778_3617858463466064677.jpg
2025-05-26 00:39:13,753 - instagram_scraper - DEBUG - export_data:179 - Appended data to: data/instadata.csv
2025-05-26 00:39:13,753 - instagram_scraper - INFO - scrape_user_posts:283 - Successfully processed post 3617858463466064677
2025-05-26 00:39:13,753 - instagram_scraper - INFO - scrape_user_posts:292 - Completed scraping user sanimax.nl: 12/12 posts processed successfully
2025-05-26 00:39:13,753 - instagram_scraper - INFO - main:326 - Scraping session completed: 1/1 users processed successfully
2025-05-26 00:39:13,753 - instagram_scraper - INFO - main:330 - User sanimax.nl: SUCCESS
