2025-07-05 16:36:23,454 - instagram_scraper - INFO - main:378 - Instagram scraper initialized successfully
2025-07-05 16:36:23,454 - instagram_scraper - INFO - main:379 - Using proxy endpoint: nl.smartproxy.com:10000
2025-07-05 16:36:23,456 - instagram_scraper - INFO - main:383 - Starting Instagram scraping session
2025-07-05 16:36:23,456 - instagram_scraper - INFO - scrape_multiple_users:358 - Starting scrape for user: sanimax.nl
2025-07-05 16:36:23,456 - instagram_scraper - INFO - scrape_user_posts:255 - Starting to scrape user: sanimax.nl
2025-07-05 16:36:23,456 - instagram_scraper - DEBUG - send_request:107 - Sending request to: https://www.instagram.com/api/v1/users/web_profile_info/?username=sanimax.nl
2025-07-05 16:36:25,459 - instagram_scraper - DEBUG - send_request:128 - Response: 200 for https://www.instagram.com/api/v1/users/web_profile_info/?username=sanimax.nl
2025-07-05 16:36:25,459 - instagram_scraper - INFO - send_request:131 - Successfully fetched: https://www.instagram.com/api/v1/users/web_profile_info/?username=sanimax.nl
2025-07-05 16:36:25,461 - instagram_scraper - INFO - scrape_user_posts:267 - Successfully fetched profile for sanimax.nl
2025-07-05 16:36:25,461 - instagram_scraper - INFO - scrape_user_posts:268 - User has 12 posts
2025-07-05 16:36:25,461 - instagram_scraper - INFO - scrape_user_posts:279 - Processing post 1/12 for user sanimax.nl
2025-07-05 16:36:25,461 - instagram_scraper - INFO - download_media:155 - Downloading media: media/9198584778_3669325142174377619.mp4
2025-07-05 16:36:27,248 - instagram_scraper - INFO - download_media:174 - Response: 200 for https://scontent-ams4-1.cdninstagram.com/o1/v/t16/f2/m86/AQPrGdjVQGxmj44klDLpDvdeIm_kgLIJP_wZHFQcJdkKm7xYnADt8SsifWD_lF70hKfeZLcEIBNme1oHzUkADoWLK7evTbxZ5yPOqmw.mp4?stp=dst-mp4&efg=eyJxZV9ncm91cHMiOiJbXCJpZ193ZWJfZGVsaXZlcnlfdnRzX290ZlwiXSIsInZlbmNvZGVfdGFnIjoidnRzX3ZvZF91cmxnZW4uY2xpcHMuYzIuNzIwLmJhc2VsaW5lIn0&_nc_cat=103&vs=714651751734727_2577553240&_nc_vs=HBksFQIYUmlnX3hwdl9yZWVsc19wZXJtYW5lbnRfc3JfcHJvZC8yNjREODdGQkI4RUVBRUE2MDMyMkFFNDdGMTk4NTU5Ql92aWRlb19kYXNoaW5pdC5tcDQVAALIARIAFQIYOnBhc3N0aHJvdWdoX2V2ZXJzdG9yZS9HSFVGcXg2V08xNzlmWW9HQUNYaEFrZzZpMHBHYnFfRUFBQUYVAgLIARIAKAAYABsAFQAAJtCqvdOToN0%2FFQIoAkMzLBdASSQ5WBBiThgSZGFzaF9iYXNlbGluZV8xX3YxEQB1%2Fgdl5p0BAA%3D%3D&_nc_rid=8a68959f1c&ccb=9-4&oh=00_AfRzDw4OR0Ri-DeIUqEBA-gFUBw_F4vT1L8WFXhaBcP1pw&oe=686B7424&_nc_sid=8b3546
2025-07-05 16:36:29,172 - instagram_scraper - INFO - download_media:184 - Downloaded media/9198584778_3669325142174377619.mp4 (5124273 bytes)
2025-07-05 16:36:29,173 - instagram_scraper - ERROR - scrape_user_posts:342 - Error processing post 1 for user sanimax.nl: expected string or bytes-like object, got 'NoneType'
2025-07-05 16:36:29,173 - instagram_scraper - INFO - scrape_user_posts:279 - Processing post 2/12 for user sanimax.nl
2025-07-05 16:36:29,173 - instagram_scraper - INFO - download_media:155 - Downloading media: media/9198584778_3667875304576313027.jpg
2025-07-05 16:36:31,013 - instagram_scraper - INFO - download_media:174 - Response: 200 for https://scontent-ams2-1.cdninstagram.com/v/t39.30808-6/514524921_1335391805256680_8605104838142396921_n.jpg?stp=dst-jpg_e35_p1080x1080_sh0.08_tt6&_nc_ht=scontent-ams2-1.cdninstagram.com&_nc_cat=108&_nc_oc=Q6cZ2QFv1XNotldxfw4hSe6oQe1PQ6aTrDiiw9BWYWTswGLB6293-RNpcez5cEVWawczv8d15po7EoA2e7w_X6hOaMWj&_nc_ohc=WTi9u0J7cW4Q7kNvwFYGz5y&_nc_gid=2gipKKmSQ8l0Iv83myG2JQ&edm=AOQ1c0wAAAAA&ccb=7-5&oh=00_AfTi1ZUik2uJm5NO-0lLBH1nqv_uS-7XDU-HYXB46Fz8pw&oe=686F48EA&_nc_sid=8b3546
2025-07-05 16:36:31,227 - instagram_scraper - INFO - download_media:184 - Downloaded media/9198584778_3667875304576313027.jpg (57494 bytes)
2025-07-05 16:36:31,227 - instagram_scraper - ERROR - scrape_user_posts:342 - Error processing post 2 for user sanimax.nl: expected string or bytes-like object, got 'NoneType'
2025-07-05 16:36:31,228 - instagram_scraper - INFO - scrape_user_posts:279 - Processing post 3/12 for user sanimax.nl
2025-07-05 16:36:31,228 - instagram_scraper - INFO - download_media:155 - Downloading media: media/9198584778_3666426138268322710.mp4
2025-07-05 16:36:32,263 - instagram_scraper - INFO - download_media:174 - Response: 200 for https://scontent-ams4-1.cdninstagram.com/o1/v/t16/f2/m86/AQPlHbPlLlbNT2PZXxRfcTxclWvfaDygL4hXzUuz5KtnPLtVk5xk48UanCMF98980euIGY6SGrmMyxQ_DkKTTgbTkNxeK_6Lhl5jRAk.mp4?stp=dst-mp4&efg=eyJxZV9ncm91cHMiOiJbXCJpZ193ZWJfZGVsaXZlcnlfdnRzX290ZlwiXSIsInZlbmNvZGVfdGFnIjoidnRzX3ZvZF91cmxnZW4uY2xpcHMuYzIuNzIwLmJhc2VsaW5lIn0&_nc_cat=101&vs=3300488730093150_1467709536&_nc_vs=HBksFQIYUmlnX3hwdl9yZWVsc19wZXJtYW5lbnRfc3JfcHJvZC9CQjQ0QjI0NTMwOTI3MTUxQjM3MEZEQ0FBNDcxNjVCQl92aWRlb19kYXNoaW5pdC5tcDQVAALIARIAFQIYOnBhc3N0aHJvdWdoX2V2ZXJzdG9yZS9HRlVDdEI1QV9US1hGOTlXQU40OTlnNlZDbzFmYnFfRUFBQUYVAgLIARIAKAAYABsAFQAAJrCFt6Xd%2FpNAFQIoAkMzLBdARI2yLQ5WBBgSZGFzaF9iYXNlbGluZV8xX3YxEQB1%2Fgdl5p0BAA%3D%3D&_nc_rid=8a689b8907&ccb=9-4&oh=00_AfRaoS0OWvokJdV7gQIrnRkbkSz9icrk6_bdI9cYqcjEZg&oe=686B7302&_nc_sid=8b3546
2025-07-05 16:36:33,722 - instagram_scraper - INFO - download_media:184 - Downloaded media/9198584778_3666426138268322710.mp4 (3125218 bytes)
2025-07-05 16:36:33,722 - instagram_scraper - ERROR - scrape_user_posts:342 - Error processing post 3 for user sanimax.nl: expected string or bytes-like object, got 'NoneType'
2025-07-05 16:36:33,723 - instagram_scraper - INFO - scrape_user_posts:279 - Processing post 4/12 for user sanimax.nl
2025-07-05 16:36:33,723 - instagram_scraper - INFO - download_media:155 - Downloading media: media/9198584778_3664976583927591751.mp4
2025-07-05 16:36:34,426 - instagram_scraper - INFO - download_media:174 - Response: 200 for https://scontent-ams2-1.cdninstagram.com/o1/v/t16/f2/m86/AQNDKXrnE5AkE3l3lwWn3wEarkVxPTyP5NwNK4VXVSrEMaqXzEnoRCtccxtO5HZSGBIX6ZMIHgPGJNj8iuHH2VuXHLsPxT_ztw8cTdg.mp4?stp=dst-mp4&efg=eyJxZV9ncm91cHMiOiJbXCJpZ193ZWJfZGVsaXZlcnlfdnRzX290ZlwiXSIsInZlbmNvZGVfdGFnIjoidnRzX3ZvZF91cmxnZW4uY2xpcHMuYzIuNzIwLmJhc2VsaW5lIn0&_nc_cat=100&vs=1405145804082639_3015923724&_nc_vs=HBksFQIYUmlnX3hwdl9yZWVsc19wZXJtYW5lbnRfc3JfcHJvZC82NDQwNzAzQzZBMkE3RDFCOUQ2NjQwMzc0RDRDRDY5Q192aWRlb19kYXNoaW5pdC5tcDQVAALIARIAFQIYOnBhc3N0aHJvdWdoX2V2ZXJzdG9yZS9HR2NmZXg3QVF6QTFmZEpVQUkwOGtsc0pCejRKYnFfRUFBQUYVAgLIARIAKAAYABsAFQAAJv6%2Bpb7X36hAFQIoAkMzLBdAQHMSbpeNUBgSZGFzaF9iYXNlbGluZV8xX3YxEQB1%2Fgdl5p0BAA%3D%3D&_nc_rid=8a689fcc73&ccb=9-4&oh=00_AfRFPBjNRc8UvDj3zbFMavhrqF8aPvlCJCFSa5Zvra6AcQ&oe=686B6DD5&_nc_sid=8b3546
