2025-07-05 16:26:20,189 - instagram_scraper - INFO - main:377 - Instagram scraper initialized successfully
2025-07-05 16:26:20,189 - instagram_scraper - INFO - main:378 - Using proxy endpoint: nl.smartproxy.com:10000
2025-07-05 16:26:20,190 - instagram_scraper - INFO - main:382 - Starting Instagram scraping session
2025-07-05 16:26:20,190 - instagram_scraper - INFO - scrape_multiple_users:357 - Starting scrape for user: sanimax.nl
2025-07-05 16:26:20,191 - instagram_scraper - INFO - scrape_user_posts:254 - Starting to scrape user: sanimax.nl
2025-07-05 16:26:20,191 - instagram_scraper - DEBUG - send_request:106 - Sending request to: https://www.instagram.com/api/v1/users/web_profile_info/?username=sanimax.nl
2025-07-05 16:26:22,599 - instagram_scraper - DEBUG - send_request:127 - Response: 200 for https://www.instagram.com/api/v1/users/web_profile_info/?username=sanimax.nl
2025-07-05 16:26:22,600 - instagram_scraper - INFO - send_request:130 - Successfully fetched: https://www.instagram.com/api/v1/users/web_profile_info/?username=sanimax.nl
2025-07-05 16:26:22,601 - instagram_scraper - INFO - scrape_user_posts:266 - Successfully fetched profile for sanimax.nl
2025-07-05 16:26:22,602 - instagram_scraper - INFO - scrape_user_posts:267 - User has 12 posts
2025-07-05 16:26:22,602 - instagram_scraper - INFO - scrape_user_posts:278 - Processing post 1/12 for user sanimax.nl
2025-07-05 16:26:22,602 - instagram_scraper - ERROR - scrape_user_posts:341 - Error processing post 1 for user sanimax.nl: download_media() takes 7 positional arguments but 8 were given
2025-07-05 16:26:22,602 - instagram_scraper - INFO - scrape_user_posts:278 - Processing post 2/12 for user sanimax.nl
2025-07-05 16:26:22,602 - instagram_scraper - ERROR - scrape_user_posts:341 - Error processing post 2 for user sanimax.nl: download_media() takes 7 positional arguments but 8 were given
2025-07-05 16:26:22,602 - instagram_scraper - INFO - scrape_user_posts:278 - Processing post 3/12 for user sanimax.nl
2025-07-05 16:26:22,602 - instagram_scraper - ERROR - scrape_user_posts:341 - Error processing post 3 for user sanimax.nl: download_media() takes 7 positional arguments but 8 were given
2025-07-05 16:26:22,602 - instagram_scraper - INFO - scrape_user_posts:278 - Processing post 4/12 for user sanimax.nl
2025-07-05 16:26:22,602 - instagram_scraper - ERROR - scrape_user_posts:341 - Error processing post 4 for user sanimax.nl: download_media() takes 7 positional arguments but 8 were given
2025-07-05 16:26:22,602 - instagram_scraper - INFO - scrape_user_posts:278 - Processing post 5/12 for user sanimax.nl
2025-07-05 16:26:22,602 - instagram_scraper - ERROR - scrape_user_posts:341 - Error processing post 5 for user sanimax.nl: download_media() takes 7 positional arguments but 8 were given
2025-07-05 16:26:22,602 - instagram_scraper - INFO - scrape_user_posts:278 - Processing post 6/12 for user sanimax.nl
2025-07-05 16:26:22,602 - instagram_scraper - ERROR - scrape_user_posts:341 - Error processing post 6 for user sanimax.nl: download_media() takes 7 positional arguments but 8 were given
2025-07-05 16:26:22,602 - instagram_scraper - INFO - scrape_user_posts:278 - Processing post 7/12 for user sanimax.nl
2025-07-05 16:26:22,602 - instagram_scraper - ERROR - scrape_user_posts:341 - Error processing post 7 for user sanimax.nl: download_media() takes 7 positional arguments but 8 were given
2025-07-05 16:26:22,602 - instagram_scraper - INFO - scrape_user_posts:278 - Processing post 8/12 for user sanimax.nl
2025-07-05 16:26:22,602 - instagram_scraper - ERROR - scrape_user_posts:341 - Error processing post 8 for user sanimax.nl: download_media() takes 7 positional arguments but 8 were given
2025-07-05 16:26:22,602 - instagram_scraper - INFO - scrape_user_posts:278 - Processing post 9/12 for user sanimax.nl
2025-07-05 16:26:22,602 - instagram_scraper - ERROR - scrape_user_posts:341 - Error processing post 9 for user sanimax.nl: download_media() takes 7 positional arguments but 8 were given
2025-07-05 16:26:22,602 - instagram_scraper - INFO - scrape_user_posts:278 - Processing post 10/12 for user sanimax.nl
2025-07-05 16:26:22,602 - instagram_scraper - ERROR - scrape_user_posts:341 - Error processing post 10 for user sanimax.nl: download_media() takes 7 positional arguments but 8 were given
2025-07-05 16:26:22,602 - instagram_scraper - INFO - scrape_user_posts:278 - Processing post 11/12 for user sanimax.nl
2025-07-05 16:26:22,602 - instagram_scraper - ERROR - scrape_user_posts:341 - Error processing post 11 for user sanimax.nl: download_media() takes 7 positional arguments but 8 were given
2025-07-05 16:26:22,602 - instagram_scraper - INFO - scrape_user_posts:278 - Processing post 12/12 for user sanimax.nl
2025-07-05 16:26:22,603 - instagram_scraper - ERROR - scrape_user_posts:341 - Error processing post 12 for user sanimax.nl: download_media() takes 7 positional arguments but 8 were given
2025-07-05 16:26:22,603 - instagram_scraper - INFO - scrape_user_posts:344 - Completed scraping user sanimax.nl: 0/12 posts processed successfully
2025-07-05 16:26:22,603 - instagram_scraper - INFO - main:388 - Scraping session completed: 0/1 users processed successfully
2025-07-05 16:26:22,603 - instagram_scraper - INFO - main:392 - User sanimax.nl: FAILED
