2025-07-05 16:33:20,538 - instagram_scraper - INFO - main:376 - Instagram scraper initialized successfully
2025-07-05 16:33:20,538 - instagram_scraper - INFO - main:377 - Using proxy endpoint: nl.smartproxy.com:10000
2025-07-05 16:33:20,539 - instagram_scraper - INFO - main:381 - Starting Instagram scraping session
2025-07-05 16:33:20,540 - instagram_scraper - INFO - scrape_multiple_users:356 - Starting scrape for user: sanimax.nl
2025-07-05 16:33:20,540 - instagram_scraper - INFO - scrape_user_posts:253 - Starting to scrape user: sanimax.nl
2025-07-05 16:33:20,540 - instagram_scraper - DEBUG - send_request:106 - Sending request to: https://www.instagram.com/api/v1/users/web_profile_info/?username=sanimax.nl
2025-07-05 16:33:24,205 - instagram_scraper - DEBUG - send_request:127 - Response: 200 for https://www.instagram.com/api/v1/users/web_profile_info/?username=sanimax.nl
2025-07-05 16:33:24,206 - instagram_scraper - INFO - send_request:130 - Successfully fetched: https://www.instagram.com/api/v1/users/web_profile_info/?username=sanimax.nl
2025-07-05 16:33:24,208 - instagram_scraper - INFO - scrape_user_posts:265 - Successfully fetched profile for sanimax.nl
2025-07-05 16:33:24,208 - instagram_scraper - INFO - scrape_user_posts:266 - User has 12 posts
2025-07-05 16:33:24,208 - instagram_scraper - INFO - scrape_user_posts:277 - Processing post 1/12 for user sanimax.nl
2025-07-05 16:33:24,208 - instagram_scraper - INFO - download_media:154 - Downloading media: media/9198584778_3669325142174377619.mp4
2025-07-05 16:33:24,208 - instagram_scraper - DEBUG - send_request:106 - Sending request to: https://scontent-ams4-1.cdninstagram.com/o1/v/t16/f2/m86/AQPrGdjVQGxmj44klDLpDvdeIm_kgLIJP_wZHFQcJdkKm7xYnADt8SsifWD_lF70hKfeZLcEIBNme1oHzUkADoWLK7evTbxZ5yPOqmw.mp4?stp=dst-mp4&efg=eyJxZV9ncm91cHMiOiJbXCJpZ193ZWJfZGVsaXZlcnlfdnRzX290ZlwiXSIsInZlbmNvZGVfdGFnIjoidnRzX3ZvZF91cmxnZW4uY2xpcHMuYzIuNzIwLmJhc2VsaW5lIn0&_nc_cat=103&vs=714651751734727_2577553240&_nc_vs=HBksFQIYUmlnX3hwdl9yZWVsc19wZXJtYW5lbnRfc3JfcHJvZC8yNjREODdGQkI4RUVBRUE2MDMyMkFFNDdGMTk4NTU5Ql92aWRlb19kYXNoaW5pdC5tcDQVAALIARIAFQIYOnBhc3N0aHJvdWdoX2V2ZXJzdG9yZS9HSFVGcXg2V08xNzlmWW9HQUNYaEFrZzZpMHBHYnFfRUFBQUYVAgLIARIAKAAYABsAFQAAJtCqvdOToN0%2FFQIoAkMzLBdASSQ5WBBiThgSZGFzaF9iYXNlbGluZV8xX3YxEQB1%2Fgdl5p0BAA%3D%3D&_nc_rid=55344349de&ccb=9-4&oh=00_AfRzDw4OR0Ri-DeIUqEBA-gFUBw_F4vT1L8WFXhaBcP1pw&oe=686B7424&_nc_sid=8b3546
2025-07-05 16:33:24,808 - instagram_scraper - DEBUG - send_request:127 - Response: 200 for https://scontent-ams4-1.cdninstagram.com/o1/v/t16/f2/m86/AQPrGdjVQGxmj44klDLpDvdeIm_kgLIJP_wZHFQcJdkKm7xYnADt8SsifWD_lF70hKfeZLcEIBNme1oHzUkADoWLK7evTbxZ5yPOqmw.mp4?stp=dst-mp4&efg=eyJxZV9ncm91cHMiOiJbXCJpZ193ZWJfZGVsaXZlcnlfdnRzX290ZlwiXSIsInZlbmNvZGVfdGFnIjoidnRzX3ZvZF91cmxnZW4uY2xpcHMuYzIuNzIwLmJhc2VsaW5lIn0&_nc_cat=103&vs=714651751734727_2577553240&_nc_vs=HBksFQIYUmlnX3hwdl9yZWVsc19wZXJtYW5lbnRfc3JfcHJvZC8yNjREODdGQkI4RUVBRUE2MDMyMkFFNDdGMTk4NTU5Ql92aWRlb19kYXNoaW5pdC5tcDQVAALIARIAFQIYOnBhc3N0aHJvdWdoX2V2ZXJzdG9yZS9HSFVGcXg2V08xNzlmWW9HQUNYaEFrZzZpMHBHYnFfRUFBQUYVAgLIARIAKAAYABsAFQAAJtCqvdOToN0%2FFQIoAkMzLBdASSQ5WBBiThgSZGFzaF9iYXNlbGluZV8xX3YxEQB1%2Fgdl5p0BAA%3D%3D&_nc_rid=55344349de&ccb=9-4&oh=00_AfRzDw4OR0Ri-DeIUqEBA-gFUBw_F4vT1L8WFXhaBcP1pw&oe=686B7424&_nc_sid=8b3546
2025-07-05 16:33:24,808 - instagram_scraper - INFO - send_request:130 - Successfully fetched: https://scontent-ams4-1.cdninstagram.com/o1/v/t16/f2/m86/AQPrGdjVQGxmj44klDLpDvdeIm_kgLIJP_wZHFQcJdkKm7xYnADt8SsifWD_lF70hKfeZLcEIBNme1oHzUkADoWLK7evTbxZ5yPOqmw.mp4?stp=dst-mp4&efg=eyJxZV9ncm91cHMiOiJbXCJpZ193ZWJfZGVsaXZlcnlfdnRzX290ZlwiXSIsInZlbmNvZGVfdGFnIjoidnRzX3ZvZF91cmxnZW4uY2xpcHMuYzIuNzIwLmJhc2VsaW5lIn0&_nc_cat=103&vs=714651751734727_2577553240&_nc_vs=HBksFQIYUmlnX3hwdl9yZWVsc19wZXJtYW5lbnRfc3JfcHJvZC8yNjREODdGQkI4RUVBRUE2MDMyMkFFNDdGMTk4NTU5Ql92aWRlb19kYXNoaW5pdC5tcDQVAALIARIAFQIYOnBhc3N0aHJvdWdoX2V2ZXJzdG9yZS9HSFVGcXg2V08xNzlmWW9HQUNYaEFrZzZpMHBHYnFfRUFBQUYVAgLIARIAKAAYABsAFQAAJtCqvdOToN0%2FFQIoAkMzLBdASSQ5WBBiThgSZGFzaF9iYXNlbGluZV8xX3YxEQB1%2Fgdl5p0BAA%3D%3D&_nc_rid=55344349de&ccb=9-4&oh=00_AfRzDw4OR0Ri-DeIUqEBA-gFUBw_F4vT1L8WFXhaBcP1pw&oe=686B7424&_nc_sid=8b3546
2025-07-05 16:33:24,808 - instagram_scraper - INFO - download_media:182 - Downloaded media/9198584778_3669325142174377619.mp4 (0 bytes)
2025-07-05 16:33:24,808 - instagram_scraper - ERROR - download_media:201 - Error downloading media/9198584778_3669325142174377619.mp4: expected string or bytes-like object, got 'NoneType'
2025-07-05 16:33:24,809 - instagram_scraper - INFO - download_media:154 - Downloading media: media/9198584778_3669325142174377619.jpg
2025-07-05 16:33:24,809 - instagram_scraper - DEBUG - send_request:106 - Sending request to: https://scontent-ams4-1.cdninstagram.com/v/t51.2885-15/514735583_30017715821206041_10094179874809268_n.jpg?stp=dst-jpg_e15_tt6&_nc_ht=scontent-ams4-1.cdninstagram.com&_nc_cat=109&_nc_oc=Q6cZ2QFZ6hr4lKDY2RzU59NFtCv73OQdiX0q9BEDrqynZAYbPDtmunRDP89RCNpNVQfL9_w&_nc_ohc=SNZpgwXDgrwQ7kNvwGpgbdA&_nc_gid=ajycSyInT7Ha4VNVPh-etA&edm=AOQ1c0wBAAAA&ccb=7-5&oh=00_AfQY7L3ULR3shnQBKWD6ip9ws5_MAc0lV_hiU4cbJxNOCg&oe=686F50F5&_nc_sid=8b3546
2025-07-05 16:33:25,596 - instagram_scraper - DEBUG - send_request:127 - Response: 200 for https://scontent-ams4-1.cdninstagram.com/v/t51.2885-15/514735583_30017715821206041_10094179874809268_n.jpg?stp=dst-jpg_e15_tt6&_nc_ht=scontent-ams4-1.cdninstagram.com&_nc_cat=109&_nc_oc=Q6cZ2QFZ6hr4lKDY2RzU59NFtCv73OQdiX0q9BEDrqynZAYbPDtmunRDP89RCNpNVQfL9_w&_nc_ohc=SNZpgwXDgrwQ7kNvwGpgbdA&_nc_gid=ajycSyInT7Ha4VNVPh-etA&edm=AOQ1c0wBAAAA&ccb=7-5&oh=00_AfQY7L3ULR3shnQBKWD6ip9ws5_MAc0lV_hiU4cbJxNOCg&oe=686F50F5&_nc_sid=8b3546
2025-07-05 16:33:25,596 - instagram_scraper - INFO - send_request:130 - Successfully fetched: https://scontent-ams4-1.cdninstagram.com/v/t51.2885-15/514735583_30017715821206041_10094179874809268_n.jpg?stp=dst-jpg_e15_tt6&_nc_ht=scontent-ams4-1.cdninstagram.com&_nc_cat=109&_nc_oc=Q6cZ2QFZ6hr4lKDY2RzU59NFtCv73OQdiX0q9BEDrqynZAYbPDtmunRDP89RCNpNVQfL9_w&_nc_ohc=SNZpgwXDgrwQ7kNvwGpgbdA&_nc_gid=ajycSyInT7Ha4VNVPh-etA&edm=AOQ1c0wBAAAA&ccb=7-5&oh=00_AfQY7L3ULR3shnQBKWD6ip9ws5_MAc0lV_hiU4cbJxNOCg&oe=686F50F5&_nc_sid=8b3546
2025-07-05 16:33:25,596 - instagram_scraper - INFO - download_media:182 - Downloaded media/9198584778_3669325142174377619.jpg (0 bytes)
2025-07-05 16:33:25,596 - instagram_scraper - ERROR - download_media:201 - Error downloading media/9198584778_3669325142174377619.jpg: expected string or bytes-like object, got 'NoneType'
2025-07-05 16:33:25,599 - instagram_scraper - INFO - export_data:227 - Created new CSV file: data/instadata.csv
2025-07-05 16:33:25,599 - instagram_scraper - INFO - scrape_user_posts:335 - Successfully processed post 3669325142174377619
2025-07-05 16:33:25,599 - instagram_scraper - INFO - scrape_user_posts:277 - Processing post 2/12 for user sanimax.nl
2025-07-05 16:33:25,599 - instagram_scraper - INFO - download_media:154 - Downloading media: media/9198584778_3667875304576313027.jpg
2025-07-05 16:33:25,599 - instagram_scraper - DEBUG - send_request:106 - Sending request to: https://scontent-ams2-1.cdninstagram.com/v/t39.30808-6/514524921_1335391805256680_8605104838142396921_n.jpg?stp=dst-jpg_e35_p1080x1080_sh0.08_tt6&_nc_ht=scontent-ams2-1.cdninstagram.com&_nc_cat=108&_nc_oc=Q6cZ2QFZ6hr4lKDY2RzU59NFtCv73OQdiX0q9BEDrqynZAYbPDtmunRDP89RCNpNVQfL9_w&_nc_ohc=WTi9u0J7cW4Q7kNvwHv981a&_nc_gid=ajycSyInT7Ha4VNVPh-etA&edm=AOQ1c0wAAAAA&ccb=7-5&oh=00_AfSDUqLBDJdoeggCT_T_efP9Qe-QFbm3rtKYRtl8QPhgSw&oe=686F48EA&_nc_sid=8b3546
