2025-07-05 16:37:39,298 - instagram_scraper - INFO - main:375 - Instagram scraper initialized successfully
2025-07-05 16:37:39,298 - instagram_scraper - INFO - main:376 - Using proxy endpoint: nl.smartproxy.com:10000
2025-07-05 16:37:39,299 - instagram_scraper - INFO - main:380 - Starting Instagram scraping session
2025-07-05 16:37:39,300 - instagram_scraper - INFO - scrape_multiple_users:355 - Starting scrape for user: sanimax.nl
2025-07-05 16:37:39,300 - instagram_scraper - INFO - scrape_user_posts:252 - Starting to scrape user: sanimax.nl
2025-07-05 16:37:39,300 - instagram_scraper - DEBUG - send_request:107 - Sending request to: https://www.instagram.com/api/v1/users/web_profile_info/?username=sanimax.nl
2025-07-05 16:37:40,056 - instagram_scraper - DEBUG - send_request:128 - Response: 401 for https://www.instagram.com/api/v1/users/web_profile_info/?username=sanimax.nl
2025-07-05 16:37:40,056 - instagram_scraper - WARNING - send_request:136 - HTTP 401 for https://www.instagram.com/api/v1/users/web_profile_info/?username=sanimax.nl, attempt 1
2025-07-05 16:37:40,056 - instagram_scraper - INFO - send_request:146 - Retrying ...
2025-07-05 16:37:40,271 - instagram_scraper - DEBUG - send_request:128 - Response: 401 for https://www.instagram.com/api/v1/users/web_profile_info/?username=sanimax.nl
2025-07-05 16:37:40,272 - instagram_scraper - WARNING - send_request:136 - HTTP 401 for https://www.instagram.com/api/v1/users/web_profile_info/?username=sanimax.nl, attempt 2
2025-07-05 16:37:40,272 - instagram_scraper - INFO - send_request:146 - Retrying ...
2025-07-05 16:37:40,502 - instagram_scraper - DEBUG - send_request:128 - Response: 401 for https://www.instagram.com/api/v1/users/web_profile_info/?username=sanimax.nl
2025-07-05 16:37:40,502 - instagram_scraper - WARNING - send_request:136 - HTTP 401 for https://www.instagram.com/api/v1/users/web_profile_info/?username=sanimax.nl, attempt 3
2025-07-05 16:37:40,502 - instagram_scraper - INFO - send_request:146 - Retrying ...
2025-07-05 16:37:40,745 - instagram_scraper - DEBUG - send_request:128 - Response: 401 for https://www.instagram.com/api/v1/users/web_profile_info/?username=sanimax.nl
2025-07-05 16:37:40,745 - instagram_scraper - WARNING - send_request:136 - HTTP 401 for https://www.instagram.com/api/v1/users/web_profile_info/?username=sanimax.nl, attempt 4
2025-07-05 16:37:40,745 - instagram_scraper - INFO - send_request:146 - Retrying ...
2025-07-05 16:37:40,997 - instagram_scraper - DEBUG - send_request:128 - Response: 401 for https://www.instagram.com/api/v1/users/web_profile_info/?username=sanimax.nl
2025-07-05 16:37:40,997 - instagram_scraper - WARNING - send_request:136 - HTTP 401 for https://www.instagram.com/api/v1/users/web_profile_info/?username=sanimax.nl, attempt 5
2025-07-05 16:37:40,997 - instagram_scraper - INFO - send_request:146 - Retrying ...
2025-07-05 16:37:41,957 - instagram_scraper - DEBUG - send_request:128 - Response: 401 for https://www.instagram.com/api/v1/users/web_profile_info/?username=sanimax.nl
2025-07-05 16:37:41,957 - instagram_scraper - WARNING - send_request:136 - HTTP 401 for https://www.instagram.com/api/v1/users/web_profile_info/?username=sanimax.nl, attempt 6
2025-07-05 16:37:41,957 - instagram_scraper - INFO - send_request:146 - Retrying ...
2025-07-05 16:37:42,212 - instagram_scraper - DEBUG - send_request:128 - Response: 401 for https://www.instagram.com/api/v1/users/web_profile_info/?username=sanimax.nl
2025-07-05 16:37:42,212 - instagram_scraper - WARNING - send_request:136 - HTTP 401 for https://www.instagram.com/api/v1/users/web_profile_info/?username=sanimax.nl, attempt 7
2025-07-05 16:37:42,212 - instagram_scraper - INFO - send_request:146 - Retrying ...
2025-07-05 16:37:42,442 - instagram_scraper - DEBUG - send_request:128 - Response: 401 for https://www.instagram.com/api/v1/users/web_profile_info/?username=sanimax.nl
2025-07-05 16:37:42,442 - instagram_scraper - WARNING - send_request:136 - HTTP 401 for https://www.instagram.com/api/v1/users/web_profile_info/?username=sanimax.nl, attempt 8
2025-07-05 16:37:42,442 - instagram_scraper - INFO - send_request:146 - Retrying ...
2025-07-05 16:37:42,692 - instagram_scraper - DEBUG - send_request:128 - Response: 401 for https://www.instagram.com/api/v1/users/web_profile_info/?username=sanimax.nl
2025-07-05 16:37:42,692 - instagram_scraper - WARNING - send_request:136 - HTTP 401 for https://www.instagram.com/api/v1/users/web_profile_info/?username=sanimax.nl, attempt 9
2025-07-05 16:37:42,692 - instagram_scraper - INFO - send_request:146 - Retrying ...
2025-07-05 16:37:42,965 - instagram_scraper - DEBUG - send_request:128 - Response: 401 for https://www.instagram.com/api/v1/users/web_profile_info/?username=sanimax.nl
2025-07-05 16:37:42,965 - instagram_scraper - WARNING - send_request:136 - HTTP 401 for https://www.instagram.com/api/v1/users/web_profile_info/?username=sanimax.nl, attempt 10
2025-07-05 16:37:42,965 - instagram_scraper - ERROR - send_request:148 - Failed to fetch https://www.instagram.com/api/v1/users/web_profile_info/?username=sanimax.nl after 10 attempts
2025-07-05 16:37:42,965 - instagram_scraper - ERROR - scrape_user_posts:259 - Failed to fetch profile for user: sanimax.nl
2025-07-05 16:37:42,965 - instagram_scraper - INFO - main:386 - Scraping session completed: 0/1 users processed successfully
2025-07-05 16:37:42,965 - instagram_scraper - INFO - main:390 - User sanimax.nl: FAILED
