2025-05-28 07:23:15,461 - instagram_scraper - INFO - __init__:81 - Instagram scraper initialized successfully
2025-05-28 07:23:15,461 - instagram_scraper - INFO - __init__:82 - Using proxy endpoint: nl.smartproxy.com:10000
2025-05-28 07:23:15,521 - instagram_scraper - INFO - main:349 - Starting Instagram scraping session
2025-05-28 07:23:15,521 - instagram_scraper - INFO - scrape_multiple_users:333 - Starting scrape for user: sanimax.nl
2025-05-28 07:23:15,521 - instagram_scraper - INFO - scrape_user_posts:230 - Starting to scrape user: sanimax.nl
2025-05-28 07:23:15,521 - instagram_scraper - DEBUG - send_request:107 - Sending request to: https://www.instagram.com/api/v1/users/web_profile_info/?username=sanimax.nl
2025-05-28 07:23:17,408 - instagram_scraper - DEBUG - send_request:128 - Response: 401 for https://www.instagram.com/api/v1/users/web_profile_info/?username=sanimax.nl
2025-05-28 07:23:17,408 - instagram_scraper - WARNING - send_request:136 - HTTP 401 for https://www.instagram.com/api/v1/users/web_profile_info/?username=sanimax.nl, attempt 1
2025-05-28 07:23:17,408 - instagram_scraper - INFO - send_request:146 - Retrying ...
2025-05-28 07:23:17,644 - instagram_scraper - DEBUG - send_request:128 - Response: 401 for https://www.instagram.com/api/v1/users/web_profile_info/?username=sanimax.nl
2025-05-28 07:23:17,644 - instagram_scraper - WARNING - send_request:136 - HTTP 401 for https://www.instagram.com/api/v1/users/web_profile_info/?username=sanimax.nl, attempt 2
2025-05-28 07:23:17,644 - instagram_scraper - INFO - send_request:146 - Retrying ...
2025-05-28 07:23:17,970 - instagram_scraper - DEBUG - send_request:128 - Response: 401 for https://www.instagram.com/api/v1/users/web_profile_info/?username=sanimax.nl
2025-05-28 07:23:17,970 - instagram_scraper - WARNING - send_request:136 - HTTP 401 for https://www.instagram.com/api/v1/users/web_profile_info/?username=sanimax.nl, attempt 3
2025-05-28 07:23:17,970 - instagram_scraper - INFO - send_request:146 - Retrying ...
2025-05-28 07:23:18,244 - instagram_scraper - DEBUG - send_request:128 - Response: 401 for https://www.instagram.com/api/v1/users/web_profile_info/?username=sanimax.nl
2025-05-28 07:23:18,244 - instagram_scraper - WARNING - send_request:136 - HTTP 401 for https://www.instagram.com/api/v1/users/web_profile_info/?username=sanimax.nl, attempt 4
2025-05-28 07:23:18,244 - instagram_scraper - INFO - send_request:146 - Retrying ...
2025-05-28 07:23:18,484 - instagram_scraper - DEBUG - send_request:128 - Response: 401 for https://www.instagram.com/api/v1/users/web_profile_info/?username=sanimax.nl
2025-05-28 07:23:18,484 - instagram_scraper - WARNING - send_request:136 - HTTP 401 for https://www.instagram.com/api/v1/users/web_profile_info/?username=sanimax.nl, attempt 5
2025-05-28 07:23:18,484 - instagram_scraper - INFO - send_request:146 - Retrying ...
2025-05-28 07:23:18,762 - instagram_scraper - DEBUG - send_request:128 - Response: 401 for https://www.instagram.com/api/v1/users/web_profile_info/?username=sanimax.nl
2025-05-28 07:23:18,762 - instagram_scraper - WARNING - send_request:136 - HTTP 401 for https://www.instagram.com/api/v1/users/web_profile_info/?username=sanimax.nl, attempt 6
2025-05-28 07:23:18,762 - instagram_scraper - INFO - send_request:146 - Retrying ...
2025-05-28 07:23:18,998 - instagram_scraper - DEBUG - send_request:128 - Response: 401 for https://www.instagram.com/api/v1/users/web_profile_info/?username=sanimax.nl
2025-05-28 07:23:18,998 - instagram_scraper - WARNING - send_request:136 - HTTP 401 for https://www.instagram.com/api/v1/users/web_profile_info/?username=sanimax.nl, attempt 7
2025-05-28 07:23:18,998 - instagram_scraper - INFO - send_request:146 - Retrying ...
2025-05-28 07:23:19,280 - instagram_scraper - DEBUG - send_request:128 - Response: 401 for https://www.instagram.com/api/v1/users/web_profile_info/?username=sanimax.nl
2025-05-28 07:23:19,280 - instagram_scraper - WARNING - send_request:136 - HTTP 401 for https://www.instagram.com/api/v1/users/web_profile_info/?username=sanimax.nl, attempt 8
2025-05-28 07:23:19,280 - instagram_scraper - INFO - send_request:146 - Retrying ...
2025-05-28 07:23:19,552 - instagram_scraper - DEBUG - send_request:128 - Response: 401 for https://www.instagram.com/api/v1/users/web_profile_info/?username=sanimax.nl
2025-05-28 07:23:19,552 - instagram_scraper - WARNING - send_request:136 - HTTP 401 for https://www.instagram.com/api/v1/users/web_profile_info/?username=sanimax.nl, attempt 9
2025-05-28 07:23:19,552 - instagram_scraper - INFO - send_request:146 - Retrying ...
2025-05-28 07:23:21,264 - instagram_scraper - DEBUG - send_request:128 - Response: 200 for https://www.instagram.com/api/v1/users/web_profile_info/?username=sanimax.nl
2025-05-28 07:23:21,264 - instagram_scraper - INFO - send_request:131 - Successfully fetched: https://www.instagram.com/api/v1/users/web_profile_info/?username=sanimax.nl
2025-05-28 07:23:21,266 - instagram_scraper - INFO - scrape_user_posts:242 - Successfully fetched profile for sanimax.nl
2025-05-28 07:23:21,266 - instagram_scraper - INFO - scrape_user_posts:243 - User has 12 posts
2025-05-28 07:23:21,266 - instagram_scraper - INFO - scrape_user_posts:254 - Processing post 1/12 for user sanimax.nl
2025-05-28 07:23:21,266 - instagram_scraper - INFO - download_media:154 - Downloading media: media/9198584778_3640409148294343032.jpg
2025-05-28 07:23:21,266 - instagram_scraper - DEBUG - send_request:107 - Sending request to: https://scontent-ams2-1.cdninstagram.com/v/t39.30808-6/499543844_1298448435617684_6473105982830683882_n.jpg?stp=dst-jpg_e35_p1080x1080_sh0.08_tt6&_nc_ht=scontent-ams2-1.cdninstagram.com&_nc_cat=108&_nc_oc=Q6cZ2QE2DHqm7oIachTXf9Hoxsp8si6Ndu-BIhsYuQjLLCCWvFSqeMI9t_xAowqy7c0Y5qQ&_nc_ohc=5hTHmORoSzoQ7kNvwFpEBAl&_nc_gid=LtX8H7PsqUU4lORiG5Wt9A&edm=AOQ1c0wAAAAA&ccb=7-5&oh=00_AfJlJ7LAXZS655Fpr7CdjQ-__anY1NoPFWz0ekFswHeHmQ&oe=683CC6F9&_nc_sid=8b3546
2025-05-28 07:23:21,996 - instagram_scraper - DEBUG - send_request:128 - Response: 200 for https://scontent-ams2-1.cdninstagram.com/v/t39.30808-6/499543844_1298448435617684_6473105982830683882_n.jpg?stp=dst-jpg_e35_p1080x1080_sh0.08_tt6&_nc_ht=scontent-ams2-1.cdninstagram.com&_nc_cat=108&_nc_oc=Q6cZ2QE2DHqm7oIachTXf9Hoxsp8si6Ndu-BIhsYuQjLLCCWvFSqeMI9t_xAowqy7c0Y5qQ&_nc_ohc=5hTHmORoSzoQ7kNvwFpEBAl&_nc_gid=LtX8H7PsqUU4lORiG5Wt9A&edm=AOQ1c0wAAAAA&ccb=7-5&oh=00_AfJlJ7LAXZS655Fpr7CdjQ-__anY1NoPFWz0ekFswHeHmQ&oe=683CC6F9&_nc_sid=8b3546
2025-05-28 07:23:21,996 - instagram_scraper - INFO - send_request:131 - Successfully fetched: https://scontent-ams2-1.cdninstagram.com/v/t39.30808-6/499543844_1298448435617684_6473105982830683882_n.jpg?stp=dst-jpg_e35_p1080x1080_sh0.08_tt6&_nc_ht=scontent-ams2-1.cdninstagram.com&_nc_cat=108&_nc_oc=Q6cZ2QE2DHqm7oIachTXf9Hoxsp8si6Ndu-BIhsYuQjLLCCWvFSqeMI9t_xAowqy7c0Y5qQ&_nc_ohc=5hTHmORoSzoQ7kNvwFpEBAl&_nc_gid=LtX8H7PsqUU4lORiG5Wt9A&edm=AOQ1c0wAAAAA&ccb=7-5&oh=00_AfJlJ7LAXZS655Fpr7CdjQ-__anY1NoPFWz0ekFswHeHmQ&oe=683CC6F9&_nc_sid=8b3546
2025-05-28 07:23:22,389 - instagram_scraper - INFO - download_media:167 - Downloaded media/9198584778_3640409148294343032.jpg (157926 bytes)
2025-05-28 07:23:23,321 - instagram_scraper - INFO - upload_to_s3:95 - Uploaded to S3: s3://instapost-scraper-69696969/9198584778_3640409148294343032.jpg
2025-05-28 07:23:23,322 - instagram_scraper - INFO - download_media:171 - Successfully uploaded media/9198584778_3640409148294343032.jpg to S3
2025-05-28 07:23:23,322 - instagram_scraper - INFO - scrape_user_posts:273 - Downloaded image: media/9198584778_3640409148294343032.jpg
2025-05-28 07:23:23,325 - instagram_scraper - INFO - export_data:205 - Created new CSV file: data/instadata.csv
2025-05-28 07:23:23,325 - instagram_scraper - INFO - scrape_user_posts:312 - Successfully processed post 3640409148294343032
2025-05-28 07:23:23,325 - instagram_scraper - INFO - scrape_user_posts:254 - Processing post 2/12 for user sanimax.nl
2025-05-28 07:23:23,325 - instagram_scraper - INFO - download_media:154 - Downloading media: media/9198584778_3638211811299767991.mp4
2025-05-28 07:23:23,325 - instagram_scraper - DEBUG - send_request:107 - Sending request to: https://scontent-ams4-1.cdninstagram.com/o1/v/t16/f2/m86/AQN1SqKgudro4cS0NqU_FsCiJd75UR9RXKtP0Mvv4nJBtwWnKYaTDsc9MjBnMVxxRQieAD9UjrRVMRrTh5ynWM4tUbiQAcp9ZsRBL2I.mp4?stp=dst-mp4&efg=eyJxZV9ncm91cHMiOiJbXCJpZ193ZWJfZGVsaXZlcnlfdnRzX290ZlwiXSIsInZlbmNvZGVfdGFnIjoidnRzX3ZvZF91cmxnZW4uY2xpcHMuYzIuNzIwLmJhc2VsaW5lIn0&_nc_cat=109&vs=3019272894899152_3609462989&_nc_vs=HBksFQIYUmlnX3hwdl9yZWVsc19wZXJtYW5lbnRfc3JfcHJvZC9BNjQ5MThDMzY3NTQ0OEI2MjQ3MUUzMDM0MTlCNEM4RV92aWRlb19kYXNoaW5pdC5tcDQVAALIARIAFQIYOnBhc3N0aHJvdWdoX2V2ZXJzdG9yZS9HR1JSdngzV1RGWUpab29IQUlOcU4zMFMxekl6YnFfRUFBQUYVAgLIARIAKAAYABsAFQAAJv7tta%2FviLY%2FFQIoAkMzLBdAQMQ5WBBiThgSZGFzaF9iYXNlbGluZV8xX3YxEQB1%2Fgdl5p0BAA%3D%3D&_nc_rid=89e50e3579&ccb=9-4&oh=00_AfJx68omT5QQPzidMOHoT9rj9im1qXZXKlUB8_pgvAijzA&oe=6838B9B8&_nc_sid=8b3546
2025-05-28 07:23:25,498 - instagram_scraper - DEBUG - send_request:128 - Response: 200 for https://scontent-ams4-1.cdninstagram.com/o1/v/t16/f2/m86/AQN1SqKgudro4cS0NqU_FsCiJd75UR9RXKtP0Mvv4nJBtwWnKYaTDsc9MjBnMVxxRQieAD9UjrRVMRrTh5ynWM4tUbiQAcp9ZsRBL2I.mp4?stp=dst-mp4&efg=eyJxZV9ncm91cHMiOiJbXCJpZ193ZWJfZGVsaXZlcnlfdnRzX290ZlwiXSIsInZlbmNvZGVfdGFnIjoidnRzX3ZvZF91cmxnZW4uY2xpcHMuYzIuNzIwLmJhc2VsaW5lIn0&_nc_cat=109&vs=3019272894899152_3609462989&_nc_vs=HBksFQIYUmlnX3hwdl9yZWVsc19wZXJtYW5lbnRfc3JfcHJvZC9BNjQ5MThDMzY3NTQ0OEI2MjQ3MUUzMDM0MTlCNEM4RV92aWRlb19kYXNoaW5pdC5tcDQVAALIARIAFQIYOnBhc3N0aHJvdWdoX2V2ZXJzdG9yZS9HR1JSdngzV1RGWUpab29IQUlOcU4zMFMxekl6YnFfRUFBQUYVAgLIARIAKAAYABsAFQAAJv7tta%2FviLY%2FFQIoAkMzLBdAQMQ5WBBiThgSZGFzaF9iYXNlbGluZV8xX3YxEQB1%2Fgdl5p0BAA%3D%3D&_nc_rid=89e50e3579&ccb=9-4&oh=00_AfJx68omT5QQPzidMOHoT9rj9im1qXZXKlUB8_pgvAijzA&oe=6838B9B8&_nc_sid=8b3546
2025-05-28 07:23:25,498 - instagram_scraper - INFO - send_request:131 - Successfully fetched: https://scontent-ams4-1.cdninstagram.com/o1/v/t16/f2/m86/AQN1SqKgudro4cS0NqU_FsCiJd75UR9RXKtP0Mvv4nJBtwWnKYaTDsc9MjBnMVxxRQieAD9UjrRVMRrTh5ynWM4tUbiQAcp9ZsRBL2I.mp4?stp=dst-mp4&efg=eyJxZV9ncm91cHMiOiJbXCJpZ193ZWJfZGVsaXZlcnlfdnRzX290ZlwiXSIsInZlbmNvZGVfdGFnIjoidnRzX3ZvZF91cmxnZW4uY2xpcHMuYzIuNzIwLmJhc2VsaW5lIn0&_nc_cat=109&vs=3019272894899152_3609462989&_nc_vs=HBksFQIYUmlnX3hwdl9yZWVsc19wZXJtYW5lbnRfc3JfcHJvZC9BNjQ5MThDMzY3NTQ0OEI2MjQ3MUUzMDM0MTlCNEM4RV92aWRlb19kYXNoaW5pdC5tcDQVAALIARIAFQIYOnBhc3N0aHJvdWdoX2V2ZXJzdG9yZS9HR1JSdngzV1RGWUpab29IQUlOcU4zMFMxekl6YnFfRUFBQUYVAgLIARIAKAAYABsAFQAAJv7tta%2FviLY%2FFQIoAkMzLBdAQMQ5WBBiThgSZGFzaF9iYXNlbGluZV8xX3YxEQB1%2Fgdl5p0BAA%3D%3D&_nc_rid=89e50e3579&ccb=9-4&oh=00_AfJx68omT5QQPzidMOHoT9rj9im1qXZXKlUB8_pgvAijzA&oe=6838B9B8&_nc_sid=8b3546
2025-05-28 07:23:26,513 - instagram_scraper - INFO - download_media:167 - Downloaded media/9198584778_3638211811299767991.mp4 (4395117 bytes)
2025-05-28 07:23:27,783 - instagram_scraper - INFO - upload_to_s3:95 - Uploaded to S3: s3://instapost-scraper-69696969/9198584778_3638211811299767991.mp4
2025-05-28 07:23:27,783 - instagram_scraper - INFO - download_media:171 - Successfully uploaded media/9198584778_3638211811299767991.mp4 to S3
2025-05-28 07:23:27,784 - instagram_scraper - INFO - scrape_user_posts:266 - Downloaded video: media/9198584778_3638211811299767991.mp4
2025-05-28 07:23:27,784 - instagram_scraper - INFO - download_media:154 - Downloading media: media/9198584778_3638211811299767991.jpg
2025-05-28 07:23:27,784 - instagram_scraper - DEBUG - send_request:107 - Sending request to: https://scontent-ams4-1.cdninstagram.com/v/t51.2885-15/499993515_18248832907304779_48868825320232668_n.jpg?stp=dst-jpg_e35_p1080x1080_sh0.08_tt6&_nc_ht=scontent-ams4-1.cdninstagram.com&_nc_cat=107&_nc_oc=Q6cZ2QE2DHqm7oIachTXf9Hoxsp8si6Ndu-BIhsYuQjLLCCWvFSqeMI9t_xAowqy7c0Y5qQ&_nc_ohc=Cj1KpyJJzr0Q7kNvwEEqYei&_nc_gid=LtX8H7PsqUU4lORiG5Wt9A&edm=AOQ1c0wBAAAA&ccb=7-5&oh=00_AfJmlzRck9SXHBiPANrbRun9fJmG57SUM_huqgNaJ4K-Yg&oe=683CABA9&_nc_sid=8b3546
2025-05-28 07:23:28,606 - instagram_scraper - DEBUG - send_request:128 - Response: 200 for https://scontent-ams4-1.cdninstagram.com/v/t51.2885-15/499993515_18248832907304779_48868825320232668_n.jpg?stp=dst-jpg_e35_p1080x1080_sh0.08_tt6&_nc_ht=scontent-ams4-1.cdninstagram.com&_nc_cat=107&_nc_oc=Q6cZ2QE2DHqm7oIachTXf9Hoxsp8si6Ndu-BIhsYuQjLLCCWvFSqeMI9t_xAowqy7c0Y5qQ&_nc_ohc=Cj1KpyJJzr0Q7kNvwEEqYei&_nc_gid=LtX8H7PsqUU4lORiG5Wt9A&edm=AOQ1c0wBAAAA&ccb=7-5&oh=00_AfJmlzRck9SXHBiPANrbRun9fJmG57SUM_huqgNaJ4K-Yg&oe=683CABA9&_nc_sid=8b3546
2025-05-28 07:23:28,606 - instagram_scraper - INFO - send_request:131 - Successfully fetched: https://scontent-ams4-1.cdninstagram.com/v/t51.2885-15/499993515_18248832907304779_48868825320232668_n.jpg?stp=dst-jpg_e35_p1080x1080_sh0.08_tt6&_nc_ht=scontent-ams4-1.cdninstagram.com&_nc_cat=107&_nc_oc=Q6cZ2QE2DHqm7oIachTXf9Hoxsp8si6Ndu-BIhsYuQjLLCCWvFSqeMI9t_xAowqy7c0Y5qQ&_nc_ohc=Cj1KpyJJzr0Q7kNvwEEqYei&_nc_gid=LtX8H7PsqUU4lORiG5Wt9A&edm=AOQ1c0wBAAAA&ccb=7-5&oh=00_AfJmlzRck9SXHBiPANrbRun9fJmG57SUM_huqgNaJ4K-Yg&oe=683CABA9&_nc_sid=8b3546
2025-05-28 07:23:29,025 - instagram_scraper - INFO - download_media:167 - Downloaded media/9198584778_3638211811299767991.jpg (209918 bytes)
2025-05-28 07:23:29,476 - instagram_scraper - INFO - upload_to_s3:95 - Uploaded to S3: s3://instapost-scraper-69696969/9198584778_3638211811299767991.jpg
2025-05-28 07:23:29,476 - instagram_scraper - INFO - download_media:171 - Successfully uploaded media/9198584778_3638211811299767991.jpg to S3
2025-05-28 07:23:29,477 - instagram_scraper - INFO - scrape_user_posts:273 - Downloaded image: media/9198584778_3638211811299767991.jpg
2025-05-28 07:23:29,478 - instagram_scraper - DEBUG - export_data:208 - Appended data to: data/instadata.csv
2025-05-28 07:23:29,479 - instagram_scraper - INFO - scrape_user_posts:312 - Successfully processed post 3638211811299767991
2025-05-28 07:23:29,479 - instagram_scraper - INFO - scrape_user_posts:254 - Processing post 3/12 for user sanimax.nl
2025-05-28 07:23:29,479 - instagram_scraper - INFO - download_media:154 - Downloading media: media/9198584778_3636023362176378230.jpg
2025-05-28 07:23:29,479 - instagram_scraper - DEBUG - send_request:107 - Sending request to: https://scontent-ams4-1.cdninstagram.com/v/t39.30808-6/499666602_1297611879034673_3486255548253876135_n.jpg?stp=dst-jpg_e35_p1080x1080_sh0.08_tt6&_nc_ht=scontent-ams4-1.cdninstagram.com&_nc_cat=105&_nc_oc=Q6cZ2QE2DHqm7oIachTXf9Hoxsp8si6Ndu-BIhsYuQjLLCCWvFSqeMI9t_xAowqy7c0Y5qQ&_nc_ohc=V6zR_8Tn1fgQ7kNvwFaEt58&_nc_gid=LtX8H7PsqUU4lORiG5Wt9A&edm=AOQ1c0wAAAAA&ccb=7-5&oh=00_AfL2094zbTK2CnQhiFyfZJ_vXqyqF6DYOx3IzAIObVSQ-A&oe=683CAB55&_nc_sid=8b3546
2025-05-28 07:23:30,080 - instagram_scraper - DEBUG - send_request:128 - Response: 200 for https://scontent-ams4-1.cdninstagram.com/v/t39.30808-6/499666602_1297611879034673_3486255548253876135_n.jpg?stp=dst-jpg_e35_p1080x1080_sh0.08_tt6&_nc_ht=scontent-ams4-1.cdninstagram.com&_nc_cat=105&_nc_oc=Q6cZ2QE2DHqm7oIachTXf9Hoxsp8si6Ndu-BIhsYuQjLLCCWvFSqeMI9t_xAowqy7c0Y5qQ&_nc_ohc=V6zR_8Tn1fgQ7kNvwFaEt58&_nc_gid=LtX8H7PsqUU4lORiG5Wt9A&edm=AOQ1c0wAAAAA&ccb=7-5&oh=00_AfL2094zbTK2CnQhiFyfZJ_vXqyqF6DYOx3IzAIObVSQ-A&oe=683CAB55&_nc_sid=8b3546
2025-05-28 07:23:30,080 - instagram_scraper - INFO - send_request:131 - Successfully fetched: https://scontent-ams4-1.cdninstagram.com/v/t39.30808-6/499666602_1297611879034673_3486255548253876135_n.jpg?stp=dst-jpg_e35_p1080x1080_sh0.08_tt6&_nc_ht=scontent-ams4-1.cdninstagram.com&_nc_cat=105&_nc_oc=Q6cZ2QE2DHqm7oIachTXf9Hoxsp8si6Ndu-BIhsYuQjLLCCWvFSqeMI9t_xAowqy7c0Y5qQ&_nc_ohc=V6zR_8Tn1fgQ7kNvwFaEt58&_nc_gid=LtX8H7PsqUU4lORiG5Wt9A&edm=AOQ1c0wAAAAA&ccb=7-5&oh=00_AfL2094zbTK2CnQhiFyfZJ_vXqyqF6DYOx3IzAIObVSQ-A&oe=683CAB55&_nc_sid=8b3546
2025-05-28 07:23:30,452 - instagram_scraper - INFO - download_media:167 - Downloaded media/9198584778_3636023362176378230.jpg (117726 bytes)
2025-05-28 07:23:30,827 - instagram_scraper - INFO - upload_to_s3:95 - Uploaded to S3: s3://instapost-scraper-69696969/9198584778_3636023362176378230.jpg
2025-05-28 07:23:30,827 - instagram_scraper - INFO - download_media:171 - Successfully uploaded media/9198584778_3636023362176378230.jpg to S3
2025-05-28 07:23:30,828 - instagram_scraper - INFO - scrape_user_posts:273 - Downloaded image: media/9198584778_3636023362176378230.jpg
2025-05-28 07:23:30,830 - instagram_scraper - DEBUG - export_data:208 - Appended data to: data/instadata.csv
2025-05-28 07:23:30,830 - instagram_scraper - INFO - scrape_user_posts:312 - Successfully processed post 3636023362176378230
2025-05-28 07:23:30,830 - instagram_scraper - INFO - scrape_user_posts:254 - Processing post 4/12 for user sanimax.nl
2025-05-28 07:23:30,830 - instagram_scraper - INFO - download_media:154 - Downloading media: media/9198584778_3634566075782314296.jpg
2025-05-28 07:23:30,830 - instagram_scraper - DEBUG - send_request:107 - Sending request to: https://scontent-ams2-1.cdninstagram.com/v/t39.30808-6/498305576_1295715379224323_6910552900011939144_n.jpg?stp=dst-jpg_e35_p1080x1080_sh0.08_tt6&_nc_ht=scontent-ams2-1.cdninstagram.com&_nc_cat=111&_nc_oc=Q6cZ2QE2DHqm7oIachTXf9Hoxsp8si6Ndu-BIhsYuQjLLCCWvFSqeMI9t_xAowqy7c0Y5qQ&_nc_ohc=HwkI4EjBMbMQ7kNvwF5-5ki&_nc_gid=LtX8H7PsqUU4lORiG5Wt9A&edm=AOQ1c0wAAAAA&ccb=7-5&oh=00_AfKWjfaTdj1l3lhdfNkYFzxLxq_zfMfUJYF34aNGRlFf1A&oe=683CAA33&_nc_sid=8b3546
2025-05-28 07:23:31,532 - instagram_scraper - DEBUG - send_request:128 - Response: 200 for https://scontent-ams2-1.cdninstagram.com/v/t39.30808-6/498305576_1295715379224323_6910552900011939144_n.jpg?stp=dst-jpg_e35_p1080x1080_sh0.08_tt6&_nc_ht=scontent-ams2-1.cdninstagram.com&_nc_cat=111&_nc_oc=Q6cZ2QE2DHqm7oIachTXf9Hoxsp8si6Ndu-BIhsYuQjLLCCWvFSqeMI9t_xAowqy7c0Y5qQ&_nc_ohc=HwkI4EjBMbMQ7kNvwF5-5ki&_nc_gid=LtX8H7PsqUU4lORiG5Wt9A&edm=AOQ1c0wAAAAA&ccb=7-5&oh=00_AfKWjfaTdj1l3lhdfNkYFzxLxq_zfMfUJYF34aNGRlFf1A&oe=683CAA33&_nc_sid=8b3546
2025-05-28 07:23:31,532 - instagram_scraper - INFO - send_request:131 - Successfully fetched: https://scontent-ams2-1.cdninstagram.com/v/t39.30808-6/498305576_1295715379224323_6910552900011939144_n.jpg?stp=dst-jpg_e35_p1080x1080_sh0.08_tt6&_nc_ht=scontent-ams2-1.cdninstagram.com&_nc_cat=111&_nc_oc=Q6cZ2QE2DHqm7oIachTXf9Hoxsp8si6Ndu-BIhsYuQjLLCCWvFSqeMI9t_xAowqy7c0Y5qQ&_nc_ohc=HwkI4EjBMbMQ7kNvwF5-5ki&_nc_gid=LtX8H7PsqUU4lORiG5Wt9A&edm=AOQ1c0wAAAAA&ccb=7-5&oh=00_AfKWjfaTdj1l3lhdfNkYFzxLxq_zfMfUJYF34aNGRlFf1A&oe=683CAA33&_nc_sid=8b3546
2025-05-28 07:23:31,909 - instagram_scraper - INFO - download_media:167 - Downloaded media/9198584778_3634566075782314296.jpg (113922 bytes)
2025-05-28 07:23:32,397 - instagram_scraper - INFO - upload_to_s3:95 - Uploaded to S3: s3://instapost-scraper-69696969/9198584778_3634566075782314296.jpg
2025-05-28 07:23:32,397 - instagram_scraper - INFO - download_media:171 - Successfully uploaded media/9198584778_3634566075782314296.jpg to S3
2025-05-28 07:23:32,398 - instagram_scraper - INFO - scrape_user_posts:273 - Downloaded image: media/9198584778_3634566075782314296.jpg
2025-05-28 07:23:32,399 - instagram_scraper - DEBUG - export_data:208 - Appended data to: data/instadata.csv
2025-05-28 07:23:32,399 - instagram_scraper - INFO - scrape_user_posts:312 - Successfully processed post 3634566075782314296
2025-05-28 07:23:32,399 - instagram_scraper - INFO - scrape_user_posts:254 - Processing post 5/12 for user sanimax.nl
2025-05-28 07:23:32,399 - instagram_scraper - INFO - download_media:154 - Downloading media: media/9198584778_3633116445929941065.jpg
2025-05-28 07:23:32,399 - instagram_scraper - DEBUG - send_request:107 - Sending request to: https://scontent-ams4-1.cdninstagram.com/v/t39.30808-6/497463763_1294237109372150_1116892150698817605_n.jpg?stp=dst-jpg_e35_p1080x1080_sh0.08_tt6&_nc_ht=scontent-ams4-1.cdninstagram.com&_nc_cat=102&_nc_oc=Q6cZ2QE2DHqm7oIachTXf9Hoxsp8si6Ndu-BIhsYuQjLLCCWvFSqeMI9t_xAowqy7c0Y5qQ&_nc_ohc=RxziMii7bEUQ7kNvwGqRzDo&_nc_gid=LtX8H7PsqUU4lORiG5Wt9A&edm=AOQ1c0wAAAAA&ccb=7-5&oh=00_AfIHjtHDLY7C1O1gulkf1RIwMhpQVJv0khB65Y33CL1Gyg&oe=683CC78E&_nc_sid=8b3546
2025-05-28 07:23:33,019 - instagram_scraper - DEBUG - send_request:128 - Response: 200 for https://scontent-ams4-1.cdninstagram.com/v/t39.30808-6/497463763_1294237109372150_1116892150698817605_n.jpg?stp=dst-jpg_e35_p1080x1080_sh0.08_tt6&_nc_ht=scontent-ams4-1.cdninstagram.com&_nc_cat=102&_nc_oc=Q6cZ2QE2DHqm7oIachTXf9Hoxsp8si6Ndu-BIhsYuQjLLCCWvFSqeMI9t_xAowqy7c0Y5qQ&_nc_ohc=RxziMii7bEUQ7kNvwGqRzDo&_nc_gid=LtX8H7PsqUU4lORiG5Wt9A&edm=AOQ1c0wAAAAA&ccb=7-5&oh=00_AfIHjtHDLY7C1O1gulkf1RIwMhpQVJv0khB65Y33CL1Gyg&oe=683CC78E&_nc_sid=8b3546
2025-05-28 07:23:33,019 - instagram_scraper - INFO - send_request:131 - Successfully fetched: https://scontent-ams4-1.cdninstagram.com/v/t39.30808-6/497463763_1294237109372150_1116892150698817605_n.jpg?stp=dst-jpg_e35_p1080x1080_sh0.08_tt6&_nc_ht=scontent-ams4-1.cdninstagram.com&_nc_cat=102&_nc_oc=Q6cZ2QE2DHqm7oIachTXf9Hoxsp8si6Ndu-BIhsYuQjLLCCWvFSqeMI9t_xAowqy7c0Y5qQ&_nc_ohc=RxziMii7bEUQ7kNvwGqRzDo&_nc_gid=LtX8H7PsqUU4lORiG5Wt9A&edm=AOQ1c0wAAAAA&ccb=7-5&oh=00_AfIHjtHDLY7C1O1gulkf1RIwMhpQVJv0khB65Y33CL1Gyg&oe=683CC78E&_nc_sid=8b3546
2025-05-28 07:23:33,403 - instagram_scraper - INFO - download_media:167 - Downloaded media/9198584778_3633116445929941065.jpg (137899 bytes)
2025-05-28 07:23:34,073 - instagram_scraper - INFO - upload_to_s3:95 - Uploaded to S3: s3://instapost-scraper-69696969/9198584778_3633116445929941065.jpg
2025-05-28 07:23:34,073 - instagram_scraper - INFO - download_media:171 - Successfully uploaded media/9198584778_3633116445929941065.jpg to S3
2025-05-28 07:23:34,074 - instagram_scraper - INFO - scrape_user_posts:273 - Downloaded image: media/9198584778_3633116445929941065.jpg
2025-05-28 07:23:34,075 - instagram_scraper - DEBUG - export_data:208 - Appended data to: data/instadata.csv
2025-05-28 07:23:34,075 - instagram_scraper - INFO - scrape_user_posts:312 - Successfully processed post 3633116445929941065
2025-05-28 07:23:34,075 - instagram_scraper - INFO - scrape_user_posts:254 - Processing post 6/12 for user sanimax.nl
2025-05-28 07:23:34,075 - instagram_scraper - INFO - download_media:154 - Downloading media: media/9198584778_3631722635505286549.jpg
2025-05-28 07:23:34,075 - instagram_scraper - DEBUG - send_request:107 - Sending request to: https://scontent-ams4-1.cdninstagram.com/v/t39.30808-6/496805087_1292689642860230_2231687417454586093_n.jpg?stp=dst-jpg_e35_p1080x1080_sh0.08_tt6&_nc_ht=scontent-ams4-1.cdninstagram.com&_nc_cat=102&_nc_oc=Q6cZ2QE2DHqm7oIachTXf9Hoxsp8si6Ndu-BIhsYuQjLLCCWvFSqeMI9t_xAowqy7c0Y5qQ&_nc_ohc=Ibk13S1RQnUQ7kNvwE6IxdQ&_nc_gid=LtX8H7PsqUU4lORiG5Wt9A&edm=AOQ1c0wAAAAA&ccb=7-5&oh=00_AfIfCjtGwyk4AkV_MeG72FOuFsbxgwC9n5_dALDWCqygiQ&oe=683CBF5B&_nc_sid=8b3546
2025-05-28 07:23:35,591 - instagram_scraper - DEBUG - send_request:128 - Response: 200 for https://scontent-ams4-1.cdninstagram.com/v/t39.30808-6/496805087_1292689642860230_2231687417454586093_n.jpg?stp=dst-jpg_e35_p1080x1080_sh0.08_tt6&_nc_ht=scontent-ams4-1.cdninstagram.com&_nc_cat=102&_nc_oc=Q6cZ2QE2DHqm7oIachTXf9Hoxsp8si6Ndu-BIhsYuQjLLCCWvFSqeMI9t_xAowqy7c0Y5qQ&_nc_ohc=Ibk13S1RQnUQ7kNvwE6IxdQ&_nc_gid=LtX8H7PsqUU4lORiG5Wt9A&edm=AOQ1c0wAAAAA&ccb=7-5&oh=00_AfIfCjtGwyk4AkV_MeG72FOuFsbxgwC9n5_dALDWCqygiQ&oe=683CBF5B&_nc_sid=8b3546
2025-05-28 07:23:35,591 - instagram_scraper - INFO - send_request:131 - Successfully fetched: https://scontent-ams4-1.cdninstagram.com/v/t39.30808-6/496805087_1292689642860230_2231687417454586093_n.jpg?stp=dst-jpg_e35_p1080x1080_sh0.08_tt6&_nc_ht=scontent-ams4-1.cdninstagram.com&_nc_cat=102&_nc_oc=Q6cZ2QE2DHqm7oIachTXf9Hoxsp8si6Ndu-BIhsYuQjLLCCWvFSqeMI9t_xAowqy7c0Y5qQ&_nc_ohc=Ibk13S1RQnUQ7kNvwE6IxdQ&_nc_gid=LtX8H7PsqUU4lORiG5Wt9A&edm=AOQ1c0wAAAAA&ccb=7-5&oh=00_AfIfCjtGwyk4AkV_MeG72FOuFsbxgwC9n5_dALDWCqygiQ&oe=683CBF5B&_nc_sid=8b3546
2025-05-28 07:23:36,011 - instagram_scraper - INFO - download_media:167 - Downloaded media/9198584778_3631722635505286549.jpg (132386 bytes)
2025-05-28 07:23:36,610 - instagram_scraper - INFO - upload_to_s3:95 - Uploaded to S3: s3://instapost-scraper-69696969/9198584778_3631722635505286549.jpg
2025-05-28 07:23:36,611 - instagram_scraper - INFO - download_media:171 - Successfully uploaded media/9198584778_3631722635505286549.jpg to S3
2025-05-28 07:23:36,611 - instagram_scraper - INFO - scrape_user_posts:273 - Downloaded image: media/9198584778_3631722635505286549.jpg
2025-05-28 07:23:36,612 - instagram_scraper - DEBUG - export_data:208 - Appended data to: data/instadata.csv
2025-05-28 07:23:36,612 - instagram_scraper - INFO - scrape_user_posts:312 - Successfully processed post 3631722635505286549
2025-05-28 07:23:36,612 - instagram_scraper - INFO - scrape_user_posts:254 - Processing post 7/12 for user sanimax.nl
2025-05-28 07:23:36,612 - instagram_scraper - INFO - download_media:154 - Downloading media: media/9198584778_3628780091075088552.mp4
2025-05-28 07:23:36,613 - instagram_scraper - DEBUG - send_request:107 - Sending request to: https://scontent-ams4-1.cdninstagram.com/o1/v/t16/f2/m86/AQM6LA9rpGd7AloJjB0jbq9TeHcBUaUmkERRHoeer0UyEsUYuztRz3mur1ksKv38S2PMC0i1eO-lJ9GsIxfFUySFKTa6Y8Y5e86-d7s.mp4?stp=dst-mp4&efg=eyJxZV9ncm91cHMiOiJbXCJpZ193ZWJfZGVsaXZlcnlfdnRzX290ZlwiXSIsInZlbmNvZGVfdGFnIjoidnRzX3ZvZF91cmxnZW4uY2xpcHMuYzIuNzIwLmJhc2VsaW5lIn0&_nc_cat=107&vs=659900403513692_76166196&_nc_vs=HBksFQIYUmlnX3hwdl9yZWVsc19wZXJtYW5lbnRfc3JfcHJvZC9CNDQzMTA5MDgwNTk0RkE0M0RBQkQzM0RBRjU1NkJCQV92aWRlb19kYXNoaW5pdC5tcDQVAALIARIAFQIYOnBhc3N0aHJvdWdoX2V2ZXJzdG9yZS9HRjR3U0IyTVZJcGtRa0VEQUozb0Q5V2ljVEZtYnFfRUFBQUYVAgLIARIAKAAYABsAFQAAJuCI5tXEtoVAFQIoAkMzLBdAMlFocrAgxRgSZGFzaF9iYXNlbGluZV8xX3YxEQB1%2Fgdl5p0BAA%3D%3D&_nc_rid=89e5021a03&ccb=9-4&oh=00_AfJpFz09W0OSFW1Au-ThO_sIZyi2rIgN-orGw0G7w0pWrA&oe=6838D6DC&_nc_sid=8b3546
2025-05-28 07:23:38,133 - instagram_scraper - DEBUG - send_request:128 - Response: 200 for https://scontent-ams4-1.cdninstagram.com/o1/v/t16/f2/m86/AQM6LA9rpGd7AloJjB0jbq9TeHcBUaUmkERRHoeer0UyEsUYuztRz3mur1ksKv38S2PMC0i1eO-lJ9GsIxfFUySFKTa6Y8Y5e86-d7s.mp4?stp=dst-mp4&efg=eyJxZV9ncm91cHMiOiJbXCJpZ193ZWJfZGVsaXZlcnlfdnRzX290ZlwiXSIsInZlbmNvZGVfdGFnIjoidnRzX3ZvZF91cmxnZW4uY2xpcHMuYzIuNzIwLmJhc2VsaW5lIn0&_nc_cat=107&vs=659900403513692_76166196&_nc_vs=HBksFQIYUmlnX3hwdl9yZWVsc19wZXJtYW5lbnRfc3JfcHJvZC9CNDQzMTA5MDgwNTk0RkE0M0RBQkQzM0RBRjU1NkJCQV92aWRlb19kYXNoaW5pdC5tcDQVAALIARIAFQIYOnBhc3N0aHJvdWdoX2V2ZXJzdG9yZS9HRjR3U0IyTVZJcGtRa0VEQUozb0Q5V2ljVEZtYnFfRUFBQUYVAgLIARIAKAAYABsAFQAAJuCI5tXEtoVAFQIoAkMzLBdAMlFocrAgxRgSZGFzaF9iYXNlbGluZV8xX3YxEQB1%2Fgdl5p0BAA%3D%3D&_nc_rid=89e5021a03&ccb=9-4&oh=00_AfJpFz09W0OSFW1Au-ThO_sIZyi2rIgN-orGw0G7w0pWrA&oe=6838D6DC&_nc_sid=8b3546
2025-05-28 07:23:38,133 - instagram_scraper - INFO - send_request:131 - Successfully fetched: https://scontent-ams4-1.cdninstagram.com/o1/v/t16/f2/m86/AQM6LA9rpGd7AloJjB0jbq9TeHcBUaUmkERRHoeer0UyEsUYuztRz3mur1ksKv38S2PMC0i1eO-lJ9GsIxfFUySFKTa6Y8Y5e86-d7s.mp4?stp=dst-mp4&efg=eyJxZV9ncm91cHMiOiJbXCJpZ193ZWJfZGVsaXZlcnlfdnRzX290ZlwiXSIsInZlbmNvZGVfdGFnIjoidnRzX3ZvZF91cmxnZW4uY2xpcHMuYzIuNzIwLmJhc2VsaW5lIn0&_nc_cat=107&vs=659900403513692_76166196&_nc_vs=HBksFQIYUmlnX3hwdl9yZWVsc19wZXJtYW5lbnRfc3JfcHJvZC9CNDQzMTA5MDgwNTk0RkE0M0RBQkQzM0RBRjU1NkJCQV92aWRlb19kYXNoaW5pdC5tcDQVAALIARIAFQIYOnBhc3N0aHJvdWdoX2V2ZXJzdG9yZS9HRjR3U0IyTVZJcGtRa0VEQUozb0Q5V2ljVEZtYnFfRUFBQUYVAgLIARIAKAAYABsAFQAAJuCI5tXEtoVAFQIoAkMzLBdAMlFocrAgxRgSZGFzaF9iYXNlbGluZV8xX3YxEQB1%2Fgdl5p0BAA%3D%3D&_nc_rid=89e5021a03&ccb=9-4&oh=00_AfJpFz09W0OSFW1Au-ThO_sIZyi2rIgN-orGw0G7w0pWrA&oe=6838D6DC&_nc_sid=8b3546
2025-05-28 07:23:38,898 - instagram_scraper - INFO - download_media:167 - Downloaded media/9198584778_3628780091075088552.mp4 (1532452 bytes)
2025-05-28 07:23:39,965 - instagram_scraper - INFO - upload_to_s3:95 - Uploaded to S3: s3://instapost-scraper-69696969/9198584778_3628780091075088552.mp4
2025-05-28 07:23:39,965 - instagram_scraper - INFO - download_media:171 - Successfully uploaded media/9198584778_3628780091075088552.mp4 to S3
2025-05-28 07:23:39,966 - instagram_scraper - INFO - scrape_user_posts:266 - Downloaded video: media/9198584778_3628780091075088552.mp4
2025-05-28 07:23:39,966 - instagram_scraper - INFO - download_media:154 - Downloading media: media/9198584778_3628780091075088552.jpg
2025-05-28 07:23:39,966 - instagram_scraper - DEBUG - send_request:107 - Sending request to: https://scontent-ams4-1.cdninstagram.com/v/t51.2885-15/496934323_1391989998785549_7386559426403457505_n.jpg?stp=dst-jpg_e15_tt6&_nc_ht=scontent-ams4-1.cdninstagram.com&_nc_cat=105&_nc_oc=Q6cZ2QE2DHqm7oIachTXf9Hoxsp8si6Ndu-BIhsYuQjLLCCWvFSqeMI9t_xAowqy7c0Y5qQ&_nc_ohc=4k-sl87ObMMQ7kNvwG7UdTH&_nc_gid=LtX8H7PsqUU4lORiG5Wt9A&edm=AOQ1c0wBAAAA&ccb=7-5&oh=00_AfKx1LfEuPLtV3KKYQ_nl0h5P0-6jucUOkdIseSxC781TA&oe=683CC934&_nc_sid=8b3546
2025-05-28 07:23:40,565 - instagram_scraper - DEBUG - send_request:128 - Response: 200 for https://scontent-ams4-1.cdninstagram.com/v/t51.2885-15/496934323_1391989998785549_7386559426403457505_n.jpg?stp=dst-jpg_e15_tt6&_nc_ht=scontent-ams4-1.cdninstagram.com&_nc_cat=105&_nc_oc=Q6cZ2QE2DHqm7oIachTXf9Hoxsp8si6Ndu-BIhsYuQjLLCCWvFSqeMI9t_xAowqy7c0Y5qQ&_nc_ohc=4k-sl87ObMMQ7kNvwG7UdTH&_nc_gid=LtX8H7PsqUU4lORiG5Wt9A&edm=AOQ1c0wBAAAA&ccb=7-5&oh=00_AfKx1LfEuPLtV3KKYQ_nl0h5P0-6jucUOkdIseSxC781TA&oe=683CC934&_nc_sid=8b3546
2025-05-28 07:23:40,566 - instagram_scraper - INFO - send_request:131 - Successfully fetched: https://scontent-ams4-1.cdninstagram.com/v/t51.2885-15/496934323_1391989998785549_7386559426403457505_n.jpg?stp=dst-jpg_e15_tt6&_nc_ht=scontent-ams4-1.cdninstagram.com&_nc_cat=105&_nc_oc=Q6cZ2QE2DHqm7oIachTXf9Hoxsp8si6Ndu-BIhsYuQjLLCCWvFSqeMI9t_xAowqy7c0Y5qQ&_nc_ohc=4k-sl87ObMMQ7kNvwG7UdTH&_nc_gid=LtX8H7PsqUU4lORiG5Wt9A&edm=AOQ1c0wBAAAA&ccb=7-5&oh=00_AfKx1LfEuPLtV3KKYQ_nl0h5P0-6jucUOkdIseSxC781TA&oe=683CC934&_nc_sid=8b3546
2025-05-28 07:23:40,693 - instagram_scraper - INFO - download_media:167 - Downloaded media/9198584778_3628780091075088552.jpg (17951 bytes)
2025-05-28 07:23:40,948 - instagram_scraper - INFO - upload_to_s3:95 - Uploaded to S3: s3://instapost-scraper-69696969/9198584778_3628780091075088552.jpg
2025-05-28 07:23:40,948 - instagram_scraper - INFO - download_media:171 - Successfully uploaded media/9198584778_3628780091075088552.jpg to S3
2025-05-28 07:23:40,949 - instagram_scraper - INFO - scrape_user_posts:273 - Downloaded image: media/9198584778_3628780091075088552.jpg
2025-05-28 07:23:40,950 - instagram_scraper - DEBUG - export_data:208 - Appended data to: data/instadata.csv
2025-05-28 07:23:40,950 - instagram_scraper - INFO - scrape_user_posts:312 - Successfully processed post 3628780091075088552
2025-05-28 07:23:40,950 - instagram_scraper - INFO - scrape_user_posts:254 - Processing post 8/12 for user sanimax.nl
2025-05-28 07:23:40,950 - instagram_scraper - INFO - download_media:154 - Downloading media: media/9198584778_3628070059614371277.jpg
2025-05-28 07:23:40,950 - instagram_scraper - DEBUG - send_request:107 - Sending request to: https://scontent-ams4-1.cdninstagram.com/v/t51.2885-15/495792127_18247366405304779_7986796787501071200_n.jpg?stp=dst-jpg_e35_p1080x1080_sh0.08_tt6&_nc_ht=scontent-ams4-1.cdninstagram.com&_nc_cat=107&_nc_oc=Q6cZ2QE2DHqm7oIachTXf9Hoxsp8si6Ndu-BIhsYuQjLLCCWvFSqeMI9t_xAowqy7c0Y5qQ&_nc_ohc=NTCW0zDqjE8Q7kNvwGMlsMR&_nc_gid=LtX8H7PsqUU4lORiG5Wt9A&edm=AOQ1c0wBAAAA&ccb=7-5&oh=00_AfIlKTBa-nWJ8M7QeF-nc8T5p8yRS7HGtUq2HiLaIj__fw&oe=683CDDD0&_nc_sid=8b3546
2025-05-28 07:23:41,521 - instagram_scraper - DEBUG - send_request:128 - Response: 200 for https://scontent-ams4-1.cdninstagram.com/v/t51.2885-15/495792127_18247366405304779_7986796787501071200_n.jpg?stp=dst-jpg_e35_p1080x1080_sh0.08_tt6&_nc_ht=scontent-ams4-1.cdninstagram.com&_nc_cat=107&_nc_oc=Q6cZ2QE2DHqm7oIachTXf9Hoxsp8si6Ndu-BIhsYuQjLLCCWvFSqeMI9t_xAowqy7c0Y5qQ&_nc_ohc=NTCW0zDqjE8Q7kNvwGMlsMR&_nc_gid=LtX8H7PsqUU4lORiG5Wt9A&edm=AOQ1c0wBAAAA&ccb=7-5&oh=00_AfIlKTBa-nWJ8M7QeF-nc8T5p8yRS7HGtUq2HiLaIj__fw&oe=683CDDD0&_nc_sid=8b3546
2025-05-28 07:23:41,521 - instagram_scraper - INFO - send_request:131 - Successfully fetched: https://scontent-ams4-1.cdninstagram.com/v/t51.2885-15/495792127_18247366405304779_7986796787501071200_n.jpg?stp=dst-jpg_e35_p1080x1080_sh0.08_tt6&_nc_ht=scontent-ams4-1.cdninstagram.com&_nc_cat=107&_nc_oc=Q6cZ2QE2DHqm7oIachTXf9Hoxsp8si6Ndu-BIhsYuQjLLCCWvFSqeMI9t_xAowqy7c0Y5qQ&_nc_ohc=NTCW0zDqjE8Q7kNvwGMlsMR&_nc_gid=LtX8H7PsqUU4lORiG5Wt9A&edm=AOQ1c0wBAAAA&ccb=7-5&oh=00_AfIlKTBa-nWJ8M7QeF-nc8T5p8yRS7HGtUq2HiLaIj__fw&oe=683CDDD0&_nc_sid=8b3546
2025-05-28 07:23:41,802 - instagram_scraper - INFO - download_media:167 - Downloaded media/9198584778_3628070059614371277.jpg (86987 bytes)
2025-05-28 07:23:42,064 - instagram_scraper - INFO - upload_to_s3:95 - Uploaded to S3: s3://instapost-scraper-69696969/9198584778_3628070059614371277.jpg
2025-05-28 07:23:42,064 - instagram_scraper - INFO - download_media:171 - Successfully uploaded media/9198584778_3628070059614371277.jpg to S3
2025-05-28 07:23:42,065 - instagram_scraper - INFO - scrape_user_posts:273 - Downloaded image: media/9198584778_3628070059614371277.jpg
2025-05-28 07:23:42,066 - instagram_scraper - DEBUG - export_data:208 - Appended data to: data/instadata.csv
2025-05-28 07:23:42,066 - instagram_scraper - INFO - scrape_user_posts:312 - Successfully processed post 3628070059614371277
2025-05-28 07:23:42,066 - instagram_scraper - INFO - scrape_user_posts:254 - Processing post 9/12 for user sanimax.nl
2025-05-28 07:23:42,066 - instagram_scraper - INFO - download_media:154 - Downloading media: media/9198584778_3627259324231465525.jpg
2025-05-28 07:23:42,066 - instagram_scraper - DEBUG - send_request:107 - Sending request to: https://scontent-ams4-1.cdninstagram.com/v/t51.2885-15/495728739_18247252891304779_7252786130906399794_n.jpg?stp=dst-jpg_e35_p1080x1080_sh0.08_tt6&_nc_ht=scontent-ams4-1.cdninstagram.com&_nc_cat=107&_nc_oc=Q6cZ2QE2DHqm7oIachTXf9Hoxsp8si6Ndu-BIhsYuQjLLCCWvFSqeMI9t_xAowqy7c0Y5qQ&_nc_ohc=3NWw_V4YAcwQ7kNvwGChLe7&_nc_gid=LtX8H7PsqUU4lORiG5Wt9A&edm=AOQ1c0wBAAAA&ccb=7-5&oh=00_AfINs3-7shnrWhd_vnEFvMW8bHGRSWwFFfavAyUvjxsm7Q&oe=683CCD57&_nc_sid=8b3546
2025-05-28 07:23:43,312 - instagram_scraper - DEBUG - send_request:128 - Response: 200 for https://scontent-ams4-1.cdninstagram.com/v/t51.2885-15/495728739_18247252891304779_7252786130906399794_n.jpg?stp=dst-jpg_e35_p1080x1080_sh0.08_tt6&_nc_ht=scontent-ams4-1.cdninstagram.com&_nc_cat=107&_nc_oc=Q6cZ2QE2DHqm7oIachTXf9Hoxsp8si6Ndu-BIhsYuQjLLCCWvFSqeMI9t_xAowqy7c0Y5qQ&_nc_ohc=3NWw_V4YAcwQ7kNvwGChLe7&_nc_gid=LtX8H7PsqUU4lORiG5Wt9A&edm=AOQ1c0wBAAAA&ccb=7-5&oh=00_AfINs3-7shnrWhd_vnEFvMW8bHGRSWwFFfavAyUvjxsm7Q&oe=683CCD57&_nc_sid=8b3546
2025-05-28 07:23:43,312 - instagram_scraper - INFO - send_request:131 - Successfully fetched: https://scontent-ams4-1.cdninstagram.com/v/t51.2885-15/495728739_18247252891304779_7252786130906399794_n.jpg?stp=dst-jpg_e35_p1080x1080_sh0.08_tt6&_nc_ht=scontent-ams4-1.cdninstagram.com&_nc_cat=107&_nc_oc=Q6cZ2QE2DHqm7oIachTXf9Hoxsp8si6Ndu-BIhsYuQjLLCCWvFSqeMI9t_xAowqy7c0Y5qQ&_nc_ohc=3NWw_V4YAcwQ7kNvwGChLe7&_nc_gid=LtX8H7PsqUU4lORiG5Wt9A&edm=AOQ1c0wBAAAA&ccb=7-5&oh=00_AfINs3-7shnrWhd_vnEFvMW8bHGRSWwFFfavAyUvjxsm7Q&oe=683CCD57&_nc_sid=8b3546
2025-05-28 07:23:43,669 - instagram_scraper - INFO - download_media:167 - Downloaded media/9198584778_3627259324231465525.jpg (175218 bytes)
2025-05-28 07:23:44,291 - instagram_scraper - INFO - upload_to_s3:95 - Uploaded to S3: s3://instapost-scraper-69696969/9198584778_3627259324231465525.jpg
2025-05-28 07:23:44,291 - instagram_scraper - INFO - download_media:171 - Successfully uploaded media/9198584778_3627259324231465525.jpg to S3
2025-05-28 07:23:44,292 - instagram_scraper - INFO - scrape_user_posts:273 - Downloaded image: media/9198584778_3627259324231465525.jpg
2025-05-28 07:23:44,293 - instagram_scraper - DEBUG - export_data:208 - Appended data to: data/instadata.csv
2025-05-28 07:23:44,293 - instagram_scraper - INFO - scrape_user_posts:312 - Successfully processed post 3627259324231465525
2025-05-28 07:23:44,293 - instagram_scraper - INFO - scrape_user_posts:254 - Processing post 10/12 for user sanimax.nl
2025-05-28 07:23:44,293 - instagram_scraper - INFO - download_media:154 - Downloading media: media/9198584778_3626426227462101752.jpg
2025-05-28 07:23:44,293 - instagram_scraper - DEBUG - send_request:107 - Sending request to: https://scontent-ams4-1.cdninstagram.com/v/t51.2885-15/495447109_18247134925304779_6968031764430483290_n.jpg?stp=dst-jpg_e35_p1080x1080_sh0.08_tt6&_nc_ht=scontent-ams4-1.cdninstagram.com&_nc_cat=107&_nc_oc=Q6cZ2QE2DHqm7oIachTXf9Hoxsp8si6Ndu-BIhsYuQjLLCCWvFSqeMI9t_xAowqy7c0Y5qQ&_nc_ohc=KTtz1lll-a0Q7kNvwEnWxS2&_nc_gid=LtX8H7PsqUU4lORiG5Wt9A&edm=AOQ1c0wBAAAA&ccb=7-5&oh=00_AfLlgUjcR_WU2n2G1j2OzEphajXDUG8Sk2OsxvJnTJbFIA&oe=683CD458&_nc_sid=8b3546
2025-05-28 07:23:45,060 - instagram_scraper - DEBUG - send_request:128 - Response: 200 for https://scontent-ams4-1.cdninstagram.com/v/t51.2885-15/495447109_18247134925304779_6968031764430483290_n.jpg?stp=dst-jpg_e35_p1080x1080_sh0.08_tt6&_nc_ht=scontent-ams4-1.cdninstagram.com&_nc_cat=107&_nc_oc=Q6cZ2QE2DHqm7oIachTXf9Hoxsp8si6Ndu-BIhsYuQjLLCCWvFSqeMI9t_xAowqy7c0Y5qQ&_nc_ohc=KTtz1lll-a0Q7kNvwEnWxS2&_nc_gid=LtX8H7PsqUU4lORiG5Wt9A&edm=AOQ1c0wBAAAA&ccb=7-5&oh=00_AfLlgUjcR_WU2n2G1j2OzEphajXDUG8Sk2OsxvJnTJbFIA&oe=683CD458&_nc_sid=8b3546
2025-05-28 07:23:45,060 - instagram_scraper - INFO - send_request:131 - Successfully fetched: https://scontent-ams4-1.cdninstagram.com/v/t51.2885-15/495447109_18247134925304779_6968031764430483290_n.jpg?stp=dst-jpg_e35_p1080x1080_sh0.08_tt6&_nc_ht=scontent-ams4-1.cdninstagram.com&_nc_cat=107&_nc_oc=Q6cZ2QE2DHqm7oIachTXf9Hoxsp8si6Ndu-BIhsYuQjLLCCWvFSqeMI9t_xAowqy7c0Y5qQ&_nc_ohc=KTtz1lll-a0Q7kNvwEnWxS2&_nc_gid=LtX8H7PsqUU4lORiG5Wt9A&edm=AOQ1c0wBAAAA&ccb=7-5&oh=00_AfLlgUjcR_WU2n2G1j2OzEphajXDUG8Sk2OsxvJnTJbFIA&oe=683CD458&_nc_sid=8b3546
2025-05-28 07:23:45,340 - instagram_scraper - INFO - download_media:167 - Downloaded media/9198584778_3626426227462101752.jpg (93571 bytes)
2025-05-28 07:23:45,826 - instagram_scraper - INFO - upload_to_s3:95 - Uploaded to S3: s3://instapost-scraper-69696969/9198584778_3626426227462101752.jpg
2025-05-28 07:23:45,826 - instagram_scraper - INFO - download_media:171 - Successfully uploaded media/9198584778_3626426227462101752.jpg to S3
2025-05-28 07:23:45,827 - instagram_scraper - INFO - scrape_user_posts:273 - Downloaded image: media/9198584778_3626426227462101752.jpg
2025-05-28 07:23:45,828 - instagram_scraper - DEBUG - export_data:208 - Appended data to: data/instadata.csv
2025-05-28 07:23:45,828 - instagram_scraper - INFO - scrape_user_posts:312 - Successfully processed post 3626426227462101752
2025-05-28 07:23:45,828 - instagram_scraper - INFO - scrape_user_posts:254 - Processing post 11/12 for user sanimax.nl
2025-05-28 07:23:45,828 - instagram_scraper - INFO - download_media:154 - Downloading media: media/9198584778_3622972792546334942.jpg
2025-05-28 07:23:45,828 - instagram_scraper - DEBUG - send_request:107 - Sending request to: https://scontent-ams4-1.cdninstagram.com/v/t51.2885-15/494786836_18246644608304779_7400756902429355735_n.jpg?stp=dst-jpg_e35_p1080x1080_sh0.08_tt6&_nc_ht=scontent-ams4-1.cdninstagram.com&_nc_cat=107&_nc_oc=Q6cZ2QE2DHqm7oIachTXf9Hoxsp8si6Ndu-BIhsYuQjLLCCWvFSqeMI9t_xAowqy7c0Y5qQ&_nc_ohc=z51w4hRaXLIQ7kNvwGa8ZZt&_nc_gid=LtX8H7PsqUU4lORiG5Wt9A&edm=AOQ1c0wBAAAA&ccb=7-5&oh=00_AfJwa__zDiDchwOIWniqn9ELT-kCIzK2XSICyYqndlDbVA&oe=683CDEAF&_nc_sid=8b3546
2025-05-28 07:23:49,738 - instagram_scraper - DEBUG - send_request:128 - Response: 200 for https://scontent-ams4-1.cdninstagram.com/v/t51.2885-15/494786836_18246644608304779_7400756902429355735_n.jpg?stp=dst-jpg_e35_p1080x1080_sh0.08_tt6&_nc_ht=scontent-ams4-1.cdninstagram.com&_nc_cat=107&_nc_oc=Q6cZ2QE2DHqm7oIachTXf9Hoxsp8si6Ndu-BIhsYuQjLLCCWvFSqeMI9t_xAowqy7c0Y5qQ&_nc_ohc=z51w4hRaXLIQ7kNvwGa8ZZt&_nc_gid=LtX8H7PsqUU4lORiG5Wt9A&edm=AOQ1c0wBAAAA&ccb=7-5&oh=00_AfJwa__zDiDchwOIWniqn9ELT-kCIzK2XSICyYqndlDbVA&oe=683CDEAF&_nc_sid=8b3546
2025-05-28 07:23:49,738 - instagram_scraper - INFO - send_request:131 - Successfully fetched: https://scontent-ams4-1.cdninstagram.com/v/t51.2885-15/494786836_18246644608304779_7400756902429355735_n.jpg?stp=dst-jpg_e35_p1080x1080_sh0.08_tt6&_nc_ht=scontent-ams4-1.cdninstagram.com&_nc_cat=107&_nc_oc=Q6cZ2QE2DHqm7oIachTXf9Hoxsp8si6Ndu-BIhsYuQjLLCCWvFSqeMI9t_xAowqy7c0Y5qQ&_nc_ohc=z51w4hRaXLIQ7kNvwGa8ZZt&_nc_gid=LtX8H7PsqUU4lORiG5Wt9A&edm=AOQ1c0wBAAAA&ccb=7-5&oh=00_AfJwa__zDiDchwOIWniqn9ELT-kCIzK2XSICyYqndlDbVA&oe=683CDEAF&_nc_sid=8b3546
2025-05-28 07:23:51,084 - instagram_scraper - INFO - download_media:167 - Downloaded media/9198584778_3622972792546334942.jpg (95080 bytes)
2025-05-28 07:23:51,571 - instagram_scraper - INFO - upload_to_s3:95 - Uploaded to S3: s3://instapost-scraper-69696969/9198584778_3622972792546334942.jpg
2025-05-28 07:23:51,571 - instagram_scraper - INFO - download_media:171 - Successfully uploaded media/9198584778_3622972792546334942.jpg to S3
2025-05-28 07:23:51,571 - instagram_scraper - INFO - scrape_user_posts:273 - Downloaded image: media/9198584778_3622972792546334942.jpg
2025-05-28 07:23:51,573 - instagram_scraper - DEBUG - export_data:208 - Appended data to: data/instadata.csv
2025-05-28 07:23:51,573 - instagram_scraper - INFO - scrape_user_posts:312 - Successfully processed post 3622972792546334942
2025-05-28 07:23:51,573 - instagram_scraper - INFO - scrape_user_posts:254 - Processing post 12/12 for user sanimax.nl
2025-05-28 07:23:51,573 - instagram_scraper - INFO - download_media:154 - Downloading media: media/9198584778_3617858463466064677.jpg
2025-05-28 07:23:51,573 - instagram_scraper - DEBUG - send_request:107 - Sending request to: https://scontent-ams4-1.cdninstagram.com/v/t51.2885-15/491441011_18245938750304779_3688747434376367153_n.jpg?stp=dst-jpg_e35_s1080x1080_sh0.08_tt6&_nc_ht=scontent-ams4-1.cdninstagram.com&_nc_cat=107&_nc_oc=Q6cZ2QE2DHqm7oIachTXf9Hoxsp8si6Ndu-BIhsYuQjLLCCWvFSqeMI9t_xAowqy7c0Y5qQ&_nc_ohc=VoZL0nfn4lgQ7kNvwFyXoZX&_nc_gid=LtX8H7PsqUU4lORiG5Wt9A&edm=AOQ1c0wBAAAA&ccb=7-5&oh=00_AfLVC2ETNtZNT5sRFGC9Y6ry5Ko5CsopASGR1QYiRyjygg&oe=683CD459&_nc_sid=8b3546
2025-05-28 07:23:52,612 - instagram_scraper - DEBUG - send_request:128 - Response: 200 for https://scontent-ams4-1.cdninstagram.com/v/t51.2885-15/491441011_18245938750304779_3688747434376367153_n.jpg?stp=dst-jpg_e35_s1080x1080_sh0.08_tt6&_nc_ht=scontent-ams4-1.cdninstagram.com&_nc_cat=107&_nc_oc=Q6cZ2QE2DHqm7oIachTXf9Hoxsp8si6Ndu-BIhsYuQjLLCCWvFSqeMI9t_xAowqy7c0Y5qQ&_nc_ohc=VoZL0nfn4lgQ7kNvwFyXoZX&_nc_gid=LtX8H7PsqUU4lORiG5Wt9A&edm=AOQ1c0wBAAAA&ccb=7-5&oh=00_AfLVC2ETNtZNT5sRFGC9Y6ry5Ko5CsopASGR1QYiRyjygg&oe=683CD459&_nc_sid=8b3546
2025-05-28 07:23:52,612 - instagram_scraper - INFO - send_request:131 - Successfully fetched: https://scontent-ams4-1.cdninstagram.com/v/t51.2885-15/491441011_18245938750304779_3688747434376367153_n.jpg?stp=dst-jpg_e35_s1080x1080_sh0.08_tt6&_nc_ht=scontent-ams4-1.cdninstagram.com&_nc_cat=107&_nc_oc=Q6cZ2QE2DHqm7oIachTXf9Hoxsp8si6Ndu-BIhsYuQjLLCCWvFSqeMI9t_xAowqy7c0Y5qQ&_nc_ohc=VoZL0nfn4lgQ7kNvwFyXoZX&_nc_gid=LtX8H7PsqUU4lORiG5Wt9A&edm=AOQ1c0wBAAAA&ccb=7-5&oh=00_AfLVC2ETNtZNT5sRFGC9Y6ry5Ko5CsopASGR1QYiRyjygg&oe=683CD459&_nc_sid=8b3546
2025-05-28 07:23:52,916 - instagram_scraper - INFO - download_media:167 - Downloaded media/9198584778_3617858463466064677.jpg (100054 bytes)
2025-05-28 07:23:53,515 - instagram_scraper - INFO - upload_to_s3:95 - Uploaded to S3: s3://instapost-scraper-69696969/9198584778_3617858463466064677.jpg
2025-05-28 07:23:53,515 - instagram_scraper - INFO - download_media:171 - Successfully uploaded media/9198584778_3617858463466064677.jpg to S3
2025-05-28 07:23:53,516 - instagram_scraper - INFO - scrape_user_posts:273 - Downloaded image: media/9198584778_3617858463466064677.jpg
2025-05-28 07:23:53,517 - instagram_scraper - DEBUG - export_data:208 - Appended data to: data/instadata.csv
2025-05-28 07:23:53,517 - instagram_scraper - INFO - scrape_user_posts:312 - Successfully processed post 3617858463466064677
2025-05-28 07:23:53,517 - instagram_scraper - INFO - scrape_user_posts:321 - Completed scraping user sanimax.nl: 12/12 posts processed successfully
2025-05-28 07:23:53,517 - instagram_scraper - INFO - main:355 - Scraping session completed: 1/1 users processed successfully
2025-05-28 07:23:53,517 - instagram_scraper - INFO - main:359 - User sanimax.nl: SUCCESS
