2025-07-05 16:31:50,076 - instagram_scraper - INFO - main:373 - Instagram scraper initialized successfully
2025-07-05 16:31:50,076 - instagram_scraper - INFO - main:374 - Using proxy endpoint: nl.smartproxy.com:10000
2025-07-05 16:31:50,078 - instagram_scraper - INFO - main:378 - Starting Instagram scraping session
2025-07-05 16:31:50,078 - instagram_scraper - INFO - scrape_multiple_users:353 - Starting scrape for user: sanimax.nl
2025-07-05 16:31:50,078 - instagram_scraper - INFO - scrape_user_posts:250 - Starting to scrape user: sanimax.nl
2025-07-05 16:31:50,078 - instagram_scraper - DEBUG - send_request:106 - Sending request to: https://www.instagram.com/api/v1/users/web_profile_info/?username=sanimax.nl
2025-07-05 16:31:52,554 - instagram_scraper - DEBUG - send_request:127 - Response: 200 for https://www.instagram.com/api/v1/users/web_profile_info/?username=sanimax.nl
2025-07-05 16:31:52,554 - instagram_scraper - INFO - send_request:130 - Successfully fetched: https://www.instagram.com/api/v1/users/web_profile_info/?username=sanimax.nl
2025-07-05 16:31:52,557 - instagram_scraper - INFO - scrape_user_posts:262 - Successfully fetched profile for sanimax.nl
2025-07-05 16:31:52,557 - instagram_scraper - INFO - scrape_user_posts:263 - User has 12 posts
2025-07-05 16:31:52,557 - instagram_scraper - INFO - scrape_user_posts:274 - Processing post 1/12 for user sanimax.nl
2025-07-05 16:31:52,557 - instagram_scraper - INFO - download_media:154 - Downloading media: media/9198584778_3669325142174377619.mp4
2025-07-05 16:31:52,557 - instagram_scraper - DEBUG - send_request:106 - Sending request to: https://scontent-ams4-1.cdninstagram.com/o1/v/t16/f2/m86/AQPrGdjVQGxmj44klDLpDvdeIm_kgLIJP_wZHFQcJdkKm7xYnADt8SsifWD_lF70hKfeZLcEIBNme1oHzUkADoWLK7evTbxZ5yPOqmw.mp4?stp=dst-mp4&efg=eyJxZV9ncm91cHMiOiJbXCJpZ193ZWJfZGVsaXZlcnlfdnRzX290ZlwiXSIsInZlbmNvZGVfdGFnIjoidnRzX3ZvZF91cmxnZW4uY2xpcHMuYzIuNzIwLmJhc2VsaW5lIn0&_nc_cat=103&vs=714651751734727_2577553240&_nc_vs=HBksFQIYUmlnX3hwdl9yZWVsc19wZXJtYW5lbnRfc3JfcHJvZC8yNjREODdGQkI4RUVBRUE2MDMyMkFFNDdGMTk4NTU5Ql92aWRlb19kYXNoaW5pdC5tcDQVAALIARIAFQIYOnBhc3N0aHJvdWdoX2V2ZXJzdG9yZS9HSFVGcXg2V08xNzlmWW9HQUNYaEFrZzZpMHBHYnFfRUFBQUYVAgLIARIAKAAYABsAFQAAJtCqvdOToN0%2FFQIoAkMzLBdASSQ5WBBiThgSZGFzaF9iYXNlbGluZV8xX3YxEQB1%2Fgdl5p0BAA%3D%3D&_nc_rid=388fbbde74&ccb=9-4&oh=00_AfRzDw4OR0Ri-DeIUqEBA-gFUBw_F4vT1L8WFXhaBcP1pw&oe=686B7424&_nc_sid=8b3546
2025-07-05 16:31:53,235 - instagram_scraper - DEBUG - send_request:127 - Response: 200 for https://scontent-ams4-1.cdninstagram.com/o1/v/t16/f2/m86/AQPrGdjVQGxmj44klDLpDvdeIm_kgLIJP_wZHFQcJdkKm7xYnADt8SsifWD_lF70hKfeZLcEIBNme1oHzUkADoWLK7evTbxZ5yPOqmw.mp4?stp=dst-mp4&efg=eyJxZV9ncm91cHMiOiJbXCJpZ193ZWJfZGVsaXZlcnlfdnRzX290ZlwiXSIsInZlbmNvZGVfdGFnIjoidnRzX3ZvZF91cmxnZW4uY2xpcHMuYzIuNzIwLmJhc2VsaW5lIn0&_nc_cat=103&vs=714651751734727_2577553240&_nc_vs=HBksFQIYUmlnX3hwdl9yZWVsc19wZXJtYW5lbnRfc3JfcHJvZC8yNjREODdGQkI4RUVBRUE2MDMyMkFFNDdGMTk4NTU5Ql92aWRlb19kYXNoaW5pdC5tcDQVAALIARIAFQIYOnBhc3N0aHJvdWdoX2V2ZXJzdG9yZS9HSFVGcXg2V08xNzlmWW9HQUNYaEFrZzZpMHBHYnFfRUFBQUYVAgLIARIAKAAYABsAFQAAJtCqvdOToN0%2FFQIoAkMzLBdASSQ5WBBiThgSZGFzaF9iYXNlbGluZV8xX3YxEQB1%2Fgdl5p0BAA%3D%3D&_nc_rid=388fbbde74&ccb=9-4&oh=00_AfRzDw4OR0Ri-DeIUqEBA-gFUBw_F4vT1L8WFXhaBcP1pw&oe=686B7424&_nc_sid=8b3546
2025-07-05 16:31:53,235 - instagram_scraper - INFO - send_request:130 - Successfully fetched: https://scontent-ams4-1.cdninstagram.com/o1/v/t16/f2/m86/AQPrGdjVQGxmj44klDLpDvdeIm_kgLIJP_wZHFQcJdkKm7xYnADt8SsifWD_lF70hKfeZLcEIBNme1oHzUkADoWLK7evTbxZ5yPOqmw.mp4?stp=dst-mp4&efg=eyJxZV9ncm91cHMiOiJbXCJpZ193ZWJfZGVsaXZlcnlfdnRzX290ZlwiXSIsInZlbmNvZGVfdGFnIjoidnRzX3ZvZF91cmxnZW4uY2xpcHMuYzIuNzIwLmJhc2VsaW5lIn0&_nc_cat=103&vs=714651751734727_2577553240&_nc_vs=HBksFQIYUmlnX3hwdl9yZWVsc19wZXJtYW5lbnRfc3JfcHJvZC8yNjREODdGQkI4RUVBRUE2MDMyMkFFNDdGMTk4NTU5Ql92aWRlb19kYXNoaW5pdC5tcDQVAALIARIAFQIYOnBhc3N0aHJvdWdoX2V2ZXJzdG9yZS9HSFVGcXg2V08xNzlmWW9HQUNYaEFrZzZpMHBHYnFfRUFBQUYVAgLIARIAKAAYABsAFQAAJtCqvdOToN0%2FFQIoAkMzLBdASSQ5WBBiThgSZGFzaF9iYXNlbGluZV8xX3YxEQB1%2Fgdl5p0BAA%3D%3D&_nc_rid=388fbbde74&ccb=9-4&oh=00_AfRzDw4OR0Ri-DeIUqEBA-gFUBw_F4vT1L8WFXhaBcP1pw&oe=686B7424&_nc_sid=8b3546
2025-07-05 16:31:53,235 - instagram_scraper - INFO - download_media:179 - Downloaded media/9198584778_3669325142174377619.mp4 (0 bytes)
2025-07-05 16:31:53,236 - instagram_scraper - ERROR - download_media:198 - Error downloading media/9198584778_3669325142174377619.mp4: expected string or bytes-like object, got 'NoneType'
2025-07-05 16:31:53,236 - instagram_scraper - INFO - download_media:154 - Downloading media: media/9198584778_3669325142174377619.jpg
2025-07-05 16:31:53,236 - instagram_scraper - DEBUG - send_request:106 - Sending request to: https://scontent-ams4-1.cdninstagram.com/v/t51.2885-15/514735583_30017715821206041_10094179874809268_n.jpg?stp=dst-jpg_e15_tt6&_nc_ht=scontent-ams4-1.cdninstagram.com&_nc_cat=109&_nc_oc=Q6cZ2QEPpCS3MIqaJuRIdFk2CLqf8KS4CfF1x6g5WgjreNzL4GO0pZ9vaVfJBAQN1IXffH0&_nc_ohc=SNZpgwXDgrwQ7kNvwEJLS8T&_nc_gid=re4SJu_Uqhf9TI2elR838w&edm=AOQ1c0wBAAAA&ccb=7-5&oh=00_AfQ2XTNLTUyCVyNZUxQt1pA3F1WJ5lXMdxqa3ojBh3Pt_g&oe=686F50F5&_nc_sid=8b3546
2025-07-05 16:31:54,454 - instagram_scraper - DEBUG - send_request:127 - Response: 200 for https://scontent-ams4-1.cdninstagram.com/v/t51.2885-15/514735583_30017715821206041_10094179874809268_n.jpg?stp=dst-jpg_e15_tt6&_nc_ht=scontent-ams4-1.cdninstagram.com&_nc_cat=109&_nc_oc=Q6cZ2QEPpCS3MIqaJuRIdFk2CLqf8KS4CfF1x6g5WgjreNzL4GO0pZ9vaVfJBAQN1IXffH0&_nc_ohc=SNZpgwXDgrwQ7kNvwEJLS8T&_nc_gid=re4SJu_Uqhf9TI2elR838w&edm=AOQ1c0wBAAAA&ccb=7-5&oh=00_AfQ2XTNLTUyCVyNZUxQt1pA3F1WJ5lXMdxqa3ojBh3Pt_g&oe=686F50F5&_nc_sid=8b3546
2025-07-05 16:31:54,455 - instagram_scraper - INFO - send_request:130 - Successfully fetched: https://scontent-ams4-1.cdninstagram.com/v/t51.2885-15/514735583_30017715821206041_10094179874809268_n.jpg?stp=dst-jpg_e15_tt6&_nc_ht=scontent-ams4-1.cdninstagram.com&_nc_cat=109&_nc_oc=Q6cZ2QEPpCS3MIqaJuRIdFk2CLqf8KS4CfF1x6g5WgjreNzL4GO0pZ9vaVfJBAQN1IXffH0&_nc_ohc=SNZpgwXDgrwQ7kNvwEJLS8T&_nc_gid=re4SJu_Uqhf9TI2elR838w&edm=AOQ1c0wBAAAA&ccb=7-5&oh=00_AfQ2XTNLTUyCVyNZUxQt1pA3F1WJ5lXMdxqa3ojBh3Pt_g&oe=686F50F5&_nc_sid=8b3546
2025-07-05 16:31:54,455 - instagram_scraper - INFO - download_media:179 - Downloaded media/9198584778_3669325142174377619.jpg (0 bytes)
2025-07-05 16:31:54,455 - instagram_scraper - ERROR - download_media:198 - Error downloading media/9198584778_3669325142174377619.jpg: expected string or bytes-like object, got 'NoneType'
2025-07-05 16:31:54,457 - instagram_scraper - INFO - export_data:224 - Created new CSV file: data/instadata.csv
2025-07-05 16:31:54,457 - instagram_scraper - INFO - scrape_user_posts:332 - Successfully processed post 3669325142174377619
2025-07-05 16:31:54,457 - instagram_scraper - INFO - scrape_user_posts:274 - Processing post 2/12 for user sanimax.nl
2025-07-05 16:31:54,457 - instagram_scraper - INFO - download_media:154 - Downloading media: media/9198584778_3667875304576313027.jpg
2025-07-05 16:31:54,458 - instagram_scraper - DEBUG - send_request:106 - Sending request to: https://scontent-ams2-1.cdninstagram.com/v/t39.30808-6/514524921_1335391805256680_8605104838142396921_n.jpg?stp=dst-jpg_e35_p1080x1080_sh0.08_tt6&_nc_ht=scontent-ams2-1.cdninstagram.com&_nc_cat=108&_nc_oc=Q6cZ2QEPpCS3MIqaJuRIdFk2CLqf8KS4CfF1x6g5WgjreNzL4GO0pZ9vaVfJBAQN1IXffH0&_nc_ohc=WTi9u0J7cW4Q7kNvwEVQoM6&_nc_gid=re4SJu_Uqhf9TI2elR838w&edm=AOQ1c0wAAAAA&ccb=7-5&oh=00_AfQw5OuNBTDQpxDdDm3qfYX9J4zOa8f3oMEOrd9Ad4jUAQ&oe=686F48EA&_nc_sid=8b3546
2025-07-05 16:31:55,388 - instagram_scraper - DEBUG - send_request:127 - Response: 200 for https://scontent-ams2-1.cdninstagram.com/v/t39.30808-6/514524921_1335391805256680_8605104838142396921_n.jpg?stp=dst-jpg_e35_p1080x1080_sh0.08_tt6&_nc_ht=scontent-ams2-1.cdninstagram.com&_nc_cat=108&_nc_oc=Q6cZ2QEPpCS3MIqaJuRIdFk2CLqf8KS4CfF1x6g5WgjreNzL4GO0pZ9vaVfJBAQN1IXffH0&_nc_ohc=WTi9u0J7cW4Q7kNvwEVQoM6&_nc_gid=re4SJu_Uqhf9TI2elR838w&edm=AOQ1c0wAAAAA&ccb=7-5&oh=00_AfQw5OuNBTDQpxDdDm3qfYX9J4zOa8f3oMEOrd9Ad4jUAQ&oe=686F48EA&_nc_sid=8b3546
2025-07-05 16:31:55,388 - instagram_scraper - INFO - send_request:130 - Successfully fetched: https://scontent-ams2-1.cdninstagram.com/v/t39.30808-6/514524921_1335391805256680_8605104838142396921_n.jpg?stp=dst-jpg_e35_p1080x1080_sh0.08_tt6&_nc_ht=scontent-ams2-1.cdninstagram.com&_nc_cat=108&_nc_oc=Q6cZ2QEPpCS3MIqaJuRIdFk2CLqf8KS4CfF1x6g5WgjreNzL4GO0pZ9vaVfJBAQN1IXffH0&_nc_ohc=WTi9u0J7cW4Q7kNvwEVQoM6&_nc_gid=re4SJu_Uqhf9TI2elR838w&edm=AOQ1c0wAAAAA&ccb=7-5&oh=00_AfQw5OuNBTDQpxDdDm3qfYX9J4zOa8f3oMEOrd9Ad4jUAQ&oe=686F48EA&_nc_sid=8b3546
2025-07-05 16:31:55,388 - instagram_scraper - INFO - download_media:179 - Downloaded media/9198584778_3667875304576313027.jpg (0 bytes)
2025-07-05 16:31:55,388 - instagram_scraper - ERROR - download_media:198 - Error downloading media/9198584778_3667875304576313027.jpg: expected string or bytes-like object, got 'NoneType'
2025-07-05 16:31:55,390 - instagram_scraper - DEBUG - export_data:227 - Appended data to: data/instadata.csv
2025-07-05 16:31:55,390 - instagram_scraper - INFO - scrape_user_posts:332 - Successfully processed post 3667875304576313027
2025-07-05 16:31:55,390 - instagram_scraper - INFO - scrape_user_posts:274 - Processing post 3/12 for user sanimax.nl
2025-07-05 16:31:55,390 - instagram_scraper - INFO - download_media:154 - Downloading media: media/9198584778_3666426138268322710.mp4
2025-07-05 16:31:55,390 - instagram_scraper - DEBUG - send_request:106 - Sending request to: https://scontent-ams4-1.cdninstagram.com/o1/v/t16/f2/m86/AQPlHbPlLlbNT2PZXxRfcTxclWvfaDygL4hXzUuz5KtnPLtVk5xk48UanCMF98980euIGY6SGrmMyxQ_DkKTTgbTkNxeK_6Lhl5jRAk.mp4?stp=dst-mp4&efg=eyJxZV9ncm91cHMiOiJbXCJpZ193ZWJfZGVsaXZlcnlfdnRzX290ZlwiXSIsInZlbmNvZGVfdGFnIjoidnRzX3ZvZF91cmxnZW4uY2xpcHMuYzIuNzIwLmJhc2VsaW5lIn0&_nc_cat=101&vs=3300488730093150_1467709536&_nc_vs=HBksFQIYUmlnX3hwdl9yZWVsc19wZXJtYW5lbnRfc3JfcHJvZC9CQjQ0QjI0NTMwOTI3MTUxQjM3MEZEQ0FBNDcxNjVCQl92aWRlb19kYXNoaW5pdC5tcDQVAALIARIAFQIYOnBhc3N0aHJvdWdoX2V2ZXJzdG9yZS9HRlVDdEI1QV9US1hGOTlXQU40OTlnNlZDbzFmYnFfRUFBQUYVAgLIARIAKAAYABsAFQAAJrCFt6Xd%2FpNAFQIoAkMzLBdARI2yLQ5WBBgSZGFzaF9iYXNlbGluZV8xX3YxEQB1%2Fgdl5p0BAA%3D%3D&_nc_rid=388fb1a956&ccb=9-4&oh=00_AfRaoS0OWvokJdV7gQIrnRkbkSz9icrk6_bdI9cYqcjEZg&oe=686B7302&_nc_sid=8b3546
