2025-05-23 06:48:34,107 - instagram_scraper - INFO - __init__:78 - Instagram scraper initialized successfully
2025-05-23 06:48:34,107 - instagram_scraper - INFO - __init__:79 - Using proxy endpoint: nl.smartproxy.com:10000
2025-05-23 06:48:34,107 - instagram_scraper - INFO - main:320 - Starting Instagram scraping session
2025-05-23 06:48:34,107 - instagram_scraper - INFO - scrape_multiple_users:304 - Starting scrape for user: sanimax.nl
2025-05-23 06:48:34,107 - instagram_scraper - INFO - scrape_user_posts:201 - Starting to scrape user: sanimax.nl
2025-05-23 06:48:34,107 - instagram_scraper - DEBUG - send_request:84 - Sending request to: https://www.instagram.com/api/v1/users/web_profile_info/?username=sanimax.nl
2025-05-23 06:48:36,825 - instagram_scraper - DEBUG - send_request:105 - Response: 200 for https://www.instagram.com/api/v1/users/web_profile_info/?username=sanimax.nl
2025-05-23 06:48:36,825 - instagram_scraper - INFO - send_request:108 - Successfully fetched: https://www.instagram.com/api/v1/users/web_profile_info/?username=sanimax.nl
2025-05-23 06:48:36,827 - instagram_scraper - INFO - scrape_user_posts:213 - Successfully fetched profile for sanimax.nl
2025-05-23 06:48:36,827 - instagram_scraper - INFO - scrape_user_posts:214 - User has 12 posts
2025-05-23 06:48:36,827 - instagram_scraper - INFO - scrape_user_posts:225 - Processing post 1/12 for user sanimax.nl
2025-05-23 06:48:36,827 - instagram_scraper - INFO - download_media:132 - Downloading media: media/9198584778_3638211811299767991.mp4
2025-05-23 06:48:36,827 - instagram_scraper - DEBUG - send_request:84 - Sending request to: https://scontent-ams4-1.cdninstagram.com/o1/v/t16/f2/m86/AQN1SqKgudro4cS0NqU_FsCiJd75UR9RXKtP0Mvv4nJBtwWnKYaTDsc9MjBnMVxxRQieAD9UjrRVMRrTh5ynWM4tUbiQAcp9ZsRBL2I.mp4?stp=dst-mp4&efg=eyJxZV9ncm91cHMiOiJbXCJpZ193ZWJfZGVsaXZlcnlfdnRzX290ZlwiXSIsInZlbmNvZGVfdGFnIjoidnRzX3ZvZF91cmxnZW4uY2xpcHMuYzIuNzIwLmJhc2VsaW5lIn0&_nc_cat=109&vs=3019272894899152_1913415651&_nc_vs=HBksFQIYUmlnX3hwdl9yZWVsc19wZXJtYW5lbnRfc3JfcHJvZC9BNjQ5MThDMzY3NTQ0OEI2MjQ3MUUzMDM0MTlCNEM4RV92aWRlb19kYXNoaW5pdC5tcDQVAALIAQAVAhg6cGFzc3Rocm91Z2hfZXZlcnN0b3JlL0dHUlJ2eDNXVEZZSlpvb0hBSU5xTjMwUzF6SXpicV9FQUFBRhUCAsgBACgAGAAbABUAACb%2B7bWv74i2PxUCKAJDMywXQEDEOVgQYk4YEmRhc2hfYmFzZWxpbmVfMV92MREAdf4HZeadAQA%3D&_nc_rid=9cf6cf850b&ccb=9-4&oh=00_AfK8wpnk1rXyZsj0WTixKp1vIdg-gRDDntY6s-HjQunKpA&oe=68322238&_nc_sid=8b3546
2025-05-23 06:48:37,601 - instagram_scraper - DEBUG - send_request:105 - Response: 200 for https://scontent-ams4-1.cdninstagram.com/o1/v/t16/f2/m86/AQN1SqKgudro4cS0NqU_FsCiJd75UR9RXKtP0Mvv4nJBtwWnKYaTDsc9MjBnMVxxRQieAD9UjrRVMRrTh5ynWM4tUbiQAcp9ZsRBL2I.mp4?stp=dst-mp4&efg=eyJxZV9ncm91cHMiOiJbXCJpZ193ZWJfZGVsaXZlcnlfdnRzX290ZlwiXSIsInZlbmNvZGVfdGFnIjoidnRzX3ZvZF91cmxnZW4uY2xpcHMuYzIuNzIwLmJhc2VsaW5lIn0&_nc_cat=109&vs=3019272894899152_1913415651&_nc_vs=HBksFQIYUmlnX3hwdl9yZWVsc19wZXJtYW5lbnRfc3JfcHJvZC9BNjQ5MThDMzY3NTQ0OEI2MjQ3MUUzMDM0MTlCNEM4RV92aWRlb19kYXNoaW5pdC5tcDQVAALIAQAVAhg6cGFzc3Rocm91Z2hfZXZlcnN0b3JlL0dHUlJ2eDNXVEZZSlpvb0hBSU5xTjMwUzF6SXpicV9FQUFBRhUCAsgBACgAGAAbABUAACb%2B7bWv74i2PxUCKAJDMywXQEDEOVgQYk4YEmRhc2hfYmFzZWxpbmVfMV92MREAdf4HZeadAQA%3D&_nc_rid=9cf6cf850b&ccb=9-4&oh=00_AfK8wpnk1rXyZsj0WTixKp1vIdg-gRDDntY6s-HjQunKpA&oe=68322238&_nc_sid=8b3546
2025-05-23 06:48:37,601 - instagram_scraper - INFO - send_request:108 - Successfully fetched: https://scontent-ams4-1.cdninstagram.com/o1/v/t16/f2/m86/AQN1SqKgudro4cS0NqU_FsCiJd75UR9RXKtP0Mvv4nJBtwWnKYaTDsc9MjBnMVxxRQieAD9UjrRVMRrTh5ynWM4tUbiQAcp9ZsRBL2I.mp4?stp=dst-mp4&efg=eyJxZV9ncm91cHMiOiJbXCJpZ193ZWJfZGVsaXZlcnlfdnRzX290ZlwiXSIsInZlbmNvZGVfdGFnIjoidnRzX3ZvZF91cmxnZW4uY2xpcHMuYzIuNzIwLmJhc2VsaW5lIn0&_nc_cat=109&vs=3019272894899152_1913415651&_nc_vs=HBksFQIYUmlnX3hwdl9yZWVsc19wZXJtYW5lbnRfc3JfcHJvZC9BNjQ5MThDMzY3NTQ0OEI2MjQ3MUUzMDM0MTlCNEM4RV92aWRlb19kYXNoaW5pdC5tcDQVAALIAQAVAhg6cGFzc3Rocm91Z2hfZXZlcnN0b3JlL0dHUlJ2eDNXVEZZSlpvb0hBSU5xTjMwUzF6SXpicV9FQUFBRhUCAsgBACgAGAAbABUAACb%2B7bWv74i2PxUCKAJDMywXQEDEOVgQYk4YEmRhc2hfYmFzZWxpbmVfMV92MREAdf4HZeadAQA%3D&_nc_rid=9cf6cf850b&ccb=9-4&oh=00_AfK8wpnk1rXyZsj0WTixKp1vIdg-gRDDntY6s-HjQunKpA&oe=68322238&_nc_sid=8b3546
2025-05-23 06:48:39,219 - instagram_scraper - INFO - download_media:145 - Successfully downloaded media/9198584778_3638211811299767991.mp4 (4395117 bytes)
2025-05-23 06:48:39,220 - instagram_scraper - INFO - scrape_user_posts:237 - Downloaded video: media/9198584778_3638211811299767991.mp4
2025-05-23 06:48:39,220 - instagram_scraper - INFO - download_media:132 - Downloading media: media/9198584778_3638211811299767991.jpg
2025-05-23 06:48:39,220 - instagram_scraper - DEBUG - send_request:84 - Sending request to: https://scontent-ams4-1.cdninstagram.com/v/t51.2885-15/499993515_18248832907304779_48868825320232668_n.jpg?stp=dst-jpg_e35_p1080x1080_sh0.08_tt6&_nc_ht=scontent-ams4-1.cdninstagram.com&_nc_cat=107&_nc_oc=Q6cZ2QH0tSzGqVRee6dAqf3MN2-EEtIfsbTe2QvC1TmRxMItdkMahbK2DRgM-D7d68A328U&_nc_ohc=lCF0Zu8U-aUQ7kNvwE4_ype&_nc_gid=_6L2B5_bhAIsIWI3EFNKAA&edm=AOQ1c0wBAAAA&ccb=7-5&oh=00_AfImpPeZ5NibH8X3rynN4FFDoM-K7aT9FD1FPnVElyQUjg&oe=68361429&_nc_sid=8b3546
2025-05-23 06:48:40,137 - instagram_scraper - DEBUG - send_request:105 - Response: 200 for https://scontent-ams4-1.cdninstagram.com/v/t51.2885-15/499993515_18248832907304779_48868825320232668_n.jpg?stp=dst-jpg_e35_p1080x1080_sh0.08_tt6&_nc_ht=scontent-ams4-1.cdninstagram.com&_nc_cat=107&_nc_oc=Q6cZ2QH0tSzGqVRee6dAqf3MN2-EEtIfsbTe2QvC1TmRxMItdkMahbK2DRgM-D7d68A328U&_nc_ohc=lCF0Zu8U-aUQ7kNvwE4_ype&_nc_gid=_6L2B5_bhAIsIWI3EFNKAA&edm=AOQ1c0wBAAAA&ccb=7-5&oh=00_AfImpPeZ5NibH8X3rynN4FFDoM-K7aT9FD1FPnVElyQUjg&oe=68361429&_nc_sid=8b3546
2025-05-23 06:48:40,137 - instagram_scraper - INFO - send_request:108 - Successfully fetched: https://scontent-ams4-1.cdninstagram.com/v/t51.2885-15/499993515_18248832907304779_48868825320232668_n.jpg?stp=dst-jpg_e35_p1080x1080_sh0.08_tt6&_nc_ht=scontent-ams4-1.cdninstagram.com&_nc_cat=107&_nc_oc=Q6cZ2QH0tSzGqVRee6dAqf3MN2-EEtIfsbTe2QvC1TmRxMItdkMahbK2DRgM-D7d68A328U&_nc_ohc=lCF0Zu8U-aUQ7kNvwE4_ype&_nc_gid=_6L2B5_bhAIsIWI3EFNKAA&edm=AOQ1c0wBAAAA&ccb=7-5&oh=00_AfImpPeZ5NibH8X3rynN4FFDoM-K7aT9FD1FPnVElyQUjg&oe=68361429&_nc_sid=8b3546
2025-05-23 06:48:40,531 - instagram_scraper - INFO - download_media:145 - Successfully downloaded media/9198584778_3638211811299767991.jpg (209918 bytes)
2025-05-23 06:48:40,531 - instagram_scraper - INFO - scrape_user_posts:244 - Downloaded image: media/9198584778_3638211811299767991.jpg
2025-05-23 06:48:40,534 - instagram_scraper - INFO - export_data:176 - Created new CSV file: data/instadata.csv
2025-05-23 06:48:40,534 - instagram_scraper - INFO - scrape_user_posts:283 - Successfully processed post 3638211811299767991
2025-05-23 06:48:40,534 - instagram_scraper - INFO - scrape_user_posts:225 - Processing post 2/12 for user sanimax.nl
2025-05-23 06:48:40,534 - instagram_scraper - INFO - download_media:132 - Downloading media: media/9198584778_3636023362176378230.jpg
2025-05-23 06:48:40,534 - instagram_scraper - DEBUG - send_request:84 - Sending request to: https://scontent-ams4-1.cdninstagram.com/v/t39.30808-6/499666602_1297611879034673_3486255548253876135_n.jpg?stp=dst-jpg_e35_p1080x1080_sh0.08_tt6&_nc_ht=scontent-ams4-1.cdninstagram.com&_nc_cat=105&_nc_oc=Q6cZ2QH0tSzGqVRee6dAqf3MN2-EEtIfsbTe2QvC1TmRxMItdkMahbK2DRgM-D7d68A328U&_nc_ohc=kG78As-qm_0Q7kNvwGKgeQV&_nc_gid=_6L2B5_bhAIsIWI3EFNKAA&edm=AOQ1c0wAAAAA&ccb=7-5&oh=00_AfLH-Os47fKRBfC_UjD31tF1HYF8STDhcxFQwnkOoZXp5Q&oe=683613D5&_nc_sid=8b3546
2025-05-23 06:48:41,246 - instagram_scraper - DEBUG - send_request:105 - Response: 200 for https://scontent-ams4-1.cdninstagram.com/v/t39.30808-6/499666602_1297611879034673_3486255548253876135_n.jpg?stp=dst-jpg_e35_p1080x1080_sh0.08_tt6&_nc_ht=scontent-ams4-1.cdninstagram.com&_nc_cat=105&_nc_oc=Q6cZ2QH0tSzGqVRee6dAqf3MN2-EEtIfsbTe2QvC1TmRxMItdkMahbK2DRgM-D7d68A328U&_nc_ohc=kG78As-qm_0Q7kNvwGKgeQV&_nc_gid=_6L2B5_bhAIsIWI3EFNKAA&edm=AOQ1c0wAAAAA&ccb=7-5&oh=00_AfLH-Os47fKRBfC_UjD31tF1HYF8STDhcxFQwnkOoZXp5Q&oe=683613D5&_nc_sid=8b3546
2025-05-23 06:48:41,246 - instagram_scraper - INFO - send_request:108 - Successfully fetched: https://scontent-ams4-1.cdninstagram.com/v/t39.30808-6/499666602_1297611879034673_3486255548253876135_n.jpg?stp=dst-jpg_e35_p1080x1080_sh0.08_tt6&_nc_ht=scontent-ams4-1.cdninstagram.com&_nc_cat=105&_nc_oc=Q6cZ2QH0tSzGqVRee6dAqf3MN2-EEtIfsbTe2QvC1TmRxMItdkMahbK2DRgM-D7d68A328U&_nc_ohc=kG78As-qm_0Q7kNvwGKgeQV&_nc_gid=_6L2B5_bhAIsIWI3EFNKAA&edm=AOQ1c0wAAAAA&ccb=7-5&oh=00_AfLH-Os47fKRBfC_UjD31tF1HYF8STDhcxFQwnkOoZXp5Q&oe=683613D5&_nc_sid=8b3546
2025-05-23 06:48:41,614 - instagram_scraper - INFO - download_media:145 - Successfully downloaded media/9198584778_3636023362176378230.jpg (117726 bytes)
2025-05-23 06:48:41,615 - instagram_scraper - INFO - scrape_user_posts:244 - Downloaded image: media/9198584778_3636023362176378230.jpg
2025-05-23 06:48:41,616 - instagram_scraper - DEBUG - export_data:179 - Appended data to: data/instadata.csv
2025-05-23 06:48:41,616 - instagram_scraper - INFO - scrape_user_posts:283 - Successfully processed post 3636023362176378230
2025-05-23 06:48:41,616 - instagram_scraper - INFO - scrape_user_posts:225 - Processing post 3/12 for user sanimax.nl
2025-05-23 06:48:41,617 - instagram_scraper - INFO - download_media:132 - Downloading media: media/9198584778_3634566075782314296.jpg
2025-05-23 06:48:41,617 - instagram_scraper - DEBUG - send_request:84 - Sending request to: https://scontent-ams2-1.cdninstagram.com/v/t39.30808-6/498305576_1295715379224323_6910552900011939144_n.jpg?stp=dst-jpg_e35_p1080x1080_sh0.08_tt6&_nc_ht=scontent-ams2-1.cdninstagram.com&_nc_cat=111&_nc_oc=Q6cZ2QH0tSzGqVRee6dAqf3MN2-EEtIfsbTe2QvC1TmRxMItdkMahbK2DRgM-D7d68A328U&_nc_ohc=0gwgNLJKoycQ7kNvwH7F6bp&_nc_gid=_6L2B5_bhAIsIWI3EFNKAA&edm=AOQ1c0wAAAAA&ccb=7-5&oh=00_AfIvapmooeQ9OlJsikceBHSCWzryG9He6Jn9SGitd3J52Q&oe=683612B3&_nc_sid=8b3546
2025-05-23 06:48:42,811 - instagram_scraper - DEBUG - send_request:105 - Response: 200 for https://scontent-ams2-1.cdninstagram.com/v/t39.30808-6/498305576_1295715379224323_6910552900011939144_n.jpg?stp=dst-jpg_e35_p1080x1080_sh0.08_tt6&_nc_ht=scontent-ams2-1.cdninstagram.com&_nc_cat=111&_nc_oc=Q6cZ2QH0tSzGqVRee6dAqf3MN2-EEtIfsbTe2QvC1TmRxMItdkMahbK2DRgM-D7d68A328U&_nc_ohc=0gwgNLJKoycQ7kNvwH7F6bp&_nc_gid=_6L2B5_bhAIsIWI3EFNKAA&edm=AOQ1c0wAAAAA&ccb=7-5&oh=00_AfIvapmooeQ9OlJsikceBHSCWzryG9He6Jn9SGitd3J52Q&oe=683612B3&_nc_sid=8b3546
2025-05-23 06:48:42,811 - instagram_scraper - INFO - send_request:108 - Successfully fetched: https://scontent-ams2-1.cdninstagram.com/v/t39.30808-6/498305576_1295715379224323_6910552900011939144_n.jpg?stp=dst-jpg_e35_p1080x1080_sh0.08_tt6&_nc_ht=scontent-ams2-1.cdninstagram.com&_nc_cat=111&_nc_oc=Q6cZ2QH0tSzGqVRee6dAqf3MN2-EEtIfsbTe2QvC1TmRxMItdkMahbK2DRgM-D7d68A328U&_nc_ohc=0gwgNLJKoycQ7kNvwH7F6bp&_nc_gid=_6L2B5_bhAIsIWI3EFNKAA&edm=AOQ1c0wAAAAA&ccb=7-5&oh=00_AfIvapmooeQ9OlJsikceBHSCWzryG9He6Jn9SGitd3J52Q&oe=683612B3&_nc_sid=8b3546
2025-05-23 06:48:43,188 - instagram_scraper - INFO - download_media:145 - Successfully downloaded media/9198584778_3634566075782314296.jpg (113922 bytes)
2025-05-23 06:48:43,189 - instagram_scraper - INFO - scrape_user_posts:244 - Downloaded image: media/9198584778_3634566075782314296.jpg
2025-05-23 06:48:43,190 - instagram_scraper - DEBUG - export_data:179 - Appended data to: data/instadata.csv
2025-05-23 06:48:43,190 - instagram_scraper - INFO - scrape_user_posts:283 - Successfully processed post 3634566075782314296
2025-05-23 06:48:43,190 - instagram_scraper - INFO - scrape_user_posts:225 - Processing post 4/12 for user sanimax.nl
2025-05-23 06:48:43,190 - instagram_scraper - INFO - download_media:132 - Downloading media: media/9198584778_3633116445929941065.jpg
2025-05-23 06:48:43,190 - instagram_scraper - DEBUG - send_request:84 - Sending request to: https://scontent-ams4-1.cdninstagram.com/v/t39.30808-6/497463763_1294237109372150_1116892150698817605_n.jpg?stp=dst-jpg_e35_p1080x1080_sh0.08_tt6&_nc_ht=scontent-ams4-1.cdninstagram.com&_nc_cat=102&_nc_oc=Q6cZ2QH0tSzGqVRee6dAqf3MN2-EEtIfsbTe2QvC1TmRxMItdkMahbK2DRgM-D7d68A328U&_nc_ohc=-wLQx1f5ruIQ7kNvwFbOA1G&_nc_gid=_6L2B5_bhAIsIWI3EFNKAA&edm=AOQ1c0wAAAAA&ccb=7-5&oh=00_AfJS3TAobtY8F4B4FxrsOxN4EuO3L0AGzkWebya1S1ATig&oe=6836300E&_nc_sid=8b3546
2025-05-23 06:48:46,291 - instagram_scraper - DEBUG - send_request:105 - Response: 200 for https://scontent-ams4-1.cdninstagram.com/v/t39.30808-6/497463763_1294237109372150_1116892150698817605_n.jpg?stp=dst-jpg_e35_p1080x1080_sh0.08_tt6&_nc_ht=scontent-ams4-1.cdninstagram.com&_nc_cat=102&_nc_oc=Q6cZ2QH0tSzGqVRee6dAqf3MN2-EEtIfsbTe2QvC1TmRxMItdkMahbK2DRgM-D7d68A328U&_nc_ohc=-wLQx1f5ruIQ7kNvwFbOA1G&_nc_gid=_6L2B5_bhAIsIWI3EFNKAA&edm=AOQ1c0wAAAAA&ccb=7-5&oh=00_AfJS3TAobtY8F4B4FxrsOxN4EuO3L0AGzkWebya1S1ATig&oe=6836300E&_nc_sid=8b3546
2025-05-23 06:48:46,291 - instagram_scraper - INFO - send_request:108 - Successfully fetched: https://scontent-ams4-1.cdninstagram.com/v/t39.30808-6/497463763_1294237109372150_1116892150698817605_n.jpg?stp=dst-jpg_e35_p1080x1080_sh0.08_tt6&_nc_ht=scontent-ams4-1.cdninstagram.com&_nc_cat=102&_nc_oc=Q6cZ2QH0tSzGqVRee6dAqf3MN2-EEtIfsbTe2QvC1TmRxMItdkMahbK2DRgM-D7d68A328U&_nc_ohc=-wLQx1f5ruIQ7kNvwFbOA1G&_nc_gid=_6L2B5_bhAIsIWI3EFNKAA&edm=AOQ1c0wAAAAA&ccb=7-5&oh=00_AfJS3TAobtY8F4B4FxrsOxN4EuO3L0AGzkWebya1S1ATig&oe=6836300E&_nc_sid=8b3546
2025-05-23 06:48:47,089 - instagram_scraper - INFO - download_media:145 - Successfully downloaded media/9198584778_3633116445929941065.jpg (137899 bytes)
2025-05-23 06:48:47,090 - instagram_scraper - INFO - scrape_user_posts:244 - Downloaded image: media/9198584778_3633116445929941065.jpg
2025-05-23 06:48:47,091 - instagram_scraper - DEBUG - export_data:179 - Appended data to: data/instadata.csv
2025-05-23 06:48:47,091 - instagram_scraper - INFO - scrape_user_posts:283 - Successfully processed post 3633116445929941065
2025-05-23 06:48:47,091 - instagram_scraper - INFO - scrape_user_posts:225 - Processing post 5/12 for user sanimax.nl
2025-05-23 06:48:47,091 - instagram_scraper - INFO - download_media:132 - Downloading media: media/9198584778_3631722635505286549.jpg
2025-05-23 06:48:47,091 - instagram_scraper - DEBUG - send_request:84 - Sending request to: https://scontent-ams4-1.cdninstagram.com/v/t39.30808-6/496805087_1292689642860230_2231687417454586093_n.jpg?stp=dst-jpg_e35_p1080x1080_sh0.08_tt6&_nc_ht=scontent-ams4-1.cdninstagram.com&_nc_cat=102&_nc_oc=Q6cZ2QH0tSzGqVRee6dAqf3MN2-EEtIfsbTe2QvC1TmRxMItdkMahbK2DRgM-D7d68A328U&_nc_ohc=ABf5AkOhQ0AQ7kNvwE77gfb&_nc_gid=_6L2B5_bhAIsIWI3EFNKAA&edm=AOQ1c0wAAAAA&ccb=7-5&oh=00_AfLc0t451nK-XWtiSR-5nl8DGnhZpsbRsoxWIFPgjZEInA&oe=683627DB&_nc_sid=8b3546
2025-05-23 06:48:47,758 - instagram_scraper - DEBUG - send_request:105 - Response: 200 for https://scontent-ams4-1.cdninstagram.com/v/t39.30808-6/496805087_1292689642860230_2231687417454586093_n.jpg?stp=dst-jpg_e35_p1080x1080_sh0.08_tt6&_nc_ht=scontent-ams4-1.cdninstagram.com&_nc_cat=102&_nc_oc=Q6cZ2QH0tSzGqVRee6dAqf3MN2-EEtIfsbTe2QvC1TmRxMItdkMahbK2DRgM-D7d68A328U&_nc_ohc=ABf5AkOhQ0AQ7kNvwE77gfb&_nc_gid=_6L2B5_bhAIsIWI3EFNKAA&edm=AOQ1c0wAAAAA&ccb=7-5&oh=00_AfLc0t451nK-XWtiSR-5nl8DGnhZpsbRsoxWIFPgjZEInA&oe=683627DB&_nc_sid=8b3546
2025-05-23 06:48:47,758 - instagram_scraper - INFO - send_request:108 - Successfully fetched: https://scontent-ams4-1.cdninstagram.com/v/t39.30808-6/496805087_1292689642860230_2231687417454586093_n.jpg?stp=dst-jpg_e35_p1080x1080_sh0.08_tt6&_nc_ht=scontent-ams4-1.cdninstagram.com&_nc_cat=102&_nc_oc=Q6cZ2QH0tSzGqVRee6dAqf3MN2-EEtIfsbTe2QvC1TmRxMItdkMahbK2DRgM-D7d68A328U&_nc_ohc=ABf5AkOhQ0AQ7kNvwE77gfb&_nc_gid=_6L2B5_bhAIsIWI3EFNKAA&edm=AOQ1c0wAAAAA&ccb=7-5&oh=00_AfLc0t451nK-XWtiSR-5nl8DGnhZpsbRsoxWIFPgjZEInA&oe=683627DB&_nc_sid=8b3546
2025-05-23 06:48:48,104 - instagram_scraper - INFO - download_media:145 - Successfully downloaded media/9198584778_3631722635505286549.jpg (132386 bytes)
2025-05-23 06:48:48,104 - instagram_scraper - INFO - scrape_user_posts:244 - Downloaded image: media/9198584778_3631722635505286549.jpg
2025-05-23 06:48:48,105 - instagram_scraper - DEBUG - export_data:179 - Appended data to: data/instadata.csv
2025-05-23 06:48:48,106 - instagram_scraper - INFO - scrape_user_posts:283 - Successfully processed post 3631722635505286549
2025-05-23 06:48:48,106 - instagram_scraper - INFO - scrape_user_posts:225 - Processing post 6/12 for user sanimax.nl
2025-05-23 06:48:48,106 - instagram_scraper - INFO - download_media:132 - Downloading media: media/9198584778_3628780091075088552.mp4
2025-05-23 06:48:48,106 - instagram_scraper - DEBUG - send_request:84 - Sending request to: https://scontent-ams4-1.cdninstagram.com/o1/v/t16/f2/m86/AQM6LA9rpGd7AloJjB0jbq9TeHcBUaUmkERRHoeer0UyEsUYuztRz3mur1ksKv38S2PMC0i1eO-lJ9GsIxfFUySFKTa6Y8Y5e86-d7s.mp4?stp=dst-mp4&efg=eyJxZV9ncm91cHMiOiJbXCJpZ193ZWJfZGVsaXZlcnlfdnRzX290ZlwiXSIsInZlbmNvZGVfdGFnIjoidnRzX3ZvZF91cmxnZW4uY2xpcHMuYzIuNzIwLmJhc2VsaW5lIn0&_nc_cat=107&vs=659900403513692_2977764490&_nc_vs=HBksFQIYUmlnX3hwdl9yZWVsc19wZXJtYW5lbnRfc3JfcHJvZC9CNDQzMTA5MDgwNTk0RkE0M0RBQkQzM0RBRjU1NkJCQV92aWRlb19kYXNoaW5pdC5tcDQVAALIAQAVAhg6cGFzc3Rocm91Z2hfZXZlcnN0b3JlL0dGNHdTQjJNVklwa1FrRURBSjNvRDlXaWNURm1icV9FQUFBRhUCAsgBACgAGAAbABUAACbgiObVxLaFQBUCKAJDMywXQDJRaHKwIMUYEmRhc2hfYmFzZWxpbmVfMV92MREAdf4HZeadAQA%3D&_nc_rid=9cf6c5e80b&ccb=9-4&oh=00_AfLrWxencB8a1Ud37M7Sp86wqMQtmO2pv9uR9dnCpj_dYg&oe=68323F5C&_nc_sid=8b3546
2025-05-23 06:48:49,197 - instagram_scraper - DEBUG - send_request:105 - Response: 200 for https://scontent-ams4-1.cdninstagram.com/o1/v/t16/f2/m86/AQM6LA9rpGd7AloJjB0jbq9TeHcBUaUmkERRHoeer0UyEsUYuztRz3mur1ksKv38S2PMC0i1eO-lJ9GsIxfFUySFKTa6Y8Y5e86-d7s.mp4?stp=dst-mp4&efg=eyJxZV9ncm91cHMiOiJbXCJpZ193ZWJfZGVsaXZlcnlfdnRzX290ZlwiXSIsInZlbmNvZGVfdGFnIjoidnRzX3ZvZF91cmxnZW4uY2xpcHMuYzIuNzIwLmJhc2VsaW5lIn0&_nc_cat=107&vs=659900403513692_2977764490&_nc_vs=HBksFQIYUmlnX3hwdl9yZWVsc19wZXJtYW5lbnRfc3JfcHJvZC9CNDQzMTA5MDgwNTk0RkE0M0RBQkQzM0RBRjU1NkJCQV92aWRlb19kYXNoaW5pdC5tcDQVAALIAQAVAhg6cGFzc3Rocm91Z2hfZXZlcnN0b3JlL0dGNHdTQjJNVklwa1FrRURBSjNvRDlXaWNURm1icV9FQUFBRhUCAsgBACgAGAAbABUAACbgiObVxLaFQBUCKAJDMywXQDJRaHKwIMUYEmRhc2hfYmFzZWxpbmVfMV92MREAdf4HZeadAQA%3D&_nc_rid=9cf6c5e80b&ccb=9-4&oh=00_AfLrWxencB8a1Ud37M7Sp86wqMQtmO2pv9uR9dnCpj_dYg&oe=68323F5C&_nc_sid=8b3546
2025-05-23 06:48:49,197 - instagram_scraper - INFO - send_request:108 - Successfully fetched: https://scontent-ams4-1.cdninstagram.com/o1/v/t16/f2/m86/AQM6LA9rpGd7AloJjB0jbq9TeHcBUaUmkERRHoeer0UyEsUYuztRz3mur1ksKv38S2PMC0i1eO-lJ9GsIxfFUySFKTa6Y8Y5e86-d7s.mp4?stp=dst-mp4&efg=eyJxZV9ncm91cHMiOiJbXCJpZ193ZWJfZGVsaXZlcnlfdnRzX290ZlwiXSIsInZlbmNvZGVfdGFnIjoidnRzX3ZvZF91cmxnZW4uY2xpcHMuYzIuNzIwLmJhc2VsaW5lIn0&_nc_cat=107&vs=659900403513692_2977764490&_nc_vs=HBksFQIYUmlnX3hwdl9yZWVsc19wZXJtYW5lbnRfc3JfcHJvZC9CNDQzMTA5MDgwNTk0RkE0M0RBQkQzM0RBRjU1NkJCQV92aWRlb19kYXNoaW5pdC5tcDQVAALIAQAVAhg6cGFzc3Rocm91Z2hfZXZlcnN0b3JlL0dGNHdTQjJNVklwa1FrRURBSjNvRDlXaWNURm1icV9FQUFBRhUCAsgBACgAGAAbABUAACbgiObVxLaFQBUCKAJDMywXQDJRaHKwIMUYEmRhc2hfYmFzZWxpbmVfMV92MREAdf4HZeadAQA%3D&_nc_rid=9cf6c5e80b&ccb=9-4&oh=00_AfLrWxencB8a1Ud37M7Sp86wqMQtmO2pv9uR9dnCpj_dYg&oe=68323F5C&_nc_sid=8b3546
2025-05-23 06:48:50,574 - instagram_scraper - INFO - download_media:145 - Successfully downloaded media/9198584778_3628780091075088552.mp4 (1532452 bytes)
2025-05-23 06:48:50,575 - instagram_scraper - INFO - scrape_user_posts:237 - Downloaded video: media/9198584778_3628780091075088552.mp4
2025-05-23 06:48:50,575 - instagram_scraper - INFO - download_media:132 - Downloading media: media/9198584778_3628780091075088552.jpg
2025-05-23 06:48:50,575 - instagram_scraper - DEBUG - send_request:84 - Sending request to: https://scontent-ams4-1.cdninstagram.com/v/t51.2885-15/496934323_1391989998785549_7386559426403457505_n.jpg?stp=dst-jpg_e15_tt6&_nc_ht=scontent-ams4-1.cdninstagram.com&_nc_cat=105&_nc_oc=Q6cZ2QH0tSzGqVRee6dAqf3MN2-EEtIfsbTe2QvC1TmRxMItdkMahbK2DRgM-D7d68A328U&_nc_ohc=r9MrtYIk0WYQ7kNvwEj5rdB&_nc_gid=_6L2B5_bhAIsIWI3EFNKAA&edm=AOQ1c0wBAAAA&ccb=7-5&oh=00_AfJrxKf_U4jrtUujzkrwG2w7HJQOd7KmxaTT9CI0tDDAEA&oe=683631B4&_nc_sid=8b3546
2025-05-23 06:48:51,161 - instagram_scraper - DEBUG - send_request:105 - Response: 200 for https://scontent-ams4-1.cdninstagram.com/v/t51.2885-15/496934323_1391989998785549_7386559426403457505_n.jpg?stp=dst-jpg_e15_tt6&_nc_ht=scontent-ams4-1.cdninstagram.com&_nc_cat=105&_nc_oc=Q6cZ2QH0tSzGqVRee6dAqf3MN2-EEtIfsbTe2QvC1TmRxMItdkMahbK2DRgM-D7d68A328U&_nc_ohc=r9MrtYIk0WYQ7kNvwEj5rdB&_nc_gid=_6L2B5_bhAIsIWI3EFNKAA&edm=AOQ1c0wBAAAA&ccb=7-5&oh=00_AfJrxKf_U4jrtUujzkrwG2w7HJQOd7KmxaTT9CI0tDDAEA&oe=683631B4&_nc_sid=8b3546
2025-05-23 06:48:51,161 - instagram_scraper - INFO - send_request:108 - Successfully fetched: https://scontent-ams4-1.cdninstagram.com/v/t51.2885-15/496934323_1391989998785549_7386559426403457505_n.jpg?stp=dst-jpg_e15_tt6&_nc_ht=scontent-ams4-1.cdninstagram.com&_nc_cat=105&_nc_oc=Q6cZ2QH0tSzGqVRee6dAqf3MN2-EEtIfsbTe2QvC1TmRxMItdkMahbK2DRgM-D7d68A328U&_nc_ohc=r9MrtYIk0WYQ7kNvwEj5rdB&_nc_gid=_6L2B5_bhAIsIWI3EFNKAA&edm=AOQ1c0wBAAAA&ccb=7-5&oh=00_AfJrxKf_U4jrtUujzkrwG2w7HJQOd7KmxaTT9CI0tDDAEA&oe=683631B4&_nc_sid=8b3546
2025-05-23 06:48:52,000 - instagram_scraper - INFO - download_media:145 - Successfully downloaded media/9198584778_3628780091075088552.jpg (17951 bytes)
2025-05-23 06:48:52,001 - instagram_scraper - INFO - scrape_user_posts:244 - Downloaded image: media/9198584778_3628780091075088552.jpg
2025-05-23 06:48:52,003 - instagram_scraper - DEBUG - export_data:179 - Appended data to: data/instadata.csv
2025-05-23 06:48:52,003 - instagram_scraper - INFO - scrape_user_posts:283 - Successfully processed post 3628780091075088552
2025-05-23 06:48:52,003 - instagram_scraper - INFO - scrape_user_posts:225 - Processing post 7/12 for user sanimax.nl
2025-05-23 06:48:52,003 - instagram_scraper - INFO - download_media:132 - Downloading media: media/9198584778_3628070059614371277.jpg
2025-05-23 06:48:52,003 - instagram_scraper - DEBUG - send_request:84 - Sending request to: https://scontent-ams4-1.cdninstagram.com/v/t51.2885-15/495792127_18247366405304779_7986796787501071200_n.jpg?stp=dst-jpg_e35_p1080x1080_sh0.08_tt6&_nc_ht=scontent-ams4-1.cdninstagram.com&_nc_cat=107&_nc_oc=Q6cZ2QH0tSzGqVRee6dAqf3MN2-EEtIfsbTe2QvC1TmRxMItdkMahbK2DRgM-D7d68A328U&_nc_ohc=VcbZFROzUxYQ7kNvwGfap3J&_nc_gid=_6L2B5_bhAIsIWI3EFNKAA&edm=AOQ1c0wBAAAA&ccb=7-5&oh=00_AfLtWAbwAK5S2M_KoEa0xCLtzKVtQH-9hu4Q9VFxd5F5Dw&oe=68360E10&_nc_sid=8b3546
2025-05-23 06:48:52,699 - instagram_scraper - DEBUG - send_request:105 - Response: 200 for https://scontent-ams4-1.cdninstagram.com/v/t51.2885-15/495792127_18247366405304779_7986796787501071200_n.jpg?stp=dst-jpg_e35_p1080x1080_sh0.08_tt6&_nc_ht=scontent-ams4-1.cdninstagram.com&_nc_cat=107&_nc_oc=Q6cZ2QH0tSzGqVRee6dAqf3MN2-EEtIfsbTe2QvC1TmRxMItdkMahbK2DRgM-D7d68A328U&_nc_ohc=VcbZFROzUxYQ7kNvwGfap3J&_nc_gid=_6L2B5_bhAIsIWI3EFNKAA&edm=AOQ1c0wBAAAA&ccb=7-5&oh=00_AfLtWAbwAK5S2M_KoEa0xCLtzKVtQH-9hu4Q9VFxd5F5Dw&oe=68360E10&_nc_sid=8b3546
2025-05-23 06:48:52,699 - instagram_scraper - INFO - send_request:108 - Successfully fetched: https://scontent-ams4-1.cdninstagram.com/v/t51.2885-15/495792127_18247366405304779_7986796787501071200_n.jpg?stp=dst-jpg_e35_p1080x1080_sh0.08_tt6&_nc_ht=scontent-ams4-1.cdninstagram.com&_nc_cat=107&_nc_oc=Q6cZ2QH0tSzGqVRee6dAqf3MN2-EEtIfsbTe2QvC1TmRxMItdkMahbK2DRgM-D7d68A328U&_nc_ohc=VcbZFROzUxYQ7kNvwGfap3J&_nc_gid=_6L2B5_bhAIsIWI3EFNKAA&edm=AOQ1c0wBAAAA&ccb=7-5&oh=00_AfLtWAbwAK5S2M_KoEa0xCLtzKVtQH-9hu4Q9VFxd5F5Dw&oe=68360E10&_nc_sid=8b3546
2025-05-23 06:48:52,997 - instagram_scraper - INFO - download_media:145 - Successfully downloaded media/9198584778_3628070059614371277.jpg (86987 bytes)
2025-05-23 06:48:52,998 - instagram_scraper - INFO - scrape_user_posts:244 - Downloaded image: media/9198584778_3628070059614371277.jpg
2025-05-23 06:48:53,001 - instagram_scraper - DEBUG - export_data:179 - Appended data to: data/instadata.csv
2025-05-23 06:48:53,001 - instagram_scraper - INFO - scrape_user_posts:283 - Successfully processed post 3628070059614371277
2025-05-23 06:48:53,001 - instagram_scraper - INFO - scrape_user_posts:225 - Processing post 8/12 for user sanimax.nl
2025-05-23 06:48:53,001 - instagram_scraper - INFO - download_media:132 - Downloading media: media/9198584778_3627259324231465525.jpg
2025-05-23 06:48:53,001 - instagram_scraper - DEBUG - send_request:84 - Sending request to: https://scontent-ams4-1.cdninstagram.com/v/t51.2885-15/495728739_18247252891304779_7252786130906399794_n.jpg?stp=dst-jpg_e35_p1080x1080_sh0.08_tt6&_nc_ht=scontent-ams4-1.cdninstagram.com&_nc_cat=107&_nc_oc=Q6cZ2QH0tSzGqVRee6dAqf3MN2-EEtIfsbTe2QvC1TmRxMItdkMahbK2DRgM-D7d68A328U&_nc_ohc=CAbLqJ4rSv4Q7kNvwHaQSBV&_nc_gid=_6L2B5_bhAIsIWI3EFNKAA&edm=AOQ1c0wBAAAA&ccb=7-5&oh=00_AfLWkDmwXBByxA5af2FPIB960Nydisx0sbYPyzwHwPpewA&oe=683635D7&_nc_sid=8b3546
2025-05-23 06:48:53,635 - instagram_scraper - DEBUG - send_request:105 - Response: 200 for https://scontent-ams4-1.cdninstagram.com/v/t51.2885-15/495728739_18247252891304779_7252786130906399794_n.jpg?stp=dst-jpg_e35_p1080x1080_sh0.08_tt6&_nc_ht=scontent-ams4-1.cdninstagram.com&_nc_cat=107&_nc_oc=Q6cZ2QH0tSzGqVRee6dAqf3MN2-EEtIfsbTe2QvC1TmRxMItdkMahbK2DRgM-D7d68A328U&_nc_ohc=CAbLqJ4rSv4Q7kNvwHaQSBV&_nc_gid=_6L2B5_bhAIsIWI3EFNKAA&edm=AOQ1c0wBAAAA&ccb=7-5&oh=00_AfLWkDmwXBByxA5af2FPIB960Nydisx0sbYPyzwHwPpewA&oe=683635D7&_nc_sid=8b3546
2025-05-23 06:48:53,635 - instagram_scraper - INFO - send_request:108 - Successfully fetched: https://scontent-ams4-1.cdninstagram.com/v/t51.2885-15/495728739_18247252891304779_7252786130906399794_n.jpg?stp=dst-jpg_e35_p1080x1080_sh0.08_tt6&_nc_ht=scontent-ams4-1.cdninstagram.com&_nc_cat=107&_nc_oc=Q6cZ2QH0tSzGqVRee6dAqf3MN2-EEtIfsbTe2QvC1TmRxMItdkMahbK2DRgM-D7d68A328U&_nc_ohc=CAbLqJ4rSv4Q7kNvwHaQSBV&_nc_gid=_6L2B5_bhAIsIWI3EFNKAA&edm=AOQ1c0wBAAAA&ccb=7-5&oh=00_AfLWkDmwXBByxA5af2FPIB960Nydisx0sbYPyzwHwPpewA&oe=683635D7&_nc_sid=8b3546
2025-05-23 06:48:54,058 - instagram_scraper - INFO - download_media:145 - Successfully downloaded media/9198584778_3627259324231465525.jpg (175218 bytes)
2025-05-23 06:48:54,059 - instagram_scraper - INFO - scrape_user_posts:244 - Downloaded image: media/9198584778_3627259324231465525.jpg
2025-05-23 06:48:54,061 - instagram_scraper - DEBUG - export_data:179 - Appended data to: data/instadata.csv
2025-05-23 06:48:54,061 - instagram_scraper - INFO - scrape_user_posts:283 - Successfully processed post 3627259324231465525
2025-05-23 06:48:54,061 - instagram_scraper - INFO - scrape_user_posts:225 - Processing post 9/12 for user sanimax.nl
2025-05-23 06:48:54,061 - instagram_scraper - INFO - download_media:132 - Downloading media: media/9198584778_3626426227462101752.jpg
2025-05-23 06:48:54,061 - instagram_scraper - DEBUG - send_request:84 - Sending request to: https://scontent-ams4-1.cdninstagram.com/v/t51.2885-15/495447109_18247134925304779_6968031764430483290_n.jpg?stp=dst-jpg_e35_p1080x1080_sh0.08_tt6&_nc_ht=scontent-ams4-1.cdninstagram.com&_nc_cat=107&_nc_oc=Q6cZ2QH0tSzGqVRee6dAqf3MN2-EEtIfsbTe2QvC1TmRxMItdkMahbK2DRgM-D7d68A328U&_nc_ohc=Eg-2wJRGzTsQ7kNvwE32_QA&_nc_gid=_6L2B5_bhAIsIWI3EFNKAA&edm=AOQ1c0wBAAAA&ccb=7-5&oh=00_AfI48ygp1y7Ece_5xpp2dETPGcA9DATbO2X150NLWuuVfQ&oe=68363CD8&_nc_sid=8b3546
2025-05-23 06:48:55,316 - instagram_scraper - DEBUG - send_request:105 - Response: 200 for https://scontent-ams4-1.cdninstagram.com/v/t51.2885-15/495447109_18247134925304779_6968031764430483290_n.jpg?stp=dst-jpg_e35_p1080x1080_sh0.08_tt6&_nc_ht=scontent-ams4-1.cdninstagram.com&_nc_cat=107&_nc_oc=Q6cZ2QH0tSzGqVRee6dAqf3MN2-EEtIfsbTe2QvC1TmRxMItdkMahbK2DRgM-D7d68A328U&_nc_ohc=Eg-2wJRGzTsQ7kNvwE32_QA&_nc_gid=_6L2B5_bhAIsIWI3EFNKAA&edm=AOQ1c0wBAAAA&ccb=7-5&oh=00_AfI48ygp1y7Ece_5xpp2dETPGcA9DATbO2X150NLWuuVfQ&oe=68363CD8&_nc_sid=8b3546
2025-05-23 06:48:55,316 - instagram_scraper - INFO - send_request:108 - Successfully fetched: https://scontent-ams4-1.cdninstagram.com/v/t51.2885-15/495447109_18247134925304779_6968031764430483290_n.jpg?stp=dst-jpg_e35_p1080x1080_sh0.08_tt6&_nc_ht=scontent-ams4-1.cdninstagram.com&_nc_cat=107&_nc_oc=Q6cZ2QH0tSzGqVRee6dAqf3MN2-EEtIfsbTe2QvC1TmRxMItdkMahbK2DRgM-D7d68A328U&_nc_ohc=Eg-2wJRGzTsQ7kNvwE32_QA&_nc_gid=_6L2B5_bhAIsIWI3EFNKAA&edm=AOQ1c0wBAAAA&ccb=7-5&oh=00_AfI48ygp1y7Ece_5xpp2dETPGcA9DATbO2X150NLWuuVfQ&oe=68363CD8&_nc_sid=8b3546
2025-05-23 06:48:55,670 - instagram_scraper - INFO - download_media:145 - Successfully downloaded media/9198584778_3626426227462101752.jpg (93571 bytes)
2025-05-23 06:48:55,671 - instagram_scraper - INFO - scrape_user_posts:244 - Downloaded image: media/9198584778_3626426227462101752.jpg
2025-05-23 06:48:55,672 - instagram_scraper - DEBUG - export_data:179 - Appended data to: data/instadata.csv
2025-05-23 06:48:55,672 - instagram_scraper - INFO - scrape_user_posts:283 - Successfully processed post 3626426227462101752
2025-05-23 06:48:55,672 - instagram_scraper - INFO - scrape_user_posts:225 - Processing post 10/12 for user sanimax.nl
2025-05-23 06:48:55,672 - instagram_scraper - INFO - download_media:132 - Downloading media: media/9198584778_3622972792546334942.jpg
2025-05-23 06:48:55,672 - instagram_scraper - DEBUG - send_request:84 - Sending request to: https://scontent-ams4-1.cdninstagram.com/v/t51.2885-15/494786836_18246644608304779_7400756902429355735_n.jpg?stp=dst-jpg_e35_p1080x1080_sh0.08_tt6&_nc_ht=scontent-ams4-1.cdninstagram.com&_nc_cat=107&_nc_oc=Q6cZ2QH0tSzGqVRee6dAqf3MN2-EEtIfsbTe2QvC1TmRxMItdkMahbK2DRgM-D7d68A328U&_nc_ohc=yBk0pvLtJ4YQ7kNvwGkW2E7&_nc_gid=_6L2B5_bhAIsIWI3EFNKAA&edm=AOQ1c0wBAAAA&ccb=7-5&oh=00_AfJrMMnrR4IZ9pjWfvlyE3tnQIsPVYqgoBgJWMACDixc_g&oe=68360EEF&_nc_sid=8b3546
2025-05-23 06:48:57,354 - instagram_scraper - DEBUG - send_request:105 - Response: 200 for https://scontent-ams4-1.cdninstagram.com/v/t51.2885-15/494786836_18246644608304779_7400756902429355735_n.jpg?stp=dst-jpg_e35_p1080x1080_sh0.08_tt6&_nc_ht=scontent-ams4-1.cdninstagram.com&_nc_cat=107&_nc_oc=Q6cZ2QH0tSzGqVRee6dAqf3MN2-EEtIfsbTe2QvC1TmRxMItdkMahbK2DRgM-D7d68A328U&_nc_ohc=yBk0pvLtJ4YQ7kNvwGkW2E7&_nc_gid=_6L2B5_bhAIsIWI3EFNKAA&edm=AOQ1c0wBAAAA&ccb=7-5&oh=00_AfJrMMnrR4IZ9pjWfvlyE3tnQIsPVYqgoBgJWMACDixc_g&oe=68360EEF&_nc_sid=8b3546
2025-05-23 06:48:57,354 - instagram_scraper - INFO - send_request:108 - Successfully fetched: https://scontent-ams4-1.cdninstagram.com/v/t51.2885-15/494786836_18246644608304779_7400756902429355735_n.jpg?stp=dst-jpg_e35_p1080x1080_sh0.08_tt6&_nc_ht=scontent-ams4-1.cdninstagram.com&_nc_cat=107&_nc_oc=Q6cZ2QH0tSzGqVRee6dAqf3MN2-EEtIfsbTe2QvC1TmRxMItdkMahbK2DRgM-D7d68A328U&_nc_ohc=yBk0pvLtJ4YQ7kNvwGkW2E7&_nc_gid=_6L2B5_bhAIsIWI3EFNKAA&edm=AOQ1c0wBAAAA&ccb=7-5&oh=00_AfJrMMnrR4IZ9pjWfvlyE3tnQIsPVYqgoBgJWMACDixc_g&oe=68360EEF&_nc_sid=8b3546
2025-05-23 06:48:57,640 - instagram_scraper - INFO - download_media:145 - Successfully downloaded media/9198584778_3622972792546334942.jpg (95080 bytes)
2025-05-23 06:48:57,641 - instagram_scraper - INFO - scrape_user_posts:244 - Downloaded image: media/9198584778_3622972792546334942.jpg
2025-05-23 06:48:57,642 - instagram_scraper - DEBUG - export_data:179 - Appended data to: data/instadata.csv
2025-05-23 06:48:57,642 - instagram_scraper - INFO - scrape_user_posts:283 - Successfully processed post 3622972792546334942
2025-05-23 06:48:57,642 - instagram_scraper - INFO - scrape_user_posts:225 - Processing post 11/12 for user sanimax.nl
2025-05-23 06:48:57,642 - instagram_scraper - INFO - download_media:132 - Downloading media: media/9198584778_3617858463466064677.jpg
2025-05-23 06:48:57,642 - instagram_scraper - DEBUG - send_request:84 - Sending request to: https://scontent-ams4-1.cdninstagram.com/v/t51.2885-15/491441011_18245938750304779_3688747434376367153_n.jpg?stp=dst-jpg_e35_s1080x1080_sh0.08_tt6&_nc_ht=scontent-ams4-1.cdninstagram.com&_nc_cat=107&_nc_oc=Q6cZ2QH0tSzGqVRee6dAqf3MN2-EEtIfsbTe2QvC1TmRxMItdkMahbK2DRgM-D7d68A328U&_nc_ohc=E1WOtOkio18Q7kNvwHmlrtU&_nc_gid=_6L2B5_bhAIsIWI3EFNKAA&edm=AOQ1c0wBAAAA&ccb=7-5&oh=00_AfIggwvE45_177zjv8-tpamhHMJNE15EBrz3Ov0W5dXTLQ&oe=68363CD9&_nc_sid=8b3546
2025-05-23 06:48:58,336 - instagram_scraper - DEBUG - send_request:105 - Response: 200 for https://scontent-ams4-1.cdninstagram.com/v/t51.2885-15/491441011_18245938750304779_3688747434376367153_n.jpg?stp=dst-jpg_e35_s1080x1080_sh0.08_tt6&_nc_ht=scontent-ams4-1.cdninstagram.com&_nc_cat=107&_nc_oc=Q6cZ2QH0tSzGqVRee6dAqf3MN2-EEtIfsbTe2QvC1TmRxMItdkMahbK2DRgM-D7d68A328U&_nc_ohc=E1WOtOkio18Q7kNvwHmlrtU&_nc_gid=_6L2B5_bhAIsIWI3EFNKAA&edm=AOQ1c0wBAAAA&ccb=7-5&oh=00_AfIggwvE45_177zjv8-tpamhHMJNE15EBrz3Ov0W5dXTLQ&oe=68363CD9&_nc_sid=8b3546
2025-05-23 06:48:58,336 - instagram_scraper - INFO - send_request:108 - Successfully fetched: https://scontent-ams4-1.cdninstagram.com/v/t51.2885-15/491441011_18245938750304779_3688747434376367153_n.jpg?stp=dst-jpg_e35_s1080x1080_sh0.08_tt6&_nc_ht=scontent-ams4-1.cdninstagram.com&_nc_cat=107&_nc_oc=Q6cZ2QH0tSzGqVRee6dAqf3MN2-EEtIfsbTe2QvC1TmRxMItdkMahbK2DRgM-D7d68A328U&_nc_ohc=E1WOtOkio18Q7kNvwHmlrtU&_nc_gid=_6L2B5_bhAIsIWI3EFNKAA&edm=AOQ1c0wBAAAA&ccb=7-5&oh=00_AfIggwvE45_177zjv8-tpamhHMJNE15EBrz3Ov0W5dXTLQ&oe=68363CD9&_nc_sid=8b3546
2025-05-23 06:48:58,639 - instagram_scraper - INFO - download_media:145 - Successfully downloaded media/9198584778_3617858463466064677.jpg (100054 bytes)
2025-05-23 06:48:58,640 - instagram_scraper - INFO - scrape_user_posts:244 - Downloaded image: media/9198584778_3617858463466064677.jpg
2025-05-23 06:48:58,641 - instagram_scraper - DEBUG - export_data:179 - Appended data to: data/instadata.csv
2025-05-23 06:48:58,641 - instagram_scraper - INFO - scrape_user_posts:283 - Successfully processed post 3617858463466064677
2025-05-23 06:48:58,641 - instagram_scraper - INFO - scrape_user_posts:225 - Processing post 12/12 for user sanimax.nl
2025-05-23 06:48:58,641 - instagram_scraper - INFO - download_media:132 - Downloading media: media/9198584778_3615627810267802539.jpg
2025-05-23 06:48:58,641 - instagram_scraper - DEBUG - send_request:84 - Sending request to: https://scontent-ams4-1.cdninstagram.com/v/t51.2885-15/491461656_18245638933304779_5189477284744878977_n.jpg?stp=dst-jpg_e35_s1080x1080_sh0.08_tt6&_nc_ht=scontent-ams4-1.cdninstagram.com&_nc_cat=107&_nc_oc=Q6cZ2QH0tSzGqVRee6dAqf3MN2-EEtIfsbTe2QvC1TmRxMItdkMahbK2DRgM-D7d68A328U&_nc_ohc=JP0qCxNQc54Q7kNvwEGDCHw&_nc_gid=_6L2B5_bhAIsIWI3EFNKAA&edm=AOQ1c0wBAAAA&ccb=7-5&oh=00_AfKRelSwkoCqX8HUGCH3FC1ITviG8zGwO3733zPd4Ng7Gw&oe=68363308&_nc_sid=8b3546
2025-05-23 06:49:00,240 - instagram_scraper - DEBUG - send_request:105 - Response: 200 for https://scontent-ams4-1.cdninstagram.com/v/t51.2885-15/491461656_18245638933304779_5189477284744878977_n.jpg?stp=dst-jpg_e35_s1080x1080_sh0.08_tt6&_nc_ht=scontent-ams4-1.cdninstagram.com&_nc_cat=107&_nc_oc=Q6cZ2QH0tSzGqVRee6dAqf3MN2-EEtIfsbTe2QvC1TmRxMItdkMahbK2DRgM-D7d68A328U&_nc_ohc=JP0qCxNQc54Q7kNvwEGDCHw&_nc_gid=_6L2B5_bhAIsIWI3EFNKAA&edm=AOQ1c0wBAAAA&ccb=7-5&oh=00_AfKRelSwkoCqX8HUGCH3FC1ITviG8zGwO3733zPd4Ng7Gw&oe=68363308&_nc_sid=8b3546
2025-05-23 06:49:00,240 - instagram_scraper - INFO - send_request:108 - Successfully fetched: https://scontent-ams4-1.cdninstagram.com/v/t51.2885-15/491461656_18245638933304779_5189477284744878977_n.jpg?stp=dst-jpg_e35_s1080x1080_sh0.08_tt6&_nc_ht=scontent-ams4-1.cdninstagram.com&_nc_cat=107&_nc_oc=Q6cZ2QH0tSzGqVRee6dAqf3MN2-EEtIfsbTe2QvC1TmRxMItdkMahbK2DRgM-D7d68A328U&_nc_ohc=JP0qCxNQc54Q7kNvwEGDCHw&_nc_gid=_6L2B5_bhAIsIWI3EFNKAA&edm=AOQ1c0wBAAAA&ccb=7-5&oh=00_AfKRelSwkoCqX8HUGCH3FC1ITviG8zGwO3733zPd4Ng7Gw&oe=68363308&_nc_sid=8b3546
2025-05-23 06:49:00,579 - instagram_scraper - INFO - download_media:145 - Successfully downloaded media/9198584778_3615627810267802539.jpg (115500 bytes)
2025-05-23 06:49:00,579 - instagram_scraper - INFO - scrape_user_posts:244 - Downloaded image: media/9198584778_3615627810267802539.jpg
2025-05-23 06:49:00,581 - instagram_scraper - DEBUG - export_data:179 - Appended data to: data/instadata.csv
2025-05-23 06:49:00,581 - instagram_scraper - INFO - scrape_user_posts:283 - Successfully processed post 3615627810267802539
2025-05-23 06:49:00,581 - instagram_scraper - INFO - scrape_user_posts:292 - Completed scraping user sanimax.nl: 12/12 posts processed successfully
2025-05-23 06:49:00,581 - instagram_scraper - INFO - main:326 - Scraping session completed: 1/1 users processed successfully
2025-05-23 06:49:00,581 - instagram_scraper - INFO - main:330 - User sanimax.nl: SUCCESS
